{"/Users/netispysolutions003/Jitendra/Jitendra/nextjs_my_boiler/server/api/articles.ts": {"path":"/Users/netispysolutions003/Jitendra/Jitendra/nextjs_my_boiler/server/api/articles.ts","statementMap":{"0":{"start":{"line":4,"column":27},"end":{"line":5,"column":23}},"1":{"start":{"line":5,"column":2},"end":{"line":5,"column":23}}},"fnMap":{"0":{"name":"(anonymous_0)","decl":{"start":{"line":4,"column":27},"end":{"line":4,"column":28}},"loc":{"start":{"line":5,"column":2},"end":{"line":5,"column":23}},"line":5}},"branchMap":{},"s":{"0":0,"1":0},"f":{"0":0},"b":{}}
,"/Users/netispysolutions003/Jitendra/Jitendra/nextjs_my_boiler/server/api/user.ts": {"path":"/Users/netispysolutions003/Jitendra/Jitendra/nextjs_my_boiler/server/api/user.ts","statementMap":{"0":{"start":{"line":4,"column":29},"end":{"line":5,"column":29}},"1":{"start":{"line":5,"column":2},"end":{"line":5,"column":29}}},"fnMap":{"0":{"name":"(anonymous_0)","decl":{"start":{"line":4,"column":29},"end":{"line":4,"column":30}},"loc":{"start":{"line":5,"column":2},"end":{"line":5,"column":29}},"line":5}},"branchMap":{},"s":{"0":0,"1":0},"f":{"0":0},"b":{}}
,"/Users/netispysolutions003/Jitendra/Jitendra/nextjs_my_boiler/src/api/index.ts": {"path":"/Users/netispysolutions003/Jitendra/Jitendra/nextjs_my_boiler/src/api/index.ts","statementMap":{"0":{"start":{"line":2,"column":12},"end":{"line":93,"column":2}}},"fnMap":{},"branchMap":{},"s":{"0":0},"f":{},"b":{}}
,"/Users/netispysolutions003/Jitendra/Jitendra/nextjs_my_boiler/src/components/Error/index.tsx": {"path":"/Users/netispysolutions003/Jitendra/Jitendra/nextjs_my_boiler/src/components/Error/index.tsx","statementMap":{"0":{"start":{"line":7,"column":21},"end":{"line":11,"column":1}},"1":{"start":{"line":13,"column":23},"end":{"line":19,"column":1}},"2":{"start":{"line":21,"column":19},"end":{"line":26,"column":1}},"3":{"start":{"line":28,"column":16},"end":{"line":30,"column":1}},"4":{"start":{"line":37,"column":25},"end":{"line":51,"column":1}},"5":{"start":{"line":38,"column":16},"end":{"line":38,"column":32}},"6":{"start":{"line":39,"column":2},"end":{"line":50,"column":3}}},"fnMap":{"0":{"name":"(anonymous_0)","decl":{"start":{"line":37,"column":25},"end":{"line":37,"column":26}},"loc":{"start":{"line":37,"column":54},"end":{"line":51,"column":1}},"line":37}},"branchMap":{},"s":{"0":0,"1":0,"2":0,"3":0,"4":0,"5":0,"6":0},"f":{"0":0},"b":{}}
,"/Users/netispysolutions003/Jitendra/Jitendra/nextjs_my_boiler/src/components/Layout/index.tsx": {"path":"/Users/netispysolutions003/Jitendra/Jitendra/nextjs_my_boiler/src/components/Layout/index.tsx","statementMap":{"0":{"start":{"line":7,"column":20},"end":{"line":9,"column":1}},"1":{"start":{"line":12,"column":18},"end":{"line":37,"column":1}},"2":{"start":{"line":39,"column":19},"end":{"line":45,"column":1}},"3":{"start":{"line":40,"column":2},"end":{"line":44,"column":5}}},"fnMap":{"0":{"name":"(anonymous_0)","decl":{"start":{"line":39,"column":19},"end":{"line":39,"column":20}},"loc":{"start":{"line":40,"column":2},"end":{"line":44,"column":5}},"line":40}},"branchMap":{},"s":{"0":0,"1":0,"2":0,"3":0},"f":{"0":0},"b":{}}
,"/Users/netispysolutions003/Jitendra/Jitendra/nextjs_my_boiler/src/components/Link/index.tsx": {"path":"/Users/netispysolutions003/Jitendra/Jitendra/nextjs_my_boiler/src/components/Link/index.tsx","statementMap":{"0":{"start":{"line":14,"column":28},"end":{"line":53,"column":1}},"1":{"start":{"line":23,"column":23},"end":{"line":23,"column":42}},"2":{"start":{"line":24,"column":21},"end":{"line":24,"column":41}},"3":{"start":{"line":25,"column":14},"end":{"line":25,"column":62}},"4":{"start":{"line":27,"column":22},"end":{"line":31,"column":3}},"5":{"start":{"line":28,"column":4},"end":{"line":30,"column":5}},"6":{"start":{"line":29,"column":6},"end":{"line":29,"column":16}},"7":{"start":{"line":33,"column":2},"end":{"line":46,"column":3}},"8":{"start":{"line":34,"column":4},"end":{"line":45,"column":5}},"9":{"start":{"line":48,"column":2},"end":{"line":52,"column":3}}},"fnMap":{"0":{"name":"(anonymous_0)","decl":{"start":{"line":14,"column":28},"end":{"line":14,"column":29}},"loc":{"start":{"line":22,"column":6},"end":{"line":53,"column":1}},"line":22},"1":{"name":"(anonymous_1)","decl":{"start":{"line":27,"column":22},"end":{"line":27,"column":23}},"loc":{"start":{"line":27,"column":41},"end":{"line":31,"column":3}},"line":27}},"branchMap":{"0":{"loc":{"start":{"line":25,"column":14},"end":{"line":25,"column":62}},"type":"cond-expr","locations":[{"start":{"line":25,"column":29},"end":{"line":25,"column":50}},{"start":{"line":25,"column":53},"end":{"line":25,"column":62}}],"line":25},"1":{"loc":{"start":{"line":28,"column":4},"end":{"line":30,"column":5}},"type":"if","locations":[{"start":{"line":28,"column":4},"end":{"line":30,"column":5}},{"start":{"line":28,"column":4},"end":{"line":30,"column":5}}],"line":28},"2":{"loc":{"start":{"line":33,"column":2},"end":{"line":46,"column":3}},"type":"if","locations":[{"start":{"line":33,"column":2},"end":{"line":46,"column":3}},{"start":{"line":33,"column":2},"end":{"line":46,"column":3}}],"line":33},"3":{"loc":{"start":{"line":33,"column":6},"end":{"line":33,"column":32}},"type":"binary-expr","locations":[{"start":{"line":33,"column":6},"end":{"line":33,"column":16}},{"start":{"line":33,"column":20},"end":{"line":33,"column":32}}],"line":33}},"s":{"0":0,"1":0,"2":0,"3":0,"4":0,"5":0,"6":0,"7":0,"8":0,"9":0},"f":{"0":0,"1":0},"b":{"0":[0,0],"1":[0,0],"2":[0,0],"3":[0,0]}}
,"/Users/netispysolutions003/Jitendra/Jitendra/nextjs_my_boiler/src/components/avatar/index.tsx": {"path":"/Users/netispysolutions003/Jitendra/Jitendra/nextjs_my_boiler/src/components/avatar/index.tsx","statementMap":{"0":{"start":{"line":6,"column":2},"end":{"line":6,"column":13}},"1":{"start":{"line":9,"column":38},"end":{"line":11,"column":1}},"2":{"start":{"line":10,"column":2},"end":{"line":10,"column":61}}},"fnMap":{"0":{"name":"handleError","decl":{"start":{"line":5,"column":9},"end":{"line":5,"column":20}},"loc":{"start":{"line":5,"column":23},"end":{"line":7,"column":1}},"line":5},"1":{"name":"(anonymous_1)","decl":{"start":{"line":9,"column":38},"end":{"line":9,"column":39}},"loc":{"start":{"line":9,"column":47},"end":{"line":11,"column":1}},"line":9}},"branchMap":{},"s":{"0":0,"1":0,"2":0},"f":{"0":0,"1":0},"b":{}}
,"/Users/netispysolutions003/Jitendra/Jitendra/nextjs_my_boiler/src/components/common/Title.tsx": {"path":"/Users/netispysolutions003/Jitendra/Jitendra/nextjs_my_boiler/src/components/common/Title.tsx","statementMap":{"0":{"start":{"line":3,"column":14},"end":{"line":7,"column":1}}},"fnMap":{},"branchMap":{},"s":{"0":0},"f":{},"b":{}}
,"/Users/netispysolutions003/Jitendra/Jitendra/nextjs_my_boiler/src/components/common/index.tsx": {"path":"/Users/netispysolutions003/Jitendra/Jitendra/nextjs_my_boiler/src/components/common/index.tsx","statementMap":{},"fnMap":{},"branchMap":{},"s":{},"f":{},"b":{}}
,"/Users/netispysolutions003/Jitendra/Jitendra/nextjs_my_boiler/src/components/exception/index.tsx": {"path":"/Users/netispysolutions003/Jitendra/Jitendra/nextjs_my_boiler/src/components/exception/index.tsx","statementMap":{"0":{"start":{"line":12,"column":18},"end":{"line":25,"column":1}},"1":{"start":{"line":27,"column":55},"end":{"line":44,"column":1}},"2":{"start":{"line":28,"column":2},"end":{"line":43,"column":3}}},"fnMap":{"0":{"name":"(anonymous_0)","decl":{"start":{"line":27,"column":55},"end":{"line":27,"column":56}},"loc":{"start":{"line":27,"column":94},"end":{"line":44,"column":1}},"line":27}},"branchMap":{"0":{"loc":{"start":{"line":27,"column":76},"end":{"line":27,"column":90}},"type":"default-arg","locations":[{"start":{"line":27,"column":85},"end":{"line":27,"column":90}}],"line":27}},"s":{"0":0,"1":0,"2":0},"f":{"0":0},"b":{"0":[0]}}
,"/Users/netispysolutions003/Jitendra/Jitendra/nextjs_my_boiler/src/components/footer/index.tsx": {"path":"/Users/netispysolutions003/Jitendra/Jitendra/nextjs_my_boiler/src/components/footer/index.tsx","statementMap":{"0":{"start":{"line":6,"column":19},"end":{"line":6,"column":25}},"1":{"start":{"line":8,"column":19},"end":{"line":28,"column":1}},"2":{"start":{"line":9,"column":2},"end":{"line":27,"column":3}}},"fnMap":{"0":{"name":"(anonymous_0)","decl":{"start":{"line":8,"column":19},"end":{"line":8,"column":20}},"loc":{"start":{"line":8,"column":25},"end":{"line":28,"column":1}},"line":8}},"branchMap":{},"s":{"0":0,"1":0,"2":0},"f":{"0":0},"b":{}}
,"/Users/netispysolutions003/Jitendra/Jitendra/nextjs_my_boiler/src/components/header/index.tsx": {"path":"/Users/netispysolutions003/Jitendra/Jitendra/nextjs_my_boiler/src/components/header/index.tsx","statementMap":{"0":{"start":{"line":26,"column":19},"end":{"line":26,"column":25}},"1":{"start":{"line":27,"column":20},"end":{"line":31,"column":1}},"2":{"start":{"line":36,"column":2},"end":{"line":46,"column":8}},"3":{"start":{"line":38,"column":6},"end":{"line":40,"column":13}},"4":{"start":{"line":49,"column":36},"end":{"line":152,"column":1}},"5":{"start":{"line":50,"column":40},"end":{"line":50,"column":52}},"6":{"start":{"line":51,"column":40},"end":{"line":51,"column":51}},"7":{"start":{"line":52,"column":42},"end":{"line":52,"column":57}},"8":{"start":{"line":54,"column":2},"end":{"line":69,"column":8}},"9":{"start":{"line":55,"column":4},"end":{"line":68,"column":6}},"10":{"start":{"line":56,"column":6},"end":{"line":67,"column":7}},"11":{"start":{"line":57,"column":20},"end":{"line":57,"column":21}},"12":{"start":{"line":58,"column":21},"end":{"line":64,"column":10}},"13":{"start":{"line":59,"column":10},"end":{"line":59,"column":76}},"14":{"start":{"line":60,"column":10},"end":{"line":62,"column":11}},"15":{"start":{"line":61,"column":12},"end":{"line":61,"column":19}},"16":{"start":{"line":63,"column":10},"end":{"line":63,"column":21}},"17":{"start":{"line":65,"column":8},"end":{"line":65,"column":29}},"18":{"start":{"line":66,"column":8},"end":{"line":66,"column":28}},"19":{"start":{"line":71,"column":25},"end":{"line":98,"column":3}},"20":{"start":{"line":73,"column":6},"end":{"line":95,"column":12}},"21":{"start":{"line":83,"column":14},"end":{"line":86,"column":20}},"22":{"start":{"line":101,"column":4},"end":{"line":104,"column":6}},"23":{"start":{"line":102,"column":6},"end":{"line":102,"column":52}},"24":{"start":{"line":103,"column":6},"end":{"line":103,"column":26}},"25":{"start":{"line":107,"column":2},"end":{"line":151,"column":3}},"26":{"start":{"line":154,"column":24},"end":{"line":156,"column":1}},"27":{"start":{"line":155,"column":2},"end":{"line":155,"column":36}}},"fnMap":{"0":{"name":"(anonymous_0)","decl":{"start":{"line":37,"column":21},"end":{"line":37,"column":22}},"loc":{"start":{"line":38,"column":6},"end":{"line":40,"column":13}},"line":38},"1":{"name":"(anonymous_1)","decl":{"start":{"line":49,"column":36},"end":{"line":49,"column":37}},"loc":{"start":{"line":49,"column":85},"end":{"line":152,"column":1}},"line":49},"2":{"name":"(anonymous_2)","decl":{"start":{"line":54,"column":12},"end":{"line":54,"column":13}},"loc":{"start":{"line":54,"column":18},"end":{"line":69,"column":3}},"line":54},"3":{"name":"(anonymous_3)","decl":{"start":{"line":55,"column":49},"end":{"line":55,"column":50}},"loc":{"start":{"line":55,"column":56},"end":{"line":68,"column":5}},"line":55},"4":{"name":"(anonymous_4)","decl":{"start":{"line":58,"column":44},"end":{"line":58,"column":45}},"loc":{"start":{"line":58,"column":59},"end":{"line":64,"column":9}},"line":58},"5":{"name":"(anonymous_5)","decl":{"start":{"line":72,"column":4},"end":{"line":72,"column":5}},"loc":{"start":{"line":73,"column":6},"end":{"line":95,"column":12}},"line":73},"6":{"name":"(anonymous_6)","decl":{"start":{"line":82,"column":29},"end":{"line":82,"column":30}},"loc":{"start":{"line":83,"column":14},"end":{"line":86,"column":20}},"line":83},"7":{"name":"handleFullscreen","decl":{"start":{"line":100,"column":11},"end":{"line":100,"column":27}},"loc":{"start":{"line":100,"column":30},"end":{"line":105,"column":3}},"line":100},"8":{"name":"(anonymous_8)","decl":{"start":{"line":101,"column":20},"end":{"line":101,"column":21}},"loc":{"start":{"line":101,"column":36},"end":{"line":104,"column":5}},"line":101},"9":{"name":"(anonymous_9)","decl":{"start":{"line":154,"column":24},"end":{"line":154,"column":25}},"loc":{"start":{"line":154,"column":50},"end":{"line":156,"column":1}},"line":154}},"branchMap":{"0":{"loc":{"start":{"line":56,"column":6},"end":{"line":67,"column":7}},"type":"if","locations":[{"start":{"line":56,"column":6},"end":{"line":67,"column":7}},{"start":{"line":56,"column":6},"end":{"line":67,"column":7}}],"line":56},"1":{"loc":{"start":{"line":60,"column":10},"end":{"line":62,"column":11}},"type":"if","locations":[{"start":{"line":60,"column":10},"end":{"line":62,"column":11}},{"start":{"line":60,"column":10},"end":{"line":62,"column":11}}],"line":60},"2":{"loc":{"start":{"line":80,"column":9},"end":{"line":94,"column":9}},"type":"cond-expr","locations":[{"start":{"line":81,"column":10},"end":{"line":91,"column":13}},{"start":{"line":93,"column":10},"end":{"line":93,"column":49}}],"line":80},"3":{"loc":{"start":{"line":102,"column":6},"end":{"line":102,"column":52}},"type":"cond-expr","locations":[{"start":{"line":102,"column":21},"end":{"line":102,"column":37}},{"start":{"line":102,"column":40},"end":{"line":102,"column":52}}],"line":102},"4":{"loc":{"start":{"line":110,"column":9},"end":{"line":120,"column":9}},"type":"cond-expr","locations":[{"start":{"line":111,"column":10},"end":{"line":114,"column":12}},{"start":{"line":116,"column":10},"end":{"line":119,"column":12}}],"line":110},"5":{"loc":{"start":{"line":131,"column":11},"end":{"line":131,"column":77}},"type":"cond-expr","locations":[{"start":{"line":131,"column":26},"end":{"line":131,"column":48}},{"start":{"line":131,"column":51},"end":{"line":131,"column":77}}],"line":131}},"s":{"0":0,"1":0,"2":0,"3":0,"4":0,"5":0,"6":0,"7":0,"8":0,"9":0,"10":0,"11":0,"12":0,"13":0,"14":0,"15":0,"16":0,"17":0,"18":0,"19":0,"20":0,"21":0,"22":0,"23":0,"24":0,"25":0,"26":0,"27":0},"f":{"0":0,"1":0,"2":0,"3":0,"4":0,"5":0,"6":0,"7":0,"8":0,"9":0},"b":{"0":[0,0],"1":[0,0],"2":[0,0],"3":[0,0],"4":[0,0],"5":[0,0]}}
,"/Users/netispysolutions003/Jitendra/Jitendra/nextjs_my_boiler/src/components/header2/index.tsx": {"path":"/Users/netispysolutions003/Jitendra/Jitendra/nextjs_my_boiler/src/components/header2/index.tsx","statementMap":{"0":{"start":{"line":9,"column":20},"end":{"line":9,"column":24}},"1":{"start":{"line":10,"column":18},"end":{"line":10,"column":24}},"2":{"start":{"line":11,"column":13},"end":{"line":11,"column":42}},"3":{"start":{"line":14,"column":24},"end":{"line":195,"column":1}},"4":{"start":{"line":15,"column":28},"end":{"line":15,"column":32}},"5":{"start":{"line":16,"column":23},"end":{"line":20,"column":3}},"6":{"start":{"line":17,"column":4},"end":{"line":17,"column":35}},"7":{"start":{"line":19,"column":4},"end":{"line":19,"column":28}},"8":{"start":{"line":21,"column":18},"end":{"line":21,"column":50}},"9":{"start":{"line":21,"column":45},"end":{"line":21,"column":49}},"10":{"start":{"line":22,"column":26},"end":{"line":24,"column":3}},"11":{"start":{"line":26,"column":28},"end":{"line":28,"column":3}},"12":{"start":{"line":29,"column":19},"end":{"line":29,"column":37}},"13":{"start":{"line":30,"column":19},"end":{"line":30,"column":78}},"14":{"start":{"line":31,"column":25},"end":{"line":41,"column":3}},"15":{"start":{"line":32,"column":4},"end":{"line":40,"column":5}},"16":{"start":{"line":33,"column":17},"end":{"line":33,"column":25}},"17":{"start":{"line":34,"column":6},"end":{"line":37,"column":8}},"18":{"start":{"line":35,"column":8},"end":{"line":35,"column":49}},"19":{"start":{"line":39,"column":6},"end":{"line":39,"column":24}},"20":{"start":{"line":42,"column":2},"end":{"line":45,"column":8}},"21":{"start":{"line":43,"column":4},"end":{"line":43,"column":20}},"22":{"start":{"line":46,"column":32},"end":{"line":46,"column":50}},"23":{"start":{"line":47,"column":22},"end":{"line":50,"column":3}},"24":{"start":{"line":49,"column":4},"end":{"line":49,"column":21}},"25":{"start":{"line":53,"column":2},"end":{"line":194,"column":3}}},"fnMap":{"0":{"name":"(anonymous_0)","decl":{"start":{"line":14,"column":24},"end":{"line":14,"column":25}},"loc":{"start":{"line":14,"column":30},"end":{"line":195,"column":1}},"line":14},"1":{"name":"(anonymous_1)","decl":{"start":{"line":16,"column":23},"end":{"line":16,"column":24}},"loc":{"start":{"line":16,"column":35},"end":{"line":20,"column":3}},"line":16},"2":{"name":"(anonymous_2)","decl":{"start":{"line":21,"column":30},"end":{"line":21,"column":31}},"loc":{"start":{"line":21,"column":45},"end":{"line":21,"column":49}},"line":21},"3":{"name":"(anonymous_3)","decl":{"start":{"line":31,"column":25},"end":{"line":31,"column":26}},"loc":{"start":{"line":31,"column":31},"end":{"line":41,"column":3}},"line":31},"4":{"name":"(anonymous_4)","decl":{"start":{"line":34,"column":40},"end":{"line":34,"column":41}},"loc":{"start":{"line":34,"column":54},"end":{"line":37,"column":7}},"line":34},"5":{"name":"(anonymous_5)","decl":{"start":{"line":42,"column":12},"end":{"line":42,"column":13}},"loc":{"start":{"line":42,"column":18},"end":{"line":45,"column":3}},"line":42},"6":{"name":"(anonymous_6)","decl":{"start":{"line":47,"column":22},"end":{"line":47,"column":23}},"loc":{"start":{"line":47,"column":34},"end":{"line":50,"column":3}},"line":47}},"branchMap":{"0":{"loc":{"start":{"line":23,"column":4},"end":{"line":23,"column":82}},"type":"binary-expr","locations":[{"start":{"line":23,"column":4},"end":{"line":23,"column":11}},{"start":{"line":23,"column":15},"end":{"line":23,"column":27}},{"start":{"line":23,"column":31},"end":{"line":23,"column":52}},{"start":{"line":23,"column":56},"end":{"line":23,"column":82}}],"line":23},"1":{"loc":{"start":{"line":27,"column":4},"end":{"line":27,"column":83}},"type":"binary-expr","locations":[{"start":{"line":27,"column":4},"end":{"line":27,"column":11}},{"start":{"line":27,"column":15},"end":{"line":27,"column":27}},{"start":{"line":27,"column":31},"end":{"line":27,"column":52}},{"start":{"line":27,"column":56},"end":{"line":27,"column":83}}],"line":27},"2":{"loc":{"start":{"line":35,"column":16},"end":{"line":35,"column":48}},"type":"binary-expr","locations":[{"start":{"line":35,"column":16},"end":{"line":35,"column":19}},{"start":{"line":35,"column":23},"end":{"line":35,"column":31}},{"start":{"line":35,"column":35},"end":{"line":35,"column":48}}],"line":35},"3":{"loc":{"start":{"line":156,"column":9},"end":{"line":180,"column":9}},"type":"binary-expr","locations":[{"start":{"line":156,"column":9},"end":{"line":156,"column":33}},{"start":{"line":157,"column":10},"end":{"line":179,"column":17}}],"line":156},"4":{"loc":{"start":{"line":182,"column":9},"end":{"line":191,"column":9}},"type":"binary-expr","locations":[{"start":{"line":182,"column":9},"end":{"line":182,"column":33}},{"start":{"line":183,"column":10},"end":{"line":190,"column":17}}],"line":182}},"s":{"0":0,"1":0,"2":0,"3":0,"4":0,"5":0,"6":0,"7":0,"8":0,"9":0,"10":0,"11":0,"12":0,"13":0,"14":0,"15":0,"16":0,"17":0,"18":0,"19":0,"20":0,"21":0,"22":0,"23":0,"24":0,"25":0},"f":{"0":0,"1":0,"2":0,"3":0,"4":0,"5":0,"6":0},"b":{"0":[0,0,0,0],"1":[0,0,0,0],"2":[0,0,0],"3":[0,0],"4":[0,0]}}
,"/Users/netispysolutions003/Jitendra/Jitendra/nextjs_my_boiler/src/components/loginFooter/index.tsx": {"path":"/Users/netispysolutions003/Jitendra/Jitendra/nextjs_my_boiler/src/components/loginFooter/index.tsx","statementMap":{"0":{"start":{"line":6,"column":19},"end":{"line":6,"column":25}},"1":{"start":{"line":8,"column":20},"end":{"line":28,"column":1}},"2":{"start":{"line":9,"column":2},"end":{"line":27,"column":3}}},"fnMap":{"0":{"name":"(anonymous_0)","decl":{"start":{"line":8,"column":20},"end":{"line":8,"column":21}},"loc":{"start":{"line":8,"column":26},"end":{"line":28,"column":1}},"line":8}},"branchMap":{},"s":{"0":0,"1":0,"2":0},"f":{"0":0},"b":{}}
,"/Users/netispysolutions003/Jitendra/Jitendra/nextjs_my_boiler/src/components/loginHeader/index.tsx": {"path":"/Users/netispysolutions003/Jitendra/Jitendra/nextjs_my_boiler/src/components/loginHeader/index.tsx","statementMap":{"0":{"start":{"line":12,"column":20},"end":{"line":12,"column":24}},"1":{"start":{"line":16,"column":20},"end":{"line":75,"column":1}},"2":{"start":{"line":24,"column":23},"end":{"line":24,"column":55}},"3":{"start":{"line":24,"column":50},"end":{"line":24,"column":54}},"4":{"start":{"line":25,"column":26},"end":{"line":27,"column":3}},"5":{"start":{"line":29,"column":28},"end":{"line":31,"column":3}},"6":{"start":{"line":32,"column":19},"end":{"line":32,"column":37}},"7":{"start":{"line":33,"column":25},"end":{"line":45,"column":3}},"8":{"start":{"line":34,"column":4},"end":{"line":44,"column":5}},"9":{"start":{"line":35,"column":17},"end":{"line":35,"column":33}},"10":{"start":{"line":36,"column":6},"end":{"line":41,"column":7}},"11":{"start":{"line":37,"column":8},"end":{"line":40,"column":10}},"12":{"start":{"line":38,"column":10},"end":{"line":38,"column":51}},"13":{"start":{"line":43,"column":6},"end":{"line":43,"column":24}},"14":{"start":{"line":46,"column":2},"end":{"line":49,"column":8}},"15":{"start":{"line":47,"column":4},"end":{"line":47,"column":20}},"16":{"start":{"line":50,"column":32},"end":{"line":50,"column":50}},"17":{"start":{"line":51,"column":22},"end":{"line":54,"column":3}},"18":{"start":{"line":53,"column":4},"end":{"line":53,"column":21}},"19":{"start":{"line":57,"column":2},"end":{"line":74,"column":3}}},"fnMap":{"0":{"name":"(anonymous_0)","decl":{"start":{"line":16,"column":20},"end":{"line":16,"column":21}},"loc":{"start":{"line":16,"column":26},"end":{"line":75,"column":1}},"line":16},"1":{"name":"(anonymous_1)","decl":{"start":{"line":24,"column":35},"end":{"line":24,"column":36}},"loc":{"start":{"line":24,"column":50},"end":{"line":24,"column":54}},"line":24},"2":{"name":"(anonymous_2)","decl":{"start":{"line":33,"column":25},"end":{"line":33,"column":26}},"loc":{"start":{"line":33,"column":31},"end":{"line":45,"column":3}},"line":33},"3":{"name":"(anonymous_3)","decl":{"start":{"line":37,"column":42},"end":{"line":37,"column":43}},"loc":{"start":{"line":37,"column":56},"end":{"line":40,"column":9}},"line":37},"4":{"name":"(anonymous_4)","decl":{"start":{"line":46,"column":12},"end":{"line":46,"column":13}},"loc":{"start":{"line":46,"column":18},"end":{"line":49,"column":3}},"line":46},"5":{"name":"(anonymous_5)","decl":{"start":{"line":51,"column":22},"end":{"line":51,"column":23}},"loc":{"start":{"line":51,"column":34},"end":{"line":54,"column":3}},"line":51}},"branchMap":{"0":{"loc":{"start":{"line":26,"column":4},"end":{"line":26,"column":82}},"type":"binary-expr","locations":[{"start":{"line":26,"column":4},"end":{"line":26,"column":11}},{"start":{"line":26,"column":15},"end":{"line":26,"column":27}},{"start":{"line":26,"column":31},"end":{"line":26,"column":52}},{"start":{"line":26,"column":56},"end":{"line":26,"column":82}}],"line":26},"1":{"loc":{"start":{"line":30,"column":4},"end":{"line":30,"column":83}},"type":"binary-expr","locations":[{"start":{"line":30,"column":4},"end":{"line":30,"column":11}},{"start":{"line":30,"column":15},"end":{"line":30,"column":27}},{"start":{"line":30,"column":31},"end":{"line":30,"column":52}},{"start":{"line":30,"column":56},"end":{"line":30,"column":83}}],"line":30},"2":{"loc":{"start":{"line":35,"column":17},"end":{"line":35,"column":33}},"type":"binary-expr","locations":[{"start":{"line":35,"column":17},"end":{"line":35,"column":21}},{"start":{"line":35,"column":25},"end":{"line":35,"column":33}}],"line":35},"3":{"loc":{"start":{"line":36,"column":6},"end":{"line":41,"column":7}},"type":"if","locations":[{"start":{"line":36,"column":6},"end":{"line":41,"column":7}},{"start":{"line":36,"column":6},"end":{"line":41,"column":7}}],"line":36},"4":{"loc":{"start":{"line":38,"column":18},"end":{"line":38,"column":50}},"type":"binary-expr","locations":[{"start":{"line":38,"column":18},"end":{"line":38,"column":21}},{"start":{"line":38,"column":25},"end":{"line":38,"column":33}},{"start":{"line":38,"column":37},"end":{"line":38,"column":50}}],"line":38}},"s":{"0":0,"1":0,"2":0,"3":0,"4":0,"5":0,"6":0,"7":0,"8":0,"9":0,"10":0,"11":0,"12":0,"13":0,"14":0,"15":0,"16":0,"17":0,"18":0,"19":0},"f":{"0":0,"1":0,"2":0,"3":0,"4":0,"5":0},"b":{"0":[0,0,0,0],"1":[0,0,0,0],"2":[0,0],"3":[0,0],"4":[0,0,0]}}
,"/Users/netispysolutions003/Jitendra/Jitendra/nextjs_my_boiler/src/components/modalBodyClass/index.tsx": {"path":"/Users/netispysolutions003/Jitendra/Jitendra/nextjs_my_boiler/src/components/modalBodyClass/index.tsx","statementMap":{"0":{"start":{"line":3,"column":23},"end":{"line":7,"column":1}},"1":{"start":{"line":4,"column":29},"end":{"line":4,"column":34}},"2":{"start":{"line":5,"column":2},"end":{"line":5,"column":59}},"3":{"start":{"line":6,"column":2},"end":{"line":6,"column":13}}},"fnMap":{"0":{"name":"(anonymous_0)","decl":{"start":{"line":3,"column":23},"end":{"line":3,"column":24}},"loc":{"start":{"line":3,"column":32},"end":{"line":7,"column":1}},"line":3}},"branchMap":{"0":{"loc":{"start":{"line":5,"column":15},"end":{"line":5,"column":58}},"type":"cond-expr","locations":[{"start":{"line":5,"column":32},"end":{"line":5,"column":43}},{"start":{"line":5,"column":46},"end":{"line":5,"column":58}}],"line":5}},"s":{"0":0,"1":0,"2":0,"3":0},"f":{"0":0},"b":{"0":[0,0]}}
,"/Users/netispysolutions003/Jitendra/Jitendra/nextjs_my_boiler/src/components/modalBodyClass/useBodyClass.tsx": {"path":"/Users/netispysolutions003/Jitendra/Jitendra/nextjs_my_boiler/src/components/modalBodyClass/useBodyClass.tsx","statementMap":{"0":{"start":{"line":6,"column":21},"end":{"line":6,"column":72}},"1":{"start":{"line":6,"column":34},"end":{"line":6,"column":72}},"2":{"start":{"line":7,"column":24},"end":{"line":7,"column":78}},"3":{"start":{"line":7,"column":37},"end":{"line":7,"column":78}},"4":{"start":{"line":10,"column":2},"end":{"line":15,"column":17}},"5":{"start":{"line":11,"column":4},"end":{"line":11,"column":86}},"6":{"start":{"line":12,"column":4},"end":{"line":14,"column":5}},"7":{"start":{"line":13,"column":6},"end":{"line":13,"column":94}}},"fnMap":{"0":{"name":"(anonymous_0)","decl":{"start":{"line":6,"column":21},"end":{"line":6,"column":22}},"loc":{"start":{"line":6,"column":34},"end":{"line":6,"column":72}},"line":6},"1":{"name":"(anonymous_1)","decl":{"start":{"line":7,"column":24},"end":{"line":7,"column":25}},"loc":{"start":{"line":7,"column":37},"end":{"line":7,"column":78}},"line":7},"2":{"name":"useBodyClass","decl":{"start":{"line":9,"column":24},"end":{"line":9,"column":36}},"loc":{"start":{"line":9,"column":48},"end":{"line":16,"column":1}},"line":9},"3":{"name":"(anonymous_3)","decl":{"start":{"line":10,"column":12},"end":{"line":10,"column":13}},"loc":{"start":{"line":10,"column":18},"end":{"line":15,"column":3}},"line":10},"4":{"name":"(anonymous_4)","decl":{"start":{"line":12,"column":11},"end":{"line":12,"column":12}},"loc":{"start":{"line":12,"column":17},"end":{"line":14,"column":5}},"line":12}},"branchMap":{"0":{"loc":{"start":{"line":11,"column":4},"end":{"line":11,"column":86}},"type":"cond-expr","locations":[{"start":{"line":11,"column":33},"end":{"line":11,"column":60}},{"start":{"line":11,"column":63},"end":{"line":11,"column":86}}],"line":11},"1":{"loc":{"start":{"line":13,"column":6},"end":{"line":13,"column":94}},"type":"cond-expr","locations":[{"start":{"line":13,"column":35},"end":{"line":13,"column":65}},{"start":{"line":13,"column":68},"end":{"line":13,"column":94}}],"line":13}},"s":{"0":0,"1":0,"2":0,"3":0,"4":0,"5":0,"6":0,"7":0},"f":{"0":0,"1":0,"2":0,"3":0,"4":0},"b":{"0":[0,0],"1":[0,0]}}
,"/Users/netispysolutions003/Jitendra/Jitendra/nextjs_my_boiler/src/components/no-data/index.tsx": {"path":"/Users/netispysolutions003/Jitendra/Jitendra/nextjs_my_boiler/src/components/no-data/index.tsx","statementMap":{"0":{"start":{"line":3,"column":18},"end":{"line":3,"column":51}},"1":{"start":{"line":9,"column":32},"end":{"line":24,"column":1}},"2":{"start":{"line":10,"column":2},"end":{"line":23,"column":3}}},"fnMap":{"0":{"name":"(anonymous_0)","decl":{"start":{"line":9,"column":32},"end":{"line":9,"column":33}},"loc":{"start":{"line":9,"column":67},"end":{"line":24,"column":1}},"line":9}},"branchMap":{"0":{"loc":{"start":{"line":9,"column":44},"end":{"line":9,"column":60}},"type":"default-arg","locations":[{"start":{"line":9,"column":54},"end":{"line":9,"column":60}}],"line":9}},"s":{"0":0,"1":0,"2":0},"f":{"0":0},"b":{"0":[0]}}
,"/Users/netispysolutions003/Jitendra/Jitendra/nextjs_my_boiler/src/components/private-route/index.tsx": {"path":"/Users/netispysolutions003/Jitendra/Jitendra/nextjs_my_boiler/src/components/private-route/index.tsx","statementMap":{"0":{"start":{"line":18,"column":38},"end":{"line":103,"column":1}},"1":{"start":{"line":27,"column":2},"end":{"line":34,"column":3}},"2":{"start":{"line":28,"column":4},"end":{"line":32,"column":6}},"3":{"start":{"line":29,"column":6},"end":{"line":31,"column":7}},"4":{"start":{"line":30,"column":8},"end":{"line":30,"column":22}},"5":{"start":{"line":33,"column":4},"end":{"line":33,"column":37}},"6":{"start":{"line":35,"column":19},"end":{"line":35,"column":23}},"7":{"start":{"line":39,"column":2},"end":{"line":45,"column":3}},"8":{"start":{"line":40,"column":4},"end":{"line":44,"column":5}},"9":{"start":{"line":41,"column":6},"end":{"line":41,"column":56}},"10":{"start":{"line":43,"column":6},"end":{"line":43,"column":35}},"11":{"start":{"line":47,"column":21},"end":{"line":51,"column":4}},"12":{"start":{"line":53,"column":2},"end":{"line":55,"column":3}},"13":{"start":{"line":54,"column":4},"end":{"line":54,"column":64}},"14":{"start":{"line":56,"column":2},"end":{"line":58,"column":3}},"15":{"start":{"line":57,"column":4},"end":{"line":57,"column":65}},"16":{"start":{"line":59,"column":27},"end":{"line":59,"column":69}},"17":{"start":{"line":60,"column":17},"end":{"line":60,"column":58}},"18":{"start":{"line":62,"column":15},"end":{"line":70,"column":6}},"19":{"start":{"line":63,"column":4},"end":{"line":68,"column":5}},"20":{"start":{"line":64,"column":6},"end":{"line":66,"column":7}},"21":{"start":{"line":65,"column":8},"end":{"line":65,"column":19}},"22":{"start":{"line":67,"column":6},"end":{"line":67,"column":18}},"23":{"start":{"line":69,"column":4},"end":{"line":69,"column":15}},"24":{"start":{"line":71,"column":2},"end":{"line":77,"column":3}},"25":{"start":{"line":72,"column":24},"end":{"line":72,"column":71}},"26":{"start":{"line":74,"column":16},"end":{"line":74,"column":59}},"27":{"start":{"line":76,"column":4},"end":{"line":76,"column":32}},"28":{"start":{"line":79,"column":2},"end":{"line":102,"column":3}},"29":{"start":{"line":82,"column":8},"end":{"line":99,"column":9}},"30":{"start":{"line":87,"column":18},"end":{"line":87,"column":64}},"31":{"start":{"line":105,"column":24},"end":{"line":109,"column":1}},"32":{"start":{"line":106,"column":2},"end":{"line":108,"column":3}},"33":{"start":{"line":111,"column":37},"end":{"line":111,"column":87}}},"fnMap":{"0":{"name":"(anonymous_0)","decl":{"start":{"line":18,"column":38},"end":{"line":18,"column":39}},"loc":{"start":{"line":25,"column":3},"end":{"line":103,"column":1}},"line":25},"1":{"name":"(anonymous_1)","decl":{"start":{"line":28,"column":41},"end":{"line":28,"column":42}},"loc":{"start":{"line":28,"column":50},"end":{"line":32,"column":5}},"line":28},"2":{"name":"(anonymous_2)","decl":{"start":{"line":62,"column":16},"end":{"line":62,"column":17}},"loc":{"start":{"line":62,"column":28},"end":{"line":70,"column":3}},"line":62},"3":{"name":"(anonymous_3)","decl":{"start":{"line":81,"column":14},"end":{"line":81,"column":15}},"loc":{"start":{"line":81,"column":23},"end":{"line":100,"column":7}},"line":81},"4":{"name":"(anonymous_4)","decl":{"start":{"line":86,"column":36},"end":{"line":86,"column":37}},"loc":{"start":{"line":87,"column":18},"end":{"line":87,"column":64}},"line":87},"5":{"name":"(anonymous_5)","decl":{"start":{"line":105,"column":24},"end":{"line":105,"column":25}},"loc":{"start":{"line":105,"column":47},"end":{"line":109,"column":1}},"line":105}},"branchMap":{"0":{"loc":{"start":{"line":27,"column":2},"end":{"line":34,"column":3}},"type":"if","locations":[{"start":{"line":27,"column":2},"end":{"line":34,"column":3}},{"start":{"line":27,"column":2},"end":{"line":34,"column":3}}],"line":27},"1":{"loc":{"start":{"line":29,"column":6},"end":{"line":31,"column":7}},"type":"if","locations":[{"start":{"line":29,"column":6},"end":{"line":31,"column":7}},{"start":{"line":29,"column":6},"end":{"line":31,"column":7}}],"line":29},"2":{"loc":{"start":{"line":39,"column":2},"end":{"line":45,"column":3}},"type":"if","locations":[{"start":{"line":39,"column":2},"end":{"line":45,"column":3}},{"start":{"line":39,"column":2},"end":{"line":45,"column":3}}],"line":39},"3":{"loc":{"start":{"line":40,"column":4},"end":{"line":44,"column":5}},"type":"if","locations":[{"start":{"line":40,"column":4},"end":{"line":44,"column":5}},{"start":{"line":40,"column":4},"end":{"line":44,"column":5}}],"line":40},"4":{"loc":{"start":{"line":53,"column":2},"end":{"line":55,"column":3}},"type":"if","locations":[{"start":{"line":53,"column":2},"end":{"line":55,"column":3}},{"start":{"line":53,"column":2},"end":{"line":55,"column":3}}],"line":53},"5":{"loc":{"start":{"line":56,"column":2},"end":{"line":58,"column":3}},"type":"if","locations":[{"start":{"line":56,"column":2},"end":{"line":58,"column":3}},{"start":{"line":56,"column":2},"end":{"line":58,"column":3}}],"line":56},"6":{"loc":{"start":{"line":63,"column":4},"end":{"line":68,"column":5}},"type":"if","locations":[{"start":{"line":63,"column":4},"end":{"line":68,"column":5}},{"start":{"line":63,"column":4},"end":{"line":68,"column":5}}],"line":63},"7":{"loc":{"start":{"line":64,"column":6},"end":{"line":66,"column":7}},"type":"if","locations":[{"start":{"line":64,"column":6},"end":{"line":66,"column":7}},{"start":{"line":64,"column":6},"end":{"line":66,"column":7}}],"line":64},"8":{"loc":{"start":{"line":71,"column":2},"end":{"line":77,"column":3}},"type":"if","locations":[{"start":{"line":71,"column":2},"end":{"line":77,"column":3}},{"start":{"line":71,"column":2},"end":{"line":77,"column":3}}],"line":71},"9":{"loc":{"start":{"line":71,"column":6},"end":{"line":71,"column":36}},"type":"binary-expr","locations":[{"start":{"line":71,"column":6},"end":{"line":71,"column":25}},{"start":{"line":71,"column":29},"end":{"line":71,"column":36}}],"line":71},"10":{"loc":{"start":{"line":74,"column":16},"end":{"line":74,"column":59}},"type":"binary-expr","locations":[{"start":{"line":74,"column":16},"end":{"line":74,"column":27}},{"start":{"line":74,"column":31},"end":{"line":74,"column":59}}],"line":74},"11":{"loc":{"start":{"line":82,"column":15},"end":{"line":99,"column":9}},"type":"cond-expr","locations":[{"start":{"line":83,"column":10},"end":{"line":91,"column":22}},{"start":{"line":93,"column":10},"end":{"line":98,"column":12}}],"line":82},"12":{"loc":{"start":{"line":84,"column":13},"end":{"line":90,"column":20}},"type":"cond-expr","locations":[{"start":{"line":85,"column":14},"end":{"line":89,"column":23}},{"start":{"line":90,"column":16},"end":{"line":90,"column":20}}],"line":84}},"s":{"0":0,"1":0,"2":0,"3":0,"4":0,"5":0,"6":0,"7":0,"8":0,"9":0,"10":0,"11":0,"12":0,"13":0,"14":0,"15":0,"16":0,"17":0,"18":0,"19":0,"20":0,"21":0,"22":0,"23":0,"24":0,"25":0,"26":0,"27":0,"28":0,"29":0,"30":0,"31":0,"32":0,"33":0},"f":{"0":0,"1":0,"2":0,"3":0,"4":0,"5":0},"b":{"0":[0,0],"1":[0,0],"2":[0,0],"3":[0,0],"4":[0,0],"5":[0,0],"6":[0,0],"7":[0,0],"8":[0,0],"9":[0,0],"10":[0,0],"11":[0,0],"12":[0,0]}}
,"/Users/netispysolutions003/Jitendra/Jitendra/nextjs_my_boiler/src/components/sidebar/index.tsx": {"path":"/Users/netispysolutions003/Jitendra/Jitendra/nextjs_my_boiler/src/components/sidebar/index.tsx","statementMap":{"0":{"start":{"line":9,"column":18},"end":{"line":9,"column":24}},"1":{"start":{"line":10,"column":20},"end":{"line":10,"column":24}},"2":{"start":{"line":14,"column":33},"end":{"line":89,"column":1}},"3":{"start":{"line":15,"column":42},"end":{"line":15,"column":54}},"4":{"start":{"line":16,"column":34},"end":{"line":16,"column":56}},"5":{"start":{"line":19,"column":4},"end":{"line":19,"column":25}},"6":{"start":{"line":45,"column":2},"end":{"line":88,"column":3}}},"fnMap":{"0":{"name":"(anonymous_0)","decl":{"start":{"line":14,"column":33},"end":{"line":14,"column":34}},"loc":{"start":{"line":14,"column":68},"end":{"line":89,"column":1}},"line":14},"1":{"name":"handleOpenChange","decl":{"start":{"line":18,"column":11},"end":{"line":18,"column":27}},"loc":{"start":{"line":18,"column":43},"end":{"line":20,"column":3}},"line":18}},"branchMap":{},"s":{"0":0,"1":0,"2":0,"3":0,"4":0,"5":0,"6":0},"f":{"0":0,"1":0},"b":{}}
,"/Users/netispysolutions003/Jitendra/Jitendra/nextjs_my_boiler/src/components/table/action-panel.tsx": {"path":"/Users/netispysolutions003/Jitendra/Jitendra/nextjs_my_boiler/src/components/table/action-panel.tsx","statementMap":{"0":{"start":{"line":11,"column":37},"end":{"line":48,"column":1}},"1":{"start":{"line":16,"column":22},"end":{"line":16,"column":39}},"2":{"start":{"line":17,"column":19},"end":{"line":17,"column":46}},"3":{"start":{"line":19,"column":2},"end":{"line":47,"column":11}}},"fnMap":{"0":{"name":"(anonymous_0)","decl":{"start":{"line":11,"column":37},"end":{"line":11,"column":38}},"loc":{"start":{"line":15,"column":3},"end":{"line":48,"column":1}},"line":15}},"branchMap":{"0":{"loc":{"start":{"line":16,"column":22},"end":{"line":16,"column":39}},"type":"binary-expr","locations":[{"start":{"line":16,"column":22},"end":{"line":16,"column":30}},{"start":{"line":16,"column":34},"end":{"line":16,"column":39}}],"line":16},"1":{"loc":{"start":{"line":19,"column":9},"end":{"line":47,"column":10}},"type":"cond-expr","locations":[{"start":{"line":20,"column":4},"end":{"line":46,"column":10}},{"start":{"line":47,"column":6},"end":{"line":47,"column":10}}],"line":19},"2":{"loc":{"start":{"line":21,"column":7},"end":{"line":25,"column":7}},"type":"binary-expr","locations":[{"start":{"line":21,"column":7},"end":{"line":21,"column":12}},{"start":{"line":22,"column":8},"end":{"line":24,"column":17}}],"line":21},"3":{"loc":{"start":{"line":27,"column":7},"end":{"line":45,"column":7}},"type":"binary-expr","locations":[{"start":{"line":27,"column":7},"end":{"line":27,"column":15}},{"start":{"line":28,"column":8},"end":{"line":44,"column":21}}],"line":27}},"s":{"0":0,"1":0,"2":0,"3":0},"f":{"0":0},"b":{"0":[0,0],"1":[0,0],"2":[0,0],"3":[0,0]}}
,"/Users/netispysolutions003/Jitendra/Jitendra/nextjs_my_boiler/src/components/table/index.tsx": {"path":"/Users/netispysolutions003/Jitendra/Jitendra/nextjs_my_boiler/src/components/table/index.tsx","statementMap":{"0":{"start":{"line":29,"column":26},"end":{"line":29,"column":28}},"1":{"start":{"line":31,"column":28},"end":{"line":44,"column":1}},"2":{"start":{"line":47,"column":2},"end":{"line":47,"column":33}},"3":{"start":{"line":50,"column":27},"end":{"line":257,"column":1}},"4":{"start":{"line":60,"column":27},"end":{"line":60,"column":35}},"5":{"start":{"line":61,"column":28},"end":{"line":61,"column":54}},"6":{"start":{"line":63,"column":27},"end":{"line":127,"column":3}},"7":{"start":{"line":65,"column":6},"end":{"line":65,"column":35}},"8":{"start":{"line":66,"column":35},"end":{"line":66,"column":51}},"9":{"start":{"line":67,"column":22},"end":{"line":67,"column":65}},"10":{"start":{"line":68,"column":21},"end":{"line":68,"column":62}},"11":{"start":{"line":69,"column":31},"end":{"line":73,"column":7}},"12":{"start":{"line":75,"column":6},"end":{"line":88,"column":7}},"13":{"start":{"line":76,"column":8},"end":{"line":87,"column":10}},"14":{"start":{"line":85,"column":10},"end":{"line":85,"column":77}},"15":{"start":{"line":90,"column":6},"end":{"line":90,"column":45}},"16":{"start":{"line":92,"column":6},"end":{"line":106,"column":7}},"17":{"start":{"line":93,"column":8},"end":{"line":105,"column":10}},"18":{"start":{"line":94,"column":10},"end":{"line":104,"column":11}},"19":{"start":{"line":96,"column":12},"end":{"line":99,"column":13}},"20":{"start":{"line":97,"column":27},"end":{"line":97,"column":97}},"21":{"start":{"line":98,"column":14},"end":{"line":98,"column":47}},"22":{"start":{"line":100,"column":17},"end":{"line":104,"column":11}},"23":{"start":{"line":102,"column":25},"end":{"line":102,"column":91}},"24":{"start":{"line":103,"column":12},"end":{"line":103,"column":45}},"25":{"start":{"line":108,"column":6},"end":{"line":124,"column":10}},"26":{"start":{"line":110,"column":10},"end":{"line":120,"column":11}},"27":{"start":{"line":111,"column":12},"end":{"line":119,"column":14}},"28":{"start":{"line":123,"column":10},"end":{"line":123,"column":40}},"29":{"start":{"line":130,"column":19},"end":{"line":130,"column":37}},"30":{"start":{"line":131,"column":21},"end":{"line":131,"column":40}},"31":{"start":{"line":132,"column":4},"end":{"line":140,"column":6}},"32":{"start":{"line":141,"column":4},"end":{"line":141,"column":36}},"33":{"start":{"line":142,"column":4},"end":{"line":142,"column":40}},"34":{"start":{"line":143,"column":4},"end":{"line":143,"column":48}},"35":{"start":{"line":144,"column":4},"end":{"line":146,"column":6}},"36":{"start":{"line":145,"column":6},"end":{"line":145,"column":15}},"37":{"start":{"line":149,"column":2},"end":{"line":154,"column":4}},"38":{"start":{"line":150,"column":4},"end":{"line":152,"column":5}},"39":{"start":{"line":151,"column":6},"end":{"line":151,"column":27}},"40":{"start":{"line":153,"column":4},"end":{"line":153,"column":43}},"41":{"start":{"line":156,"column":2},"end":{"line":159,"column":16}},"42":{"start":{"line":157,"column":4},"end":{"line":157,"column":31}},"43":{"start":{"line":158,"column":4},"end":{"line":158,"column":49}},"44":{"start":{"line":161,"column":2},"end":{"line":168,"column":8}},"45":{"start":{"line":162,"column":4},"end":{"line":167,"column":9}},"46":{"start":{"line":163,"column":22},"end":{"line":163,"column":66}},"47":{"start":{"line":164,"column":6},"end":{"line":166,"column":7}},"48":{"start":{"line":165,"column":8},"end":{"line":165,"column":61}},"49":{"start":{"line":170,"column":2},"end":{"line":183,"column":15}},"50":{"start":{"line":171,"column":4},"end":{"line":182,"column":5}},"51":{"start":{"line":172,"column":6},"end":{"line":181,"column":8}},"52":{"start":{"line":197,"column":4},"end":{"line":197,"column":13}},"53":{"start":{"line":200,"column":2},"end":{"line":206,"column":3}},"54":{"start":{"line":201,"column":4},"end":{"line":205,"column":5}},"55":{"start":{"line":203,"column":8},"end":{"line":203,"column":37}},"56":{"start":{"line":207,"column":2},"end":{"line":256,"column":3}},"57":{"start":{"line":213,"column":41},"end":{"line":213,"column":54}},"58":{"start":{"line":227,"column":33},"end":{"line":227,"column":41}},"59":{"start":{"line":259,"column":23},"end":{"line":261,"column":2}},"60":{"start":{"line":260,"column":2},"end":{"line":260,"column":43}}},"fnMap":{"0":{"name":"showTotal","decl":{"start":{"line":46,"column":9},"end":{"line":46,"column":18}},"loc":{"start":{"line":46,"column":34},"end":{"line":48,"column":1}},"line":46},"1":{"name":"(anonymous_1)","decl":{"start":{"line":50,"column":27},"end":{"line":50,"column":28}},"loc":{"start":{"line":58,"column":6},"end":{"line":257,"column":1}},"line":58},"2":{"name":"(anonymous_2)","decl":{"start":{"line":64,"column":4},"end":{"line":64,"column":5}},"loc":{"start":{"line":64,"column":10},"end":{"line":125,"column":5}},"line":64},"3":{"name":"(anonymous_3)","decl":{"start":{"line":76,"column":27},"end":{"line":76,"column":28}},"loc":{"start":{"line":76,"column":49},"end":{"line":87,"column":9}},"line":76},"4":{"name":"(anonymous_4)","decl":{"start":{"line":93,"column":26},"end":{"line":93,"column":27}},"loc":{"start":{"line":93,"column":63},"end":{"line":105,"column":9}},"line":93},"5":{"name":"(anonymous_5)","decl":{"start":{"line":109,"column":14},"end":{"line":109,"column":15}},"loc":{"start":{"line":109,"column":21},"end":{"line":121,"column":9}},"line":109},"6":{"name":"(anonymous_6)","decl":{"start":{"line":122,"column":17},"end":{"line":122,"column":18}},"loc":{"start":{"line":122,"column":23},"end":{"line":124,"column":9}},"line":122},"7":{"name":"onChange","decl":{"start":{"line":129,"column":11},"end":{"line":129,"column":19}},"loc":{"start":{"line":129,"column":64},"end":{"line":147,"column":3}},"line":129},"8":{"name":"(anonymous_8)","decl":{"start":{"line":144,"column":15},"end":{"line":144,"column":16}},"loc":{"start":{"line":144,"column":21},"end":{"line":146,"column":5}},"line":144},"9":{"name":"(anonymous_9)","decl":{"start":{"line":149,"column":12},"end":{"line":149,"column":13}},"loc":{"start":{"line":149,"column":18},"end":{"line":154,"column":3}},"line":149},"10":{"name":"(anonymous_10)","decl":{"start":{"line":156,"column":12},"end":{"line":156,"column":13}},"loc":{"start":{"line":156,"column":18},"end":{"line":159,"column":3}},"line":156},"11":{"name":"(anonymous_11)","decl":{"start":{"line":161,"column":12},"end":{"line":161,"column":13}},"loc":{"start":{"line":161,"column":18},"end":{"line":168,"column":3}},"line":161},"12":{"name":"(anonymous_12)","decl":{"start":{"line":162,"column":15},"end":{"line":162,"column":16}},"loc":{"start":{"line":162,"column":21},"end":{"line":167,"column":5}},"line":162},"13":{"name":"(anonymous_13)","decl":{"start":{"line":170,"column":12},"end":{"line":170,"column":13}},"loc":{"start":{"line":170,"column":18},"end":{"line":183,"column":3}},"line":170},"14":{"name":"reloadTable","decl":{"start":{"line":196,"column":11},"end":{"line":196,"column":22}},"loc":{"start":{"line":196,"column":25},"end":{"line":198,"column":3}},"line":196},"15":{"name":"(anonymous_15)","decl":{"start":{"line":202,"column":6},"end":{"line":202,"column":7}},"loc":{"start":{"line":202,"column":42},"end":{"line":204,"column":7}},"line":202},"16":{"name":"(anonymous_16)","decl":{"start":{"line":213,"column":35},"end":{"line":213,"column":36}},"loc":{"start":{"line":213,"column":41},"end":{"line":213,"column":54}},"line":213},"17":{"name":"(anonymous_17)","decl":{"start":{"line":227,"column":27},"end":{"line":227,"column":28}},"loc":{"start":{"line":227,"column":33},"end":{"line":227,"column":41}},"line":227},"18":{"name":"(anonymous_18)","decl":{"start":{"line":259,"column":40},"end":{"line":259,"column":41}},"loc":{"start":{"line":260,"column":2},"end":{"line":260,"column":43}},"line":260}},"branchMap":{"0":{"loc":{"start":{"line":67,"column":22},"end":{"line":67,"column":65}},"type":"cond-expr","locations":[{"start":{"line":67,"column":47},"end":{"line":67,"column":60}},{"start":{"line":67,"column":63},"end":{"line":67,"column":65}}],"line":67},"1":{"loc":{"start":{"line":67,"column":22},"end":{"line":67,"column":44}},"type":"binary-expr","locations":[{"start":{"line":67,"column":22},"end":{"line":67,"column":27}},{"start":{"line":67,"column":31},"end":{"line":67,"column":44}}],"line":67},"2":{"loc":{"start":{"line":68,"column":21},"end":{"line":68,"column":62}},"type":"cond-expr","locations":[{"start":{"line":68,"column":45},"end":{"line":68,"column":57}},{"start":{"line":68,"column":60},"end":{"line":68,"column":62}}],"line":68},"3":{"loc":{"start":{"line":68,"column":21},"end":{"line":68,"column":42}},"type":"binary-expr","locations":[{"start":{"line":68,"column":21},"end":{"line":68,"column":26}},{"start":{"line":68,"column":30},"end":{"line":68,"column":42}}],"line":68},"4":{"loc":{"start":{"line":75,"column":6},"end":{"line":88,"column":7}},"type":"if","locations":[{"start":{"line":75,"column":6},"end":{"line":88,"column":7}},{"start":{"line":75,"column":6},"end":{"line":88,"column":7}}],"line":75},"5":{"loc":{"start":{"line":85,"column":56},"end":{"line":85,"column":77}},"type":"cond-expr","locations":[{"start":{"line":85,"column":64},"end":{"line":85,"column":72}},{"start":{"line":85,"column":75},"end":{"line":85,"column":77}}],"line":85},"6":{"loc":{"start":{"line":92,"column":6},"end":{"line":106,"column":7}},"type":"if","locations":[{"start":{"line":92,"column":6},"end":{"line":106,"column":7}},{"start":{"line":92,"column":6},"end":{"line":106,"column":7}}],"line":92},"7":{"loc":{"start":{"line":94,"column":10},"end":{"line":104,"column":11}},"type":"if","locations":[{"start":{"line":94,"column":10},"end":{"line":104,"column":11}},{"start":{"line":94,"column":10},"end":{"line":104,"column":11}}],"line":94},"8":{"loc":{"start":{"line":96,"column":12},"end":{"line":99,"column":13}},"type":"if","locations":[{"start":{"line":96,"column":12},"end":{"line":99,"column":13}},{"start":{"line":96,"column":12},"end":{"line":99,"column":13}}],"line":96},"9":{"loc":{"start":{"line":97,"column":49},"end":{"line":97,"column":95}},"type":"cond-expr","locations":[{"start":{"line":97,"column":89},"end":{"line":97,"column":90}},{"start":{"line":97,"column":93},"end":{"line":97,"column":95}}],"line":97},"10":{"loc":{"start":{"line":97,"column":49},"end":{"line":97,"column":86}},"type":"binary-expr","locations":[{"start":{"line":97,"column":49},"end":{"line":97,"column":54}},{"start":{"line":97,"column":58},"end":{"line":97,"column":86}}],"line":97},"11":{"loc":{"start":{"line":100,"column":17},"end":{"line":104,"column":11}},"type":"if","locations":[{"start":{"line":100,"column":17},"end":{"line":104,"column":11}},{"start":{"line":100,"column":17},"end":{"line":104,"column":11}}],"line":100},"12":{"loc":{"start":{"line":100,"column":21},"end":{"line":100,"column":60}},"type":"binary-expr","locations":[{"start":{"line":100,"column":21},"end":{"line":100,"column":39}},{"start":{"line":100,"column":43},"end":{"line":100,"column":60}}],"line":100},"13":{"loc":{"start":{"line":102,"column":43},"end":{"line":102,"column":89}},"type":"cond-expr","locations":[{"start":{"line":102,"column":83},"end":{"line":102,"column":84}},{"start":{"line":102,"column":87},"end":{"line":102,"column":89}}],"line":102},"14":{"loc":{"start":{"line":102,"column":43},"end":{"line":102,"column":80}},"type":"binary-expr","locations":[{"start":{"line":102,"column":43},"end":{"line":102,"column":48}},{"start":{"line":102,"column":52},"end":{"line":102,"column":80}}],"line":102},"15":{"loc":{"start":{"line":110,"column":10},"end":{"line":120,"column":11}},"type":"if","locations":[{"start":{"line":110,"column":10},"end":{"line":120,"column":11}},{"start":{"line":110,"column":10},"end":{"line":120,"column":11}}],"line":110},"16":{"loc":{"start":{"line":115,"column":18},"end":{"line":115,"column":98}},"type":"cond-expr","locations":[{"start":{"line":115,"column":57},"end":{"line":115,"column":76}},{"start":{"line":115,"column":79},"end":{"line":115,"column":98}}],"line":115},"17":{"loc":{"start":{"line":115,"column":18},"end":{"line":115,"column":54}},"type":"binary-expr","locations":[{"start":{"line":115,"column":18},"end":{"line":115,"column":31}},{"start":{"line":115,"column":35},"end":{"line":115,"column":54}}],"line":115},"18":{"loc":{"start":{"line":150,"column":4},"end":{"line":152,"column":5}},"type":"if","locations":[{"start":{"line":150,"column":4},"end":{"line":152,"column":5}},{"start":{"line":150,"column":4},"end":{"line":152,"column":5}}],"line":150},"19":{"loc":{"start":{"line":164,"column":6},"end":{"line":166,"column":7}},"type":"if","locations":[{"start":{"line":164,"column":6},"end":{"line":166,"column":7}},{"start":{"line":164,"column":6},"end":{"line":166,"column":7}}],"line":164},"20":{"loc":{"start":{"line":171,"column":4},"end":{"line":182,"column":5}},"type":"if","locations":[{"start":{"line":171,"column":4},"end":{"line":182,"column":5}},{"start":{"line":171,"column":4},"end":{"line":182,"column":5}}],"line":171},"21":{"loc":{"start":{"line":200,"column":2},"end":{"line":206,"column":3}},"type":"if","locations":[{"start":{"line":200,"column":2},"end":{"line":206,"column":3}},{"start":{"line":200,"column":2},"end":{"line":206,"column":3}}],"line":200},"22":{"loc":{"start":{"line":212,"column":13},"end":{"line":212,"column":40}},"type":"binary-expr","locations":[{"start":{"line":212,"column":13},"end":{"line":212,"column":29}},{"start":{"line":212,"column":33},"end":{"line":212,"column":40}}],"line":212},"23":{"loc":{"start":{"line":219,"column":13},"end":{"line":223,"column":13}},"type":"binary-expr","locations":[{"start":{"line":219,"column":13},"end":{"line":219,"column":27}},{"start":{"line":220,"column":14},"end":{"line":222,"column":23}}],"line":219},"24":{"loc":{"start":{"line":221,"column":21},"end":{"line":221,"column":61}},"type":"cond-expr","locations":[{"start":{"line":221,"column":40},"end":{"line":221,"column":56}},{"start":{"line":221,"column":59},"end":{"line":221,"column":61}}],"line":221},"25":{"loc":{"start":{"line":224,"column":13},"end":{"line":235,"column":13}},"type":"binary-expr","locations":[{"start":{"line":224,"column":13},"end":{"line":224,"column":36}},{"start":{"line":225,"column":14},"end":{"line":234,"column":27}}],"line":224}},"s":{"0":0,"1":0,"2":0,"3":0,"4":0,"5":0,"6":0,"7":0,"8":0,"9":0,"10":0,"11":0,"12":0,"13":0,"14":0,"15":0,"16":0,"17":0,"18":0,"19":0,"20":0,"21":0,"22":0,"23":0,"24":0,"25":0,"26":0,"27":0,"28":0,"29":0,"30":0,"31":0,"32":0,"33":0,"34":0,"35":0,"36":0,"37":0,"38":0,"39":0,"40":0,"41":0,"42":0,"43":0,"44":0,"45":0,"46":0,"47":0,"48":0,"49":0,"50":0,"51":0,"52":0,"53":0,"54":0,"55":0,"56":0,"57":0,"58":0,"59":0,"60":0},"f":{"0":0,"1":0,"2":0,"3":0,"4":0,"5":0,"6":0,"7":0,"8":0,"9":0,"10":0,"11":0,"12":0,"13":0,"14":0,"15":0,"16":0,"17":0,"18":0},"b":{"0":[0,0],"1":[0,0],"2":[0,0],"3":[0,0],"4":[0,0],"5":[0,0],"6":[0,0],"7":[0,0],"8":[0,0],"9":[0,0],"10":[0,0],"11":[0,0],"12":[0,0],"13":[0,0],"14":[0,0],"15":[0,0],"16":[0,0],"17":[0,0],"18":[0,0],"19":[0,0],"20":[0,0],"21":[0,0],"22":[0,0],"23":[0,0],"24":[0,0],"25":[0,0]}}
,"/Users/netispysolutions003/Jitendra/Jitendra/nextjs_my_boiler/src/components/topbar/index.tsx": {"path":"/Users/netispysolutions003/Jitendra/Jitendra/nextjs_my_boiler/src/components/topbar/index.tsx","statementMap":{"0":{"start":{"line":8,"column":18},"end":{"line":8,"column":24}},"1":{"start":{"line":10,"column":24},"end":{"line":85,"column":1}},"2":{"start":{"line":11,"column":28},"end":{"line":11,"column":32}},"3":{"start":{"line":12,"column":23},"end":{"line":15,"column":3}},"4":{"start":{"line":13,"column":4},"end":{"line":13,"column":35}},"5":{"start":{"line":14,"column":4},"end":{"line":14,"column":28}},"6":{"start":{"line":16,"column":19},"end":{"line":16,"column":78}},"7":{"start":{"line":18,"column":18},"end":{"line":18,"column":50}},"8":{"start":{"line":18,"column":45},"end":{"line":18,"column":49}},"9":{"start":{"line":19,"column":26},"end":{"line":19,"column":67}},"10":{"start":{"line":21,"column":28},"end":{"line":21,"column":70}},"11":{"start":{"line":22,"column":19},"end":{"line":22,"column":37}},"12":{"start":{"line":23,"column":25},"end":{"line":33,"column":3}},"13":{"start":{"line":24,"column":4},"end":{"line":32,"column":5}},"14":{"start":{"line":25,"column":17},"end":{"line":25,"column":25}},"15":{"start":{"line":26,"column":6},"end":{"line":29,"column":8}},"16":{"start":{"line":27,"column":8},"end":{"line":27,"column":49}},"17":{"start":{"line":31,"column":6},"end":{"line":31,"column":24}},"18":{"start":{"line":34,"column":2},"end":{"line":37,"column":8}},"19":{"start":{"line":35,"column":4},"end":{"line":35,"column":20}},"20":{"start":{"line":38,"column":32},"end":{"line":38,"column":50}},"21":{"start":{"line":41,"column":4},"end":{"line":48,"column":11}},"22":{"start":{"line":51,"column":2},"end":{"line":84,"column":3}}},"fnMap":{"0":{"name":"(anonymous_0)","decl":{"start":{"line":10,"column":24},"end":{"line":10,"column":25}},"loc":{"start":{"line":10,"column":30},"end":{"line":85,"column":1}},"line":10},"1":{"name":"(anonymous_1)","decl":{"start":{"line":12,"column":23},"end":{"line":12,"column":24}},"loc":{"start":{"line":12,"column":35},"end":{"line":15,"column":3}},"line":12},"2":{"name":"(anonymous_2)","decl":{"start":{"line":18,"column":30},"end":{"line":18,"column":31}},"loc":{"start":{"line":18,"column":45},"end":{"line":18,"column":49}},"line":18},"3":{"name":"(anonymous_3)","decl":{"start":{"line":23,"column":25},"end":{"line":23,"column":26}},"loc":{"start":{"line":23,"column":31},"end":{"line":33,"column":3}},"line":23},"4":{"name":"(anonymous_4)","decl":{"start":{"line":26,"column":40},"end":{"line":26,"column":41}},"loc":{"start":{"line":26,"column":54},"end":{"line":29,"column":7}},"line":26},"5":{"name":"(anonymous_5)","decl":{"start":{"line":34,"column":12},"end":{"line":34,"column":13}},"loc":{"start":{"line":34,"column":18},"end":{"line":37,"column":3}},"line":34}},"branchMap":{"0":{"loc":{"start":{"line":27,"column":16},"end":{"line":27,"column":48}},"type":"binary-expr","locations":[{"start":{"line":27,"column":16},"end":{"line":27,"column":19}},{"start":{"line":27,"column":23},"end":{"line":27,"column":31}},{"start":{"line":27,"column":35},"end":{"line":27,"column":48}}],"line":27},"1":{"loc":{"start":{"line":77,"column":24},"end":{"line":77,"column":58}},"type":"cond-expr","locations":[{"start":{"line":77,"column":35},"end":{"line":77,"column":48}},{"start":{"line":77,"column":51},"end":{"line":77,"column":58}}],"line":77}},"s":{"0":0,"1":0,"2":0,"3":0,"4":0,"5":0,"6":0,"7":0,"8":0,"9":0,"10":0,"11":0,"12":0,"13":0,"14":0,"15":0,"16":0,"17":0,"18":0,"19":0,"20":0,"21":0,"22":0},"f":{"0":0,"1":0,"2":0,"3":0,"4":0,"5":0},"b":{"0":[0,0,0],"1":[0,0]}}
,"/Users/netispysolutions003/Jitendra/Jitendra/nextjs_my_boiler/src/containers/ArticleContainer.tsx": {"path":"/Users/netispysolutions003/Jitendra/Jitendra/nextjs_my_boiler/src/containers/ArticleContainer.tsx","statementMap":{"0":{"start":{"line":8,"column":36},"end":{"line":12,"column":1}},"1":{"start":{"line":9,"column":2},"end":{"line":11,"column":5}}},"fnMap":{"0":{"name":"(anonymous_0)","decl":{"start":{"line":8,"column":36},"end":{"line":8,"column":37}},"loc":{"start":{"line":9,"column":2},"end":{"line":11,"column":5}},"line":9}},"branchMap":{},"s":{"0":0,"1":0},"f":{"0":0},"b":{}}
,"/Users/netispysolutions003/Jitendra/Jitendra/nextjs_my_boiler/src/hooks/useCreation.ts": {"path":"/Users/netispysolutions003/Jitendra/Jitendra/nextjs_my_boiler/src/hooks/useCreation.ts","statementMap":{"0":{"start":{"line":4,"column":22},"end":{"line":8,"column":4}},"1":{"start":{"line":9,"column":2},"end":{"line":13,"column":3}},"2":{"start":{"line":10,"column":4},"end":{"line":10,"column":23}},"3":{"start":{"line":11,"column":4},"end":{"line":11,"column":27}},"4":{"start":{"line":12,"column":4},"end":{"line":12,"column":30}},"5":{"start":{"line":14,"column":2},"end":{"line":14,"column":25}},"6":{"start":{"line":18,"column":2},"end":{"line":18,"column":35}},"7":{"start":{"line":18,"column":24},"end":{"line":18,"column":35}},"8":{"start":{"line":19,"column":2},"end":{"line":21,"column":3}},"9":{"start":{"line":20,"column":4},"end":{"line":20,"column":44}},"10":{"start":{"line":20,"column":32},"end":{"line":20,"column":44}},"11":{"start":{"line":22,"column":2},"end":{"line":22,"column":13}}},"fnMap":{"0":{"name":"useCreation","decl":{"start":{"line":3,"column":24},"end":{"line":3,"column":35}},"loc":{"start":{"line":3,"column":70},"end":{"line":15,"column":1}},"line":3},"1":{"name":"depsAreSame","decl":{"start":{"line":17,"column":9},"end":{"line":17,"column":20}},"loc":{"start":{"line":17,"column":59},"end":{"line":23,"column":1}},"line":17}},"branchMap":{"0":{"loc":{"start":{"line":9,"column":2},"end":{"line":13,"column":3}},"type":"if","locations":[{"start":{"line":9,"column":2},"end":{"line":13,"column":3}},{"start":{"line":9,"column":2},"end":{"line":13,"column":3}}],"line":9},"1":{"loc":{"start":{"line":9,"column":6},"end":{"line":9,"column":71}},"type":"binary-expr","locations":[{"start":{"line":9,"column":6},"end":{"line":9,"column":35}},{"start":{"line":9,"column":39},"end":{"line":9,"column":71}}],"line":9},"2":{"loc":{"start":{"line":18,"column":2},"end":{"line":18,"column":35}},"type":"if","locations":[{"start":{"line":18,"column":2},"end":{"line":18,"column":35}},{"start":{"line":18,"column":2},"end":{"line":18,"column":35}}],"line":18},"3":{"loc":{"start":{"line":20,"column":4},"end":{"line":20,"column":44}},"type":"if","locations":[{"start":{"line":20,"column":4},"end":{"line":20,"column":44}},{"start":{"line":20,"column":4},"end":{"line":20,"column":44}}],"line":20}},"s":{"0":0,"1":0,"2":0,"3":0,"4":0,"5":0,"6":0,"7":0,"8":0,"9":0,"10":0,"11":0},"f":{"0":0,"1":0},"b":{"0":[0,0],"1":[0,0],"2":[0,0],"3":[0,0]}}
,"/Users/netispysolutions003/Jitendra/Jitendra/nextjs_my_boiler/src/hooks/useDebounceFn.ts": {"path":"/Users/netispysolutions003/Jitendra/Jitendra/nextjs_my_boiler/src/hooks/useDebounceFn.ts","statementMap":{"0":{"start":{"line":14,"column":16},"end":{"line":14,"column":29}},"1":{"start":{"line":15,"column":2},"end":{"line":15,"column":20}},"2":{"start":{"line":17,"column":15},"end":{"line":17,"column":36}},"3":{"start":{"line":19,"column":20},"end":{"line":29,"column":3}},"4":{"start":{"line":21,"column":6},"end":{"line":27,"column":7}},"5":{"start":{"line":23,"column":10},"end":{"line":23,"column":39}},"6":{"start":{"line":31,"column":2},"end":{"line":35,"column":3}}},"fnMap":{"0":{"name":"useDebounceFn","decl":{"start":{"line":13,"column":9},"end":{"line":13,"column":22}},"loc":{"start":{"line":13,"column":71},"end":{"line":36,"column":1}},"line":13},"1":{"name":"(anonymous_1)","decl":{"start":{"line":20,"column":4},"end":{"line":20,"column":5}},"loc":{"start":{"line":21,"column":6},"end":{"line":27,"column":7}},"line":21},"2":{"name":"(anonymous_2)","decl":{"start":{"line":22,"column":9},"end":{"line":22,"column":10}},"loc":{"start":{"line":22,"column":29},"end":{"line":24,"column":9}},"line":22}},"branchMap":{"0":{"loc":{"start":{"line":17,"column":15},"end":{"line":17,"column":36}},"type":"binary-expr","locations":[{"start":{"line":17,"column":15},"end":{"line":17,"column":28}},{"start":{"line":17,"column":32},"end":{"line":17,"column":36}}],"line":17}},"s":{"0":0,"1":0,"2":0,"3":0,"4":0,"5":0,"6":0},"f":{"0":0,"1":0,"2":0},"b":{"0":[0,0]}}
,"/Users/netispysolutions003/Jitendra/Jitendra/nextjs_my_boiler/src/i18n/index.ts": {"path":"/Users/netispysolutions003/Jitendra/Jitendra/nextjs_my_boiler/src/i18n/index.ts","statementMap":{"0":{"start":{"line":6,"column":0},"end":{"line":21,"column":2}}},"fnMap":{},"branchMap":{},"s":{"0":0},"f":{},"b":{}}
,"/Users/netispysolutions003/Jitendra/Jitendra/nextjs_my_boiler/src/redux/index.ts": {"path":"/Users/netispysolutions003/Jitendra/Jitendra/nextjs_my_boiler/src/redux/index.ts","statementMap":{"0":{"start":{"line":12,"column":46},"end":{"line":15,"column":1}},"1":{"start":{"line":13,"column":16},"end":{"line":13,"column":64}},"2":{"start":{"line":14,"column":2},"end":{"line":14,"column":14}},"3":{"start":{"line":17,"column":23},"end":{"line":17,"column":64}}},"fnMap":{"0":{"name":"(anonymous_0)","decl":{"start":{"line":12,"column":46},"end":{"line":12,"column":47}},"loc":{"start":{"line":12,"column":52},"end":{"line":15,"column":1}},"line":12}},"branchMap":{},"s":{"0":0,"1":0,"2":0,"3":0},"f":{"0":0},"b":{}}
,"/Users/netispysolutions003/Jitendra/Jitendra/nextjs_my_boiler/src/redux/rootReducers.ts": {"path":"/Users/netispysolutions003/Jitendra/Jitendra/nextjs_my_boiler/src/redux/rootReducers.ts","statementMap":{"0":{"start":{"line":6,"column":20},"end":{"line":8,"column":2}},"1":{"start":{"line":12,"column":16},"end":{"line":19,"column":1}},"2":{"start":{"line":13,"column":2},"end":{"line":18,"column":3}},"3":{"start":{"line":15,"column":6},"end":{"line":15,"column":44}},"4":{"start":{"line":17,"column":6},"end":{"line":17,"column":39}}},"fnMap":{"0":{"name":"(anonymous_0)","decl":{"start":{"line":12,"column":16},"end":{"line":12,"column":17}},"loc":{"start":{"line":12,"column":52},"end":{"line":19,"column":1}},"line":12}},"branchMap":{"0":{"loc":{"start":{"line":13,"column":2},"end":{"line":18,"column":3}},"type":"switch","locations":[{"start":{"line":14,"column":4},"end":{"line":15,"column":44}},{"start":{"line":16,"column":4},"end":{"line":17,"column":39}}],"line":13}},"s":{"0":0,"1":0,"2":0,"3":0,"4":0},"f":{"0":0},"b":{"0":[0,0]}}
,"/Users/netispysolutions003/Jitendra/Jitendra/nextjs_my_boiler/src/redux/rootSagas.ts": {"path":"/Users/netispysolutions003/Jitendra/Jitendra/nextjs_my_boiler/src/redux/rootSagas.ts","statementMap":{"0":{"start":{"line":7,"column":2},"end":{"line":7,"column":80}}},"fnMap":{"0":{"name":"rootSaga","decl":{"start":{"line":6,"column":10},"end":{"line":6,"column":18}},"loc":{"start":{"line":6,"column":77},"end":{"line":8,"column":1}},"line":6}},"branchMap":{},"s":{"0":0},"f":{"0":0},"b":{}}
,"/Users/netispysolutions003/Jitendra/Jitendra/nextjs_my_boiler/src/redux/actions/boiler.ts": {"path":"/Users/netispysolutions003/Jitendra/Jitendra/nextjs_my_boiler/src/redux/actions/boiler.ts","statementMap":{"0":{"start":{"line":40,"column":2},"end":{"line":42,"column":3}},"1":{"start":{"line":41,"column":4},"end":{"line":41,"column":40}},"2":{"start":{"line":46,"column":2},"end":{"line":48,"column":3}},"3":{"start":{"line":47,"column":4},"end":{"line":47,"column":39}},"4":{"start":{"line":51,"column":2},"end":{"line":53,"column":3}},"5":{"start":{"line":52,"column":4},"end":{"line":52,"column":35}},"6":{"start":{"line":62,"column":2},"end":{"line":64,"column":3}},"7":{"start":{"line":63,"column":4},"end":{"line":63,"column":34}},"8":{"start":{"line":67,"column":2},"end":{"line":69,"column":3}},"9":{"start":{"line":68,"column":4},"end":{"line":68,"column":41}},"10":{"start":{"line":73,"column":2},"end":{"line":75,"column":3}},"11":{"start":{"line":74,"column":4},"end":{"line":74,"column":40}},"12":{"start":{"line":78,"column":2},"end":{"line":80,"column":3}},"13":{"start":{"line":79,"column":4},"end":{"line":79,"column":36}},"14":{"start":{"line":84,"column":2},"end":{"line":86,"column":3}},"15":{"start":{"line":85,"column":4},"end":{"line":85,"column":43}},"16":{"start":{"line":95,"column":2},"end":{"line":97,"column":3}},"17":{"start":{"line":96,"column":4},"end":{"line":96,"column":35}},"18":{"start":{"line":100,"column":2},"end":{"line":102,"column":3}},"19":{"start":{"line":101,"column":4},"end":{"line":101,"column":30}},"20":{"start":{"line":105,"column":2},"end":{"line":107,"column":3}},"21":{"start":{"line":106,"column":4},"end":{"line":106,"column":39}},"22":{"start":{"line":110,"column":2},"end":{"line":112,"column":3}},"23":{"start":{"line":111,"column":4},"end":{"line":111,"column":33}},"24":{"start":{"line":116,"column":2},"end":{"line":118,"column":3}},"25":{"start":{"line":117,"column":4},"end":{"line":117,"column":34}},"26":{"start":{"line":127,"column":2},"end":{"line":129,"column":3}},"27":{"start":{"line":128,"column":4},"end":{"line":128,"column":45}},"28":{"start":{"line":132,"column":2},"end":{"line":134,"column":3}},"29":{"start":{"line":133,"column":4},"end":{"line":133,"column":33}},"30":{"start":{"line":138,"column":2},"end":{"line":140,"column":3}},"31":{"start":{"line":139,"column":4},"end":{"line":139,"column":40}},"32":{"start":{"line":143,"column":2},"end":{"line":145,"column":3}},"33":{"start":{"line":144,"column":4},"end":{"line":144,"column":44}},"34":{"start":{"line":148,"column":2},"end":{"line":150,"column":3}},"35":{"start":{"line":149,"column":4},"end":{"line":149,"column":32}},"36":{"start":{"line":153,"column":2},"end":{"line":155,"column":3}},"37":{"start":{"line":154,"column":4},"end":{"line":154,"column":39}},"38":{"start":{"line":158,"column":2},"end":{"line":160,"column":3}},"39":{"start":{"line":159,"column":4},"end":{"line":159,"column":42}},"40":{"start":{"line":163,"column":2},"end":{"line":165,"column":3}},"41":{"start":{"line":164,"column":4},"end":{"line":164,"column":36}},"42":{"start":{"line":168,"column":2},"end":{"line":170,"column":3}},"43":{"start":{"line":169,"column":4},"end":{"line":169,"column":37}},"44":{"start":{"line":173,"column":2},"end":{"line":175,"column":3}},"45":{"start":{"line":174,"column":4},"end":{"line":174,"column":41}}},"fnMap":{"0":{"name":"addBoiler","decl":{"start":{"line":39,"column":16},"end":{"line":39,"column":25}},"loc":{"start":{"line":39,"column":49},"end":{"line":43,"column":1}},"line":39},"1":{"name":"(anonymous_1)","decl":{"start":{"line":40,"column":9},"end":{"line":40,"column":10}},"loc":{"start":{"line":40,"column":39},"end":{"line":42,"column":3}},"line":40},"2":{"name":"getBoiler","decl":{"start":{"line":45,"column":16},"end":{"line":45,"column":25}},"loc":{"start":{"line":45,"column":43},"end":{"line":49,"column":1}},"line":45},"3":{"name":"(anonymous_3)","decl":{"start":{"line":46,"column":9},"end":{"line":46,"column":10}},"loc":{"start":{"line":46,"column":39},"end":{"line":48,"column":3}},"line":46},"4":{"name":"getBoilerById","decl":{"start":{"line":50,"column":16},"end":{"line":50,"column":29}},"loc":{"start":{"line":50,"column":39},"end":{"line":54,"column":1}},"line":50},"5":{"name":"(anonymous_5)","decl":{"start":{"line":51,"column":9},"end":{"line":51,"column":10}},"loc":{"start":{"line":51,"column":39},"end":{"line":53,"column":3}},"line":51},"6":{"name":"deleteBoiler","decl":{"start":{"line":61,"column":16},"end":{"line":61,"column":28}},"loc":{"start":{"line":61,"column":38},"end":{"line":65,"column":1}},"line":61},"7":{"name":"(anonymous_7)","decl":{"start":{"line":62,"column":9},"end":{"line":62,"column":10}},"loc":{"start":{"line":62,"column":39},"end":{"line":64,"column":3}},"line":62},"8":{"name":"addService","decl":{"start":{"line":66,"column":16},"end":{"line":66,"column":26}},"loc":{"start":{"line":66,"column":50},"end":{"line":70,"column":1}},"line":66},"9":{"name":"(anonymous_9)","decl":{"start":{"line":67,"column":9},"end":{"line":67,"column":10}},"loc":{"start":{"line":67,"column":39},"end":{"line":69,"column":3}},"line":67},"10":{"name":"getService","decl":{"start":{"line":72,"column":16},"end":{"line":72,"column":26}},"loc":{"start":{"line":72,"column":44},"end":{"line":76,"column":1}},"line":72},"11":{"name":"(anonymous_11)","decl":{"start":{"line":73,"column":9},"end":{"line":73,"column":10}},"loc":{"start":{"line":73,"column":39},"end":{"line":75,"column":3}},"line":73},"12":{"name":"getServiceById","decl":{"start":{"line":77,"column":16},"end":{"line":77,"column":30}},"loc":{"start":{"line":77,"column":40},"end":{"line":81,"column":1}},"line":77},"13":{"name":"(anonymous_13)","decl":{"start":{"line":78,"column":9},"end":{"line":78,"column":10}},"loc":{"start":{"line":78,"column":39},"end":{"line":80,"column":3}},"line":78},"14":{"name":"getPostcodeByBoilerId","decl":{"start":{"line":83,"column":16},"end":{"line":83,"column":37}},"loc":{"start":{"line":83,"column":47},"end":{"line":87,"column":1}},"line":83},"15":{"name":"(anonymous_15)","decl":{"start":{"line":84,"column":9},"end":{"line":84,"column":10}},"loc":{"start":{"line":84,"column":39},"end":{"line":86,"column":3}},"line":84},"16":{"name":"deleteService","decl":{"start":{"line":94,"column":16},"end":{"line":94,"column":29}},"loc":{"start":{"line":94,"column":39},"end":{"line":98,"column":1}},"line":94},"17":{"name":"(anonymous_17)","decl":{"start":{"line":95,"column":9},"end":{"line":95,"column":10}},"loc":{"start":{"line":95,"column":39},"end":{"line":97,"column":3}},"line":95},"18":{"name":"getOptions","decl":{"start":{"line":99,"column":16},"end":{"line":99,"column":26}},"loc":{"start":{"line":99,"column":29},"end":{"line":103,"column":1}},"line":99},"19":{"name":"(anonymous_19)","decl":{"start":{"line":100,"column":9},"end":{"line":100,"column":10}},"loc":{"start":{"line":100,"column":39},"end":{"line":102,"column":3}},"line":100},"20":{"name":"addBrand","decl":{"start":{"line":104,"column":16},"end":{"line":104,"column":24}},"loc":{"start":{"line":104,"column":48},"end":{"line":108,"column":1}},"line":104},"21":{"name":"(anonymous_21)","decl":{"start":{"line":105,"column":9},"end":{"line":105,"column":10}},"loc":{"start":{"line":105,"column":39},"end":{"line":107,"column":3}},"line":105},"22":{"name":"deleteBrand","decl":{"start":{"line":109,"column":16},"end":{"line":109,"column":27}},"loc":{"start":{"line":109,"column":37},"end":{"line":113,"column":1}},"line":109},"23":{"name":"(anonymous_23)","decl":{"start":{"line":110,"column":9},"end":{"line":110,"column":10}},"loc":{"start":{"line":110,"column":39},"end":{"line":112,"column":3}},"line":110},"24":{"name":"getBrand","decl":{"start":{"line":115,"column":16},"end":{"line":115,"column":24}},"loc":{"start":{"line":115,"column":38},"end":{"line":119,"column":1}},"line":115},"25":{"name":"(anonymous_25)","decl":{"start":{"line":116,"column":9},"end":{"line":116,"column":10}},"loc":{"start":{"line":116,"column":39},"end":{"line":118,"column":3}},"line":116},"26":{"name":"addBoilerModel","decl":{"start":{"line":126,"column":16},"end":{"line":126,"column":30}},"loc":{"start":{"line":126,"column":54},"end":{"line":130,"column":1}},"line":126},"27":{"name":"(anonymous_27)","decl":{"start":{"line":127,"column":9},"end":{"line":127,"column":10}},"loc":{"start":{"line":127,"column":39},"end":{"line":129,"column":3}},"line":127},"28":{"name":"deleteModel","decl":{"start":{"line":131,"column":16},"end":{"line":131,"column":27}},"loc":{"start":{"line":131,"column":37},"end":{"line":135,"column":1}},"line":131},"29":{"name":"(anonymous_29)","decl":{"start":{"line":132,"column":9},"end":{"line":132,"column":10}},"loc":{"start":{"line":132,"column":39},"end":{"line":134,"column":3}},"line":132},"30":{"name":"getBoilerModel","decl":{"start":{"line":137,"column":16},"end":{"line":137,"column":30}},"loc":{"start":{"line":137,"column":44},"end":{"line":141,"column":1}},"line":137},"31":{"name":"(anonymous_31)","decl":{"start":{"line":138,"column":9},"end":{"line":138,"column":10}},"loc":{"start":{"line":138,"column":39},"end":{"line":140,"column":3}},"line":138},"32":{"name":"addBoilerType","decl":{"start":{"line":142,"column":16},"end":{"line":142,"column":29}},"loc":{"start":{"line":142,"column":53},"end":{"line":146,"column":1}},"line":142},"33":{"name":"(anonymous_33)","decl":{"start":{"line":143,"column":9},"end":{"line":143,"column":10}},"loc":{"start":{"line":143,"column":39},"end":{"line":145,"column":3}},"line":143},"34":{"name":"deleteType","decl":{"start":{"line":147,"column":16},"end":{"line":147,"column":26}},"loc":{"start":{"line":147,"column":36},"end":{"line":151,"column":1}},"line":147},"35":{"name":"(anonymous_35)","decl":{"start":{"line":148,"column":9},"end":{"line":148,"column":10}},"loc":{"start":{"line":148,"column":39},"end":{"line":150,"column":3}},"line":148},"36":{"name":"getBoilerType","decl":{"start":{"line":152,"column":16},"end":{"line":152,"column":29}},"loc":{"start":{"line":152,"column":43},"end":{"line":156,"column":1}},"line":152},"37":{"name":"(anonymous_37)","decl":{"start":{"line":153,"column":9},"end":{"line":153,"column":10}},"loc":{"start":{"line":153,"column":39},"end":{"line":155,"column":3}},"line":153},"38":{"name":"addFuelType","decl":{"start":{"line":157,"column":16},"end":{"line":157,"column":27}},"loc":{"start":{"line":157,"column":51},"end":{"line":161,"column":1}},"line":157},"39":{"name":"(anonymous_39)","decl":{"start":{"line":158,"column":9},"end":{"line":158,"column":10}},"loc":{"start":{"line":158,"column":39},"end":{"line":160,"column":3}},"line":158},"40":{"name":"deleteFuelType","decl":{"start":{"line":162,"column":16},"end":{"line":162,"column":30}},"loc":{"start":{"line":162,"column":40},"end":{"line":166,"column":1}},"line":162},"41":{"name":"(anonymous_41)","decl":{"start":{"line":163,"column":9},"end":{"line":163,"column":10}},"loc":{"start":{"line":163,"column":39},"end":{"line":165,"column":3}},"line":163},"42":{"name":"getFuelType","decl":{"start":{"line":167,"column":16},"end":{"line":167,"column":27}},"loc":{"start":{"line":167,"column":41},"end":{"line":171,"column":1}},"line":167},"43":{"name":"(anonymous_43)","decl":{"start":{"line":168,"column":9},"end":{"line":168,"column":10}},"loc":{"start":{"line":168,"column":39},"end":{"line":170,"column":3}},"line":168},"44":{"name":"getBoilerModels","decl":{"start":{"line":172,"column":16},"end":{"line":172,"column":31}},"loc":{"start":{"line":172,"column":45},"end":{"line":176,"column":1}},"line":172},"45":{"name":"(anonymous_45)","decl":{"start":{"line":173,"column":9},"end":{"line":173,"column":10}},"loc":{"start":{"line":173,"column":39},"end":{"line":175,"column":3}},"line":173}},"branchMap":{},"s":{"0":0,"1":0,"2":0,"3":0,"4":0,"5":0,"6":0,"7":0,"8":0,"9":0,"10":0,"11":0,"12":0,"13":0,"14":0,"15":0,"16":0,"17":0,"18":0,"19":0,"20":0,"21":0,"22":0,"23":0,"24":0,"25":0,"26":0,"27":0,"28":0,"29":0,"30":0,"31":0,"32":0,"33":0,"34":0,"35":0,"36":0,"37":0,"38":0,"39":0,"40":0,"41":0,"42":0,"43":0,"44":0,"45":0},"f":{"0":0,"1":0,"2":0,"3":0,"4":0,"5":0,"6":0,"7":0,"8":0,"9":0,"10":0,"11":0,"12":0,"13":0,"14":0,"15":0,"16":0,"17":0,"18":0,"19":0,"20":0,"21":0,"22":0,"23":0,"24":0,"25":0,"26":0,"27":0,"28":0,"29":0,"30":0,"31":0,"32":0,"33":0,"34":0,"35":0,"36":0,"37":0,"38":0,"39":0,"40":0,"41":0,"42":0,"43":0,"44":0,"45":0},"b":{}}
,"/Users/netispysolutions003/Jitendra/Jitendra/nextjs_my_boiler/src/redux/actions/index.ts": {"path":"/Users/netispysolutions003/Jitendra/Jitendra/nextjs_my_boiler/src/redux/actions/index.ts","statementMap":{},"fnMap":{},"branchMap":{},"s":{},"f":{},"b":{}}
,"/Users/netispysolutions003/Jitendra/Jitendra/nextjs_my_boiler/src/redux/actions/system.ts": {"path":"/Users/netispysolutions003/Jitendra/Jitendra/nextjs_my_boiler/src/redux/actions/system.ts","statementMap":{"0":{"start":{"line":11,"column":17},"end":{"line":11,"column":23}},"1":{"start":{"line":14,"column":2},"end":{"line":14,"column":29}},"2":{"start":{"line":21,"column":2},"end":{"line":37,"column":3}},"3":{"start":{"line":24,"column":8},"end":{"line":24,"column":18}},"4":{"start":{"line":26,"column":4},"end":{"line":28,"column":5}},"5":{"start":{"line":27,"column":6},"end":{"line":27,"column":38}},"6":{"start":{"line":30,"column":4},"end":{"line":36,"column":6}},"7":{"start":{"line":31,"column":6},"end":{"line":34,"column":7}},"8":{"start":{"line":32,"column":21},"end":{"line":32,"column":34}},"9":{"start":{"line":33,"column":8},"end":{"line":33,"column":44}},"10":{"start":{"line":35,"column":6},"end":{"line":35,"column":38}}},"fnMap":{"0":{"name":"setSystemInfo","decl":{"start":{"line":13,"column":16},"end":{"line":13,"column":29}},"loc":{"start":{"line":13,"column":46},"end":{"line":15,"column":1}},"line":13},"1":{"name":"getSystemInfo","decl":{"start":{"line":20,"column":16},"end":{"line":20,"column":29}},"loc":{"start":{"line":20,"column":32},"end":{"line":38,"column":1}},"line":20},"2":{"name":"(anonymous_2)","decl":{"start":{"line":21,"column":9},"end":{"line":21,"column":10}},"loc":{"start":{"line":21,"column":60},"end":{"line":37,"column":3}},"line":21},"3":{"name":"(anonymous_3)","decl":{"start":{"line":30,"column":39},"end":{"line":30,"column":40}},"loc":{"start":{"line":30,"column":53},"end":{"line":36,"column":5}},"line":30}},"branchMap":{"0":{"loc":{"start":{"line":13,"column":30},"end":{"line":13,"column":44}},"type":"default-arg","locations":[{"start":{"line":13,"column":42},"end":{"line":13,"column":44}}],"line":13},"1":{"loc":{"start":{"line":26,"column":4},"end":{"line":28,"column":5}},"type":"if","locations":[{"start":{"line":26,"column":4},"end":{"line":28,"column":5}},{"start":{"line":26,"column":4},"end":{"line":28,"column":5}}],"line":26},"2":{"loc":{"start":{"line":31,"column":6},"end":{"line":34,"column":7}},"type":"if","locations":[{"start":{"line":31,"column":6},"end":{"line":34,"column":7}},{"start":{"line":31,"column":6},"end":{"line":34,"column":7}}],"line":31}},"s":{"0":0,"1":0,"2":0,"3":0,"4":0,"5":0,"6":0,"7":0,"8":0,"9":0,"10":0},"f":{"0":0,"1":0,"2":0,"3":0},"b":{"0":[0],"1":[0,0],"2":[0,0]}}
[...]
line":322,"column":14},"end":{"line":322,"column":15}},"loc":{"start":{"line":323,"column":8},"end":{"line":332,"column":9}},"line":323},"30":{"name":"handleSearch","decl":{"start":{"line":336,"column":11},"end":{"line":336,"column":23}},"loc":{"start":{"line":336,"column":58},"end":{"line":345,"column":3}},"line":336},"31":{"name":"handleReset","decl":{"start":{"line":347,"column":11},"end":{"line":347,"column":22}},"loc":{"start":{"line":347,"column":37},"end":{"line":351,"column":3}},"line":347},"32":{"name":"(anonymous_32)","decl":{"start":{"line":378,"column":25},"end":{"line":378,"column":26}},"loc":{"start":{"line":378,"column":31},"end":{"line":378,"column":55}},"line":378},"33":{"name":"(anonymous_33)","decl":{"start":{"line":382,"column":29},"end":{"line":382,"column":30}},"loc":{"start":{"line":383,"column":20},"end":{"line":386,"column":51}},"line":383},"34":{"name":"(anonymous_34)","decl":{"start":{"line":388,"column":28},"end":{"line":388,"column":29}},"loc":{"start":{"line":389,"column":20},"end":{"line":389,"column":94}},"line":389}},"branchMap":{"0":{"loc":{"start":{"line":155,"column":26},"end":{"line":155,"column":58}},"type":"binary-expr","locations":[{"start":{"line":155,"column":26},"end":{"line":155,"column":49}},{"start":{"line":155,"column":53},"end":{"line":155,"column":58}}],"line":155},"1":{"loc":{"start":{"line":157,"column":19},"end":{"line":157,"column":55}},"type":"binary-expr","locations":[{"start":{"line":157,"column":19},"end":{"line":157,"column":46}},{"start":{"line":157,"column":50},"end":{"line":157,"column":55}}],"line":157},"2":{"loc":{"start":{"line":219,"column":36},"end":{"line":219,"column":78}},"type":"binary-expr","locations":[{"start":{"line":219,"column":36},"end":{"line":219,"column":69}},{"start":{"line":219,"column":73},"end":{"line":219,"column":78}}],"line":219},"3":{"loc":{"start":{"line":235,"column":19},"end":{"line":235,"column":50}},"type":"cond-expr","locations":[{"start":{"line":235,"column":29},"end":{"line":235,"column":37}},{"start":{"line":235,"column":40},"end":{"line":235,"column":50}}],"line":235},"4":{"loc":{"start":{"line":239,"column":6},"end":{"line":244,"column":7}},"type":"if","locations":[{"start":{"line":239,"column":6},"end":{"line":244,"column":7}},{"start":{"line":239,"column":6},"end":{"line":244,"column":7}}],"line":239},"5":{"loc":{"start":{"line":240,"column":25},"end":{"line":240,"column":60}},"type":"binary-expr","locations":[{"start":{"line":240,"column":25},"end":{"line":240,"column":28}},{"start":{"line":240,"column":32},"end":{"line":240,"column":40}},{"start":{"line":240,"column":44},"end":{"line":240,"column":60}}],"line":240},"6":{"loc":{"start":{"line":258,"column":4},"end":{"line":264,"column":5}},"type":"if","locations":[{"start":{"line":258,"column":4},"end":{"line":264,"column":5}},{"start":{"line":258,"column":4},"end":{"line":264,"column":5}}],"line":258},"7":{"loc":{"start":{"line":268,"column":6},"end":{"line":271,"column":7}},"type":"if","locations":[{"start":{"line":268,"column":6},"end":{"line":271,"column":7}},{"start":{"line":268,"column":6},"end":{"line":271,"column":7}}],"line":268},"8":{"loc":{"start":{"line":290,"column":43},"end":{"line":290,"column":81}},"type":"cond-expr","locations":[{"start":{"line":290,"column":60},"end":{"line":290,"column":76}},{"start":{"line":290,"column":79},"end":{"line":290,"column":81}}],"line":290},"9":{"loc":{"start":{"line":311,"column":40},"end":{"line":311,"column":72}},"type":"cond-expr","locations":[{"start":{"line":311,"column":51},"end":{"line":311,"column":60}},{"start":{"line":311,"column":63},"end":{"line":311,"column":72}}],"line":311},"10":{"loc":{"start":{"line":314,"column":8},"end":{"line":316,"column":14}},"type":"cond-expr","locations":[{"start":{"line":315,"column":12},"end":{"line":315,"column":84}},{"start":{"line":316,"column":12},"end":{"line":316,"column":14}}],"line":314},"11":{"loc":{"start":{"line":318,"column":8},"end":{"line":320,"column":9}},"type":"if","locations":[{"start":{"line":318,"column":8},"end":{"line":320,"column":9}},{"start":{"line":318,"column":8},"end":{"line":320,"column":9}}],"line":318},"12":{"loc":{"start":{"line":323,"column":8},"end":{"line":332,"column":9}},"type":"cond-expr","locations":[{"start":{"line":324,"column":10},"end":{"line":329,"column":12}},{"start":{"line":331,"column":10},"end":{"line":331,"column":14}}],"line":323},"13":{"loc":{"start":{"line":383,"column":37},"end":{"line":383,"column":72}},"type":"binary-expr","locations":[{"start":{"line":383,"column":37},"end":{"line":383,"column":40}},{"start":{"line":383,"column":44},"end":{"line":383,"column":52}},{"start":{"line":383,"column":56},"end":{"line":383,"column":72}}],"line":383}},"s":{"0":0,"1":0,"2":0,"3":0,"4":0,"5":0,"6":0,"7":0,"8":0,"9":0,"10":0,"11":0,"12":0,"13":0,"14":0,"15":0,"16":0,"17":0,"18":0,"19":0,"20":0,"21":0,"22":0,"23":0,"24":0,"25":0,"26":0,"27":0,"28":0,"29":0,"30":0,"31":0,"32":0,"33":0,"34":0,"35":0,"36":0,"37":0,"38":0,"39":0,"40":0,"41":0,"42":0,"43":0,"44":0,"45":0,"46":0,"47":0,"48":0,"49":0,"50":0,"51":0,"52":0,"53":0,"54":0,"55":0,"56":0,"57":0,"58":0,"59":0,"60":0,"61":0,"62":0,"63":0,"64":0,"65":0,"66":0,"67":0,"68":0,"69":0,"70":0,"71":0,"72":0,"73":0},"f":{"0":0,"1":0,"2":0,"3":0,"4":0,"5":0,"6":0,"7":0,"8":0,"9":0,"10":0,"11":0,"12":0,"13":0,"14":0,"15":0,"16":0,"17":0,"18":0,"19":0,"20":0,"21":0,"22":0,"23":0,"24":0,"25":0,"26":0,"27":0,"28":0,"29":0,"30":0,"31":0,"32":0,"33":0,"34":0},"b":{"0":[0,0],"1":[0,0],"2":[0,0],"3":[0,0],"4":[0,0],"5":[0,0,0],"6":[0,0],"7":[0,0],"8":[0,0],"9":[0,0],"10":[0,0],"11":[0,0],"12":[0,0],"13":[0,0,0]}}
,"/Users/netispysolutions003/Jitendra/Jitendra/nextjs_my_boiler/src/views/ManageBoilerBrands/components/modal/index.tsx": {"path":"/Users/netispysolutions003/Jitendra/Jitendra/nextjs_my_boiler/src/views/ManageBoilerBrands/components/modal/index.tsx","statementMap":{"0":{"start":{"line":17,"column":21},"end":{"line":17,"column":26}},"1":{"start":{"line":18,"column":21},"end":{"line":22,"column":1}},"2":{"start":{"line":24,"column":39},"end":{"line":153,"column":1}},"3":{"start":{"line":31,"column":17},"end":{"line":31,"column":31}},"4":{"start":{"line":32,"column":28},"end":{"line":32,"column":54}},"5":{"start":{"line":33,"column":40},"end":{"line":33,"column":52}},"6":{"start":{"line":34,"column":19},"end":{"line":34,"column":32}},"7":{"start":{"line":36,"column":4},"end":{"line":60,"column":5}},"8":{"start":{"line":37,"column":21},"end":{"line":37,"column":48}},"9":{"start":{"line":38,"column":22},"end":{"line":38,"column":44}},"10":{"start":{"line":39,"column":21},"end":{"line":42,"column":7}},"11":{"start":{"line":43,"column":6},"end":{"line":43,"column":50}},"12":{"start":{"line":48,"column":6},"end":{"line":57,"column":8}},"13":{"start":{"line":49,"column":8},"end":{"line":49,"column":53}},"14":{"start":{"line":50,"column":8},"end":{"line":56,"column":9}},"15":{"start":{"line":51,"column":10},"end":{"line":51,"column":28}},"16":{"start":{"line":55,"column":10},"end":{"line":55,"column":24}},"17":{"start":{"line":59,"column":6},"end":{"line":59,"column":24}},"18":{"start":{"line":63,"column":2},"end":{"line":70,"column":24}},"19":{"start":{"line":64,"column":4},"end":{"line":69,"column":5}},"20":{"start":{"line":65,"column":6},"end":{"line":68,"column":8}},"21":{"start":{"line":72,"column":2},"end":{"line":76,"column":15}},"22":{"start":{"line":73,"column":4},"end":{"line":75,"column":5}},"23":{"start":{"line":74,"column":6},"end":{"line":74,"column":24}},"24":{"start":{"line":78,"column":2},"end":{"line":152,"column":3}}},"fnMap":{"0":{"name":"(anonymous_0)","decl":{"start":{"line":24,"column":39},"end":{"line":24,"column":40}},"loc":{"start":{"line":30,"column":3},"end":{"line":153,"column":1}},"line":30},"1":{"name":"handleSubmitForm","decl":{"start":{"line":35,"column":17},"end":{"line":35,"column":33}},"loc":{"start":{"line":35,"column":36},"end":{"line":61,"column":3}},"line":35},"2":{"name":"(anonymous_2)","decl":{"start":{"line":48,"column":87},"end":{"line":48,"column":88}},"loc":{"start":{"line":48,"column":94},"end":{"line":57,"column":7}},"line":48},"3":{"name":"(anonymous_3)","decl":{"start":{"line":63,"column":12},"end":{"line":63,"column":13}},"loc":{"start":{"line":63,"column":18},"end":{"line":70,"column":3}},"line":63},"4":{"name":"(anonymous_4)","decl":{"start":{"line":72,"column":12},"end":{"line":72,"column":13}},"loc":{"start":{"line":72,"column":18},"end":{"line":76,"column":3}},"line":72}},"branchMap":{"0":{"loc":{"start":{"line":38,"column":22},"end":{"line":38,"column":44}},"type":"binary-expr","locations":[{"start":{"line":38,"column":22},"end":{"line":38,"column":29}},{"start":{"line":38,"column":33},"end":{"line":38,"column":44}}],"line":38},"1":{"loc":{"start":{"line":48,"column":24},"end":{"line":48,"column":51}},"type":"cond-expr","locations":[{"start":{"line":48,"column":36},"end":{"line":48,"column":42}},{"start":{"line":48,"column":45},"end":{"line":48,"column":51}}],"line":48},"2":{"loc":{"start":{"line":48,"column":53},"end":{"line":48,"column":79}},"type":"cond-expr","locations":[{"start":{"line":48,"column":65},"end":{"line":48,"column":71}},{"start":{"line":48,"column":74},"end":{"line":48,"column":79}}],"line":48},"3":{"loc":{"start":{"line":50,"column":8},"end":{"line":56,"column":9}},"type":"if","locations":[{"start":{"line":50,"column":8},"end":{"line":56,"column":9}},{"start":{"line":50,"column":8},"end":{"line":56,"column":9}}],"line":50},"4":{"loc":{"start":{"line":64,"column":4},"end":{"line":69,"column":5}},"type":"if","locations":[{"start":{"line":64,"column":4},"end":{"line":69,"column":5}},{"start":{"line":64,"column":4},"end":{"line":69,"column":5}}],"line":64},"5":{"loc":{"start":{"line":64,"column":8},"end":{"line":64,"column":39}},"type":"binary-expr","locations":[{"start":{"line":64,"column":8},"end":{"line":64,"column":15}},{"start":{"line":64,"column":19},"end":{"line":64,"column":26}},{"start":{"line":64,"column":30},"end":{"line":64,"column":39}}],"line":64},"6":{"loc":{"start":{"line":73,"column":4},"end":{"line":75,"column":5}},"type":"if","locations":[{"start":{"line":73,"column":4},"end":{"line":75,"column":5}},{"start":{"line":73,"column":4},"end":{"line":75,"column":5}}],"line":73},"7":{"loc":{"start":{"line":81,"column":18},"end":{"line":81,"column":44}},"type":"cond-expr","locations":[{"start":{"line":81,"column":30},"end":{"line":81,"column":36}},{"start":{"line":81,"column":39},"end":{"line":81,"column":44}}],"line":81},"8":{"loc":{"start":{"line":109,"column":26},"end":{"line":109,"column":50}},"type":"cond-expr","locations":[{"start":{"line":109,"column":38},"end":{"line":109,"column":43}},{"start":{"line":109,"column":46},"end":{"line":109,"column":50}}],"line":109},"9":{"loc":{"start":{"line":127,"column":26},"end":{"line":127,"column":50}},"type":"cond-expr","locations":[{"start":{"line":127,"column":38},"end":{"line":127,"column":43}},{"start":{"line":127,"column":46},"end":{"line":127,"column":50}}],"line":127}},"s":{"0":0,"1":0,"2":0,"3":0,"4":0,"5":0,"6":0,"7":0,"8":0,"9":0,"10":0,"11":0,"12":0,"13":0,"14":0,"15":0,"16":0,"17":0,"18":0,"19":0,"20":0,"21":0,"22":0,"23":0,"24":0},"f":{"0":0,"1":0,"2":0,"3":0,"4":0},"b":{"0":[0,0],"1":[0,0],"2":[0,0],"3":[0,0],"4":[0,0],"5":[0,0,0],"6":[0,0],"7":[0,0],"8":[0,0],"9":[0,0]}}
,"/Users/netispysolutions003/Jitendra/Jitendra/nextjs_my_boiler/src/views/login/index.tsx": {"path":"/Users/netispysolutions003/Jitendra/Jitendra/nextjs_my_boiler/src/views/login/index.tsx","statementMap":{"0":{"start":{"line":25,"column":24},"end":{"line":25,"column":26}},"1":{"start":{"line":27,"column":36},"end":{"line":222,"column":1}},"2":{"start":{"line":28,"column":28},"end":{"line":28,"column":32}},"3":{"start":{"line":32,"column":17},"end":{"line":32,"column":31}},"4":{"start":{"line":33,"column":32},"end":{"line":33,"column":47}},"5":{"start":{"line":34,"column":28},"end":{"line":34,"column":40}},"6":{"start":{"line":35,"column":32},"end":{"line":35,"column":47}},"7":{"start":{"line":36,"column":24},"end":{"line":39,"column":4}},"8":{"start":{"line":37,"column":16},"end":{"line":37,"column":75}},"9":{"start":{"line":38,"column":4},"end":{"line":38,"column":46}},"10":{"start":{"line":41,"column":23},"end":{"line":70,"column":3}},"11":{"start":{"line":42,"column":4},"end":{"line":69,"column":5}},"12":{"start":{"line":43,"column":21},"end":{"line":43,"column":48}},"13":{"start":{"line":44,"column":6},"end":{"line":44,"column":37}},"14":{"start":{"line":45,"column":6},"end":{"line":51,"column":7}},"15":{"start":{"line":46,"column":8},"end":{"line":49,"column":10}},"16":{"start":{"line":50,"column":8},"end":{"line":50,"column":20}},"17":{"start":{"line":52,"column":19},"end":{"line":52,"column":47}},"18":{"start":{"line":53,"column":6},"end":{"line":53,"column":22}},"19":{"start":{"line":54,"column":6},"end":{"line":66,"column":8}},"20":{"start":{"line":55,"column":8},"end":{"line":55,"column":25}},"21":{"start":{"line":56,"column":8},"end":{"line":61,"column":9}},"22":{"start":{"line":57,"column":10},"end":{"line":57,"column":32}},"23":{"start":{"line":58,"column":10},"end":{"line":58,"column":26}},"24":{"start":{"line":62,"column":8},"end":{"line":64,"column":9}},"25":{"start":{"line":63,"column":10},"end":{"line":63,"column":30}},"26":{"start":{"line":68,"column":6},"end":{"line":68,"column":22}},"27":{"start":{"line":72,"column":26},"end":{"line":81,"column":3}},"28":{"start":{"line":73,"column":20},"end":{"line":73,"column":47}},"29":{"start":{"line":74,"column":17},"end":{"line":74,"column":38}},"30":{"start":{"line":75,"column":4},"end":{"line":80,"column":6}},"31":{"start":{"line":76,"column":6},"end":{"line":79,"column":7}},"32":{"start":{"line":77,"column":25},"end":{"line":77,"column":38}},"33":{"start":{"line":78,"column":8},"end":{"line":78,"column":42}},"34":{"start":{"line":83,"column":2},"end":{"line":99,"column":67}},"35":{"start":{"line":84,"column":18},"end":{"line":84,"column":55}},"36":{"start":{"line":85,"column":29},"end":{"line":85,"column":34}},"37":{"start":{"line":87,"column":4},"end":{"line":90,"column":5}},"38":{"start":{"line":88,"column":6},"end":{"line":88,"column":64}},"39":{"start":{"line":89,"column":6},"end":{"line":89,"column":12}},"40":{"start":{"line":92,"column":4},"end":{"line":98,"column":5}},"41":{"start":{"line":93,"column":6},"end":{"line":97,"column":8}},"42":{"start":{"line":94,"column":8},"end":{"line":96,"column":9}},"43":{"start":{"line":95,"column":10},"end":{"line":95,"column":38}},"44":{"start":{"line":101,"column":2},"end":{"line":221,"column":3}},"45":{"start":{"line":159,"column":20},"end":{"line":159,"column":37}},"46":{"start":{"line":184,"column":20},"end":{"line":184,"column":37}},"47":{"start":{"line":185,"column":24},"end":{"line":185,"column":41}}},"fnMap":{"0":{"name":"(anonymous_0)","decl":{"start":{"line":27,"column":36},"end":{"line":27,"column":37}},"loc":{"start":{"line":27,"column":79},"end":{"line":222,"column":1}},"line":27},"1":{"name":"(anonymous_1)","decl":{"start":{"line":36,"column":33},"end":{"line":36,"column":34}},"loc":{"start":{"line":36,"column":39},"end":{"line":39,"column":3}},"line":36},"2":{"name":"(anonymous_2)","decl":{"start":{"line":41,"column":23},"end":{"line":41,"column":24}},"loc":{"start":{"line":41,"column":46},"end":{"line":70,"column":3}},"line":41},"3":{"name":"(anonymous_3)","decl":{"start":{"line":54,"column":33},"end":{"line":54,"column":34}},"loc":{"start":{"line":54,"column":47},"end":{"line":66,"column":7}},"line":54},"4":{"name":"(anonymous_4)","decl":{"start":{"line":72,"column":26},"end":{"line":72,"column":27}},"loc":{"start":{"line":72,"column":38},"end":{"line":81,"column":3}},"line":72},"5":{"name":"(anonymous_5)","decl":{"start":{"line":75,"column":40},"end":{"line":75,"column":41}},"loc":{"start":{"line":75,"column":54},"end":{"line":80,"column":5}},"line":75},"6":{"name":"(anonymous_6)","decl":{"start":{"line":83,"column":12},"end":{"line":83,"column":13}},"loc":{"start":{"line":83,"column":18},"end":{"line":99,"column":3}},"line":83},"7":{"name":"(anonymous_7)","decl":{"start":{"line":93,"column":51},"end":{"line":93,"column":52}},"loc":{"start":{"line":93,"column":58},"end":{"line":97,"column":7}},"line":93},"8":{"name":"(anonymous_8)","decl":{"start":{"line":158,"column":23},"end":{"line":158,"column":24}},"loc":{"start":{"line":158,"column":29},"end":{"line":160,"column":19}},"line":158},"9":{"name":"(anonymous_9)","decl":{"start":{"line":184,"column":14},"end":{"line":184,"column":15}},"loc":{"start":{"line":184,"column":20},"end":{"line":184,"column":37}},"line":184},"10":{"name":"(anonymous_10)","decl":{"start":{"line":185,"column":18},"end":{"line":185,"column":19}},"loc":{"start":{"line":185,"column":24},"end":{"line":185,"column":41}},"line":185}},"branchMap":{"0":{"loc":{"start":{"line":37,"column":25},"end":{"line":37,"column":52}},"type":"binary-expr","locations":[{"start":{"line":37,"column":25},"end":{"line":37,"column":33}},{"start":{"line":37,"column":37},"end":{"line":37,"column":52}}],"line":37},"1":{"loc":{"start":{"line":38,"column":11},"end":{"line":38,"column":46}},"type":"binary-expr","locations":[{"start":{"line":38,"column":11},"end":{"line":38,"column":14}},{"start":{"line":38,"column":18},"end":{"line":38,"column":46}}],"line":38},"2":{"loc":{"start":{"line":45,"column":6},"end":{"line":51,"column":7}},"type":"if","locations":[{"start":{"line":45,"column":6},"end":{"line":51,"column":7}},{"start":{"line":45,"column":6},"end":{"line":51,"column":7}}],"line":45},"3":{"loc":{"start":{"line":56,"column":8},"end":{"line":61,"column":9}},"type":"if","locations":[{"start":{"line":56,"column":8},"end":{"line":61,"column":9}},{"start":{"line":56,"column":8},"end":{"line":61,"column":9}}],"line":56},"4":{"loc":{"start":{"line":62,"column":8},"end":{"line":64,"column":9}},"type":"if","locations":[{"start":{"line":62,"column":8},"end":{"line":64,"column":9}},{"start":{"line":62,"column":8},"end":{"line":64,"column":9}}],"line":62},"5":{"loc":{"start":{"line":76,"column":6},"end":{"line":79,"column":7}},"type":"if","locations":[{"start":{"line":76,"column":6},"end":{"line":79,"column":7}},{"start":{"line":76,"column":6},"end":{"line":79,"column":7}}],"line":76},"6":{"loc":{"start":{"line":84,"column":27},"end":{"line":84,"column":54}},"type":"binary-expr","locations":[{"start":{"line":84,"column":27},"end":{"line":84,"column":35}},{"start":{"line":84,"column":39},"end":{"line":84,"column":54}}],"line":84},"7":{"loc":{"start":{"line":87,"column":4},"end":{"line":90,"column":5}},"type":"if","locations":[{"start":{"line":87,"column":4},"end":{"line":90,"column":5}},{"start":{"line":87,"column":4},"end":{"line":90,"column":5}}],"line":87},"8":{"loc":{"start":{"line":92,"column":4},"end":{"line":98,"column":5}},"type":"if","locations":[{"start":{"line":92,"column":4},"end":{"line":98,"column":5}},{"start":{"line":92,"column":4},"end":{"line":98,"column":5}}],"line":92},"9":{"loc":{"start":{"line":94,"column":8},"end":{"line":96,"column":9}},"type":"if","locations":[{"start":{"line":94,"column":8},"end":{"line":96,"column":9}},{"start":{"line":94,"column":8},"end":{"line":96,"column":9}}],"line":94},"10":{"loc":{"start":{"line":99,"column":15},"end":{"line":99,"column":42}},"type":"binary-expr","locations":[{"start":{"line":99,"column":15},"end":{"line":99,"column":23}},{"start":{"line":99,"column":27},"end":{"line":99,"column":42}}],"line":99}},"s":{"0":0,"1":0,"2":0,"3":0,"4":0,"5":0,"6":0,"7":0,"8":0,"9":0,"10":0,"11":0,"12":0,"13":0,"14":0,"15":0,"16":0,"17":0,"18":0,"19":0,"20":0,"21":0,"22":0,"23":0,"24":0,"25":0,"26":0,"27":0,"28":0,"29":0,"30":0,"31":0,"32":0,"33":0,"34":0,"35":0,"36":0,"37":0,"38":0,"39":0,"40":0,"41":0,"42":0,"43":0,"44":0,"45":0,"46":0,"47":0},"f":{"0":0,"1":0,"2":0,"3":0,"4":0,"5":0,"6":0,"7":0,"8":0,"9":0,"10":0},"b":{"0":[0,0],"1":[0,0],"2":[0,0],"3":[0,0],"4":[0,0],"5":[0,0],"6":[0,0],"7":[0,0],"8":[0,0],"9":[0,0],"10":[0,0]}}
}
