TN:
SF:server/api/articles.ts
FN:4,(anonymous_0)
FNF:1
FNH:0
FNDA:0,(anonymous_0)
DA:4,0
DA:5,0
LF:2
LH:0
BRF:0
BRH:0
end_of_record
TN:
SF:server/api/user.ts
FN:4,(anonymous_0)
FNF:1
FNH:0
FNDA:0,(anonymous_0)
DA:4,0
DA:5,0
LF:2
LH:0
BRF:0
BRH:0
end_of_record
TN:
SF:src/api/index.ts
FNF:0
FNH:0
DA:2,0
LF:1
LH:0
BRF:0
BRH:0
end_of_record
TN:
SF:src/components/Error/index.tsx
FN:37,(anonymous_0)
FNF:1
FNH:0
FNDA:0,(anonymous_0)
DA:7,0
DA:13,0
DA:21,0
DA:28,0
DA:37,0
DA:38,0
DA:39,0
LF:7
LH:0
BRF:0
BRH:0
end_of_record
TN:
SF:src/components/Layout/index.tsx
FN:39,(anonymous_0)
FNF:1
FNH:0
FNDA:0,(anonymous_0)
DA:7,0
DA:12,0
DA:39,0
DA:40,0
LF:4
LH:0
BRF:0
BRH:0
end_of_record
TN:
SF:src/components/Link/index.tsx
FN:14,(anonymous_0)
FN:27,(anonymous_1)
FNF:2
FNH:0
FNDA:0,(anonymous_0)
FNDA:0,(anonymous_1)
DA:14,0
DA:23,0
DA:24,0
DA:25,0
DA:27,0
DA:28,0
DA:29,0
DA:33,0
DA:34,0
DA:48,0
LF:10
LH:0
BRDA:25,0,0,0
BRDA:25,0,1,0
BRDA:28,1,0,0
BRDA:28,1,1,0
BRDA:33,2,0,0
BRDA:33,2,1,0
BRDA:33,3,0,0
BRDA:33,3,1,0
BRF:8
BRH:0
end_of_record
TN:
SF:src/components/avatar/index.tsx
FN:5,handleError
FN:9,(anonymous_1)
FNF:2
FNH:0
FNDA:0,handleError
FNDA:0,(anonymous_1)
DA:6,0
DA:9,0
DA:10,0
LF:3
LH:0
BRF:0
BRH:0
end_of_record
TN:
SF:src/components/common/Title.tsx
FNF:0
FNH:0
DA:3,0
LF:1
LH:0
BRF:0
BRH:0
end_of_record
TN:
SF:src/components/common/index.tsx
FNF:0
FNH:0
LF:0
LH:0
BRF:0
BRH:0
end_of_record
TN:
SF:src/components/exception/index.tsx
FN:27,(anonymous_0)
FNF:1
FNH:0
FNDA:0,(anonymous_0)
DA:12,0
DA:27,0
DA:28,0
LF:3
LH:0
BRDA:27,0,0,0
BRF:1
BRH:0
end_of_record
TN:
SF:src/components/footer/index.tsx
FN:8,(anonymous_0)
FNF:1
FNH:0
FNDA:0,(anonymous_0)
DA:6,0
DA:8,0
DA:9,0
LF:3
LH:0
BRF:0
BRH:0
end_of_record
TN:
SF:src/components/header/index.tsx
FN:37,(anonymous_0)
FN:49,(anonymous_1)
FN:54,(anonymous_2)
FN:55,(anonymous_3)
FN:58,(anonymous_4)
FN:72,(anonymous_5)
FN:82,(anonymous_6)
FN:100,handleFullscreen
FN:101,(anonymous_8)
FN:154,(anonymous_9)
FNF:10
FNH:0
FNDA:0,(anonymous_0)
FNDA:0,(anonymous_1)
FNDA:0,(anonymous_2)
FNDA:0,(anonymous_3)
FNDA:0,(anonymous_4)
FNDA:0,(anonymous_5)
FNDA:0,(anonymous_6)
FNDA:0,handleFullscreen
FNDA:0,(anonymous_8)
FNDA:0,(anonymous_9)
DA:26,0
DA:27,0
DA:36,0
DA:38,0
DA:49,0
DA:50,0
DA:51,0
DA:52,0
DA:54,0
DA:55,0
DA:56,0
DA:57,0
DA:58,0
DA:59,0
DA:60,0
DA:61,0
DA:63,0
DA:65,0
DA:66,0
DA:71,0
DA:73,0
DA:83,0
DA:101,0
DA:102,0
DA:103,0
DA:107,0
DA:154,0
DA:155,0
LF:28
LH:0
BRDA:56,0,0,0
BRDA:56,0,1,0
BRDA:60,1,0,0
BRDA:60,1,1,0
BRDA:80,2,0,0
BRDA:80,2,1,0
BRDA:102,3,0,0
BRDA:102,3,1,0
BRDA:110,4,0,0
BRDA:110,4,1,0
BRDA:131,5,0,0
BRDA:131,5,1,0
BRF:12
BRH:0
end_of_record
TN:
SF:src/components/header2/index.tsx
FN:14,(anonymous_0)
FN:16,(anonymous_1)
FN:21,(anonymous_2)
FN:31,(anonymous_3)
FN:34,(anonymous_4)
FN:42,(anonymous_5)
FN:47,(anonymous_6)
FNF:7
FNH:0
FNDA:0,(anonymous_0)
FNDA:0,(anonymous_1)
FNDA:0,(anonymous_2)
FNDA:0,(anonymous_3)
FNDA:0,(anonymous_4)
FNDA:0,(anonymous_5)
FNDA:0,(anonymous_6)
DA:9,0
DA:10,0
DA:11,0
DA:14,0
DA:15,0
DA:16,0
DA:17,0
DA:19,0
DA:21,0
DA:22,0
DA:26,0
DA:29,0
DA:30,0
DA:31,0
DA:32,0
DA:33,0
DA:34,0
DA:35,0
DA:39,0
DA:42,0
DA:43,0
DA:46,0
DA:47,0
DA:49,0
DA:53,0
LF:25
LH:0
BRDA:23,0,0,0
BRDA:23,0,1,0
BRDA:23,0,2,0
BRDA:23,0,3,0
BRDA:27,1,0,0
BRDA:27,1,1,0
BRDA:27,1,2,0
BRDA:27,1,3,0
BRDA:35,2,0,0
BRDA:35,2,1,0
BRDA:35,2,2,0
BRDA:156,3,0,0
BRDA:156,3,1,0
BRDA:182,4,0,0
BRDA:182,4,1,0
BRF:15
BRH:0
end_of_record
TN:
SF:src/components/loginFooter/index.tsx
FN:8,(anonymous_0)
FNF:1
FNH:0
FNDA:0,(anonymous_0)
DA:6,0
DA:8,0
DA:9,0
LF:3
LH:0
BRF:0
BRH:0
end_of_record
TN:
SF:src/components/loginHeader/index.tsx
FN:16,(anonymous_0)
FN:24,(anonymous_1)
FN:33,(anonymous_2)
FN:37,(anonymous_3)
FN:46,(anonymous_4)
FN:51,(anonymous_5)
FNF:6
FNH:0
FNDA:0,(anonymous_0)
FNDA:0,(anonymous_1)
FNDA:0,(anonymous_2)
FNDA:0,(anonymous_3)
FNDA:0,(anonymous_4)
FNDA:0,(anonymous_5)
DA:12,0
DA:16,0
DA:24,0
DA:25,0
DA:29,0
DA:32,0
DA:33,0
DA:34,0
DA:35,0
DA:36,0
DA:37,0
DA:38,0
DA:43,0
DA:46,0
DA:47,0
DA:50,0
DA:51,0
DA:53,0
DA:57,0
LF:19
LH:0
BRDA:26,0,0,0
BRDA:26,0,1,0
BRDA:26,0,2,0
BRDA:26,0,3,0
BRDA:30,1,0,0
BRDA:30,1,1,0
BRDA:30,1,2,0
BRDA:30,1,3,0
BRDA:35,2,0,0
BRDA:35,2,1,0
BRDA:36,3,0,0
BRDA:36,3,1,0
BRDA:38,4,0,0
BRDA:38,4,1,0
BRDA:38,4,2,0
BRF:15
BRH:0
end_of_record
TN:
SF:src/components/modalBodyClass/index.tsx
FN:3,(anonymous_0)
FNF:1
FNH:0
FNDA:0,(anonymous_0)
DA:3,0
DA:4,0
DA:5,0
DA:6,0
LF:4
LH:0
BRDA:5,0,0,0
BRDA:5,0,1,0
BRF:2
BRH:0
end_of_record
TN:
SF:src/components/modalBodyClass/useBodyClass.tsx
FN:6,(anonymous_0)
FN:7,(anonymous_1)
FN:9,useBodyClass
FN:10,(anonymous_3)
FN:12,(anonymous_4)
FNF:5
FNH:0
FNDA:0,(anonymous_0)
FNDA:0,(anonymous_1)
FNDA:0,useBodyClass
FNDA:0,(anonymous_3)
FNDA:0,(anonymous_4)
DA:6,0
DA:7,0
DA:10,0
DA:11,0
DA:12,0
DA:13,0
LF:6
LH:0
BRDA:11,0,0,0
BRDA:11,0,1,0
BRDA:13,1,0,0
BRDA:13,1,1,0
BRF:4
BRH:0
end_of_record
TN:
SF:src/components/no-data/index.tsx
FN:9,(anonymous_0)
FNF:1
FNH:0
FNDA:0,(anonymous_0)
DA:3,0
DA:9,0
DA:10,0
LF:3
LH:0
BRDA:9,0,0,0
BRF:1
BRH:0
end_of_record
TN:
SF:src/components/private-route/index.tsx
FN:18,(anonymous_0)
FN:28,(anonymous_1)
FN:62,(anonymous_2)
FN:81,(anonymous_3)
FN:86,(anonymous_4)
FN:105,(anonymous_5)
FNF:6
FNH:0
FNDA:0,(anonymous_0)
FNDA:0,(anonymous_1)
FNDA:0,(anonymous_2)
FNDA:0,(anonymous_3)
FNDA:0,(anonymous_4)
FNDA:0,(anonymous_5)
DA:18,0
DA:27,0
DA:28,0
DA:29,0
DA:30,0
DA:33,0
DA:35,0
DA:39,0
DA:40,0
DA:41,0
DA:43,0
DA:47,0
DA:53,0
DA:54,0
DA:56,0
DA:57,0
DA:59,0
DA:60,0
DA:62,0
DA:63,0
DA:64,0
DA:65,0
DA:67,0
DA:69,0
DA:71,0
DA:72,0
DA:74,0
DA:76,0
DA:79,0
DA:82,0
DA:87,0
DA:105,0
DA:106,0
DA:111,0
LF:34
LH:0
BRDA:27,0,0,0
BRDA:27,0,1,0
BRDA:29,1,0,0
BRDA:29,1,1,0
BRDA:39,2,0,0
BRDA:39,2,1,0
BRDA:40,3,0,0
BRDA:40,3,1,0
BRDA:53,4,0,0
BRDA:53,4,1,0
BRDA:56,5,0,0
BRDA:56,5,1,0
BRDA:63,6,0,0
BRDA:63,6,1,0
BRDA:64,7,0,0
BRDA:64,7,1,0
BRDA:71,8,0,0
BRDA:71,8,1,0
BRDA:71,9,0,0
BRDA:71,9,1,0
BRDA:74,10,0,0
BRDA:74,10,1,0
BRDA:82,11,0,0
BRDA:82,11,1,0
BRDA:84,12,0,0
BRDA:84,12,1,0
BRF:26
BRH:0
end_of_record
TN:
SF:src/components/sidebar/index.tsx
FN:14,(anonymous_0)
FN:18,handleOpenChange
FNF:2
FNH:0
FNDA:0,(anonymous_0)
FNDA:0,handleOpenChange
DA:9,0
DA:10,0
DA:14,0
DA:15,0
DA:16,0
DA:19,0
DA:45,0
LF:7
LH:0
BRF:0
BRH:0
end_of_record
TN:
SF:src/components/table/action-panel.tsx
FN:11,(anonymous_0)
FNF:1
FNH:0
FNDA:0,(anonymous_0)
DA:11,0
DA:16,0
DA:17,0
DA:19,0
LF:4
LH:0
BRDA:16,0,0,0
BRDA:16,0,1,0
BRDA:19,1,0,0
BRDA:19,1,1,0
BRDA:21,2,0,0
BRDA:21,2,1,0
BRDA:27,3,0,0
BRDA:27,3,1,0
BRF:8
BRH:0
end_of_record
TN:
SF:src/components/table/index.tsx
FN:46,showTotal
FN:50,(anonymous_1)
FN:64,(anonymous_2)
FN:76,(anonymous_3)
FN:93,(anonymous_4)
FN:109,(anonymous_5)
FN:122,(anonymous_6)
FN:129,onChange
FN:144,(anonymous_8)
FN:149,(anonymous_9)
FN:156,(anonymous_10)
FN:161,(anonymous_11)
FN:162,(anonymous_12)
FN:170,(anonymous_13)
FN:196,reloadTable
FN:202,(anonymous_15)
FN:213,(anonymous_16)
FN:227,(anonymous_17)
FN:259,(anonymous_18)
FNF:19
FNH:0
FNDA:0,showTotal
FNDA:0,(anonymous_1)
FNDA:0,(anonymous_2)
FNDA:0,(anonymous_3)
FNDA:0,(anonymous_4)
FNDA:0,(anonymous_5)
FNDA:0,(anonymous_6)
FNDA:0,onChange
FNDA:0,(anonymous_8)
FNDA:0,(anonymous_9)
FNDA:0,(anonymous_10)
FNDA:0,(anonymous_11)
FNDA:0,(anonymous_12)
FNDA:0,(anonymous_13)
FNDA:0,reloadTable
FNDA:0,(anonymous_15)
FNDA:0,(anonymous_16)
FNDA:0,(anonymous_17)
FNDA:0,(anonymous_18)
DA:29,0
DA:31,0
DA:47,0
DA:50,0
DA:60,0
DA:61,0
DA:63,0
DA:65,0
DA:66,0
DA:67,0
DA:68,0
DA:69,0
DA:75,0
DA:76,0
DA:85,0
DA:90,0
DA:92,0
DA:93,0
DA:94,0
DA:96,0
DA:97,0
DA:98,0
DA:100,0
DA:102,0
DA:103,0
DA:108,0
DA:110,0
DA:111,0
DA:123,0
DA:130,0
DA:131,0
DA:132,0
DA:141,0
DA:142,0
DA:143,0
DA:144,0
DA:145,0
DA:149,0
DA:150,0
DA:151,0
DA:153,0
DA:156,0
DA:157,0
DA:158,0
DA:161,0
DA:162,0
DA:163,0
DA:164,0
DA:165,0
DA:170,0
DA:171,0
DA:172,0
DA:197,0
DA:200,0
DA:201,0
DA:203,0
DA:207,0
DA:213,0
DA:227,0
DA:259,0
DA:260,0
LF:61
LH:0
BRDA:67,0,0,0
BRDA:67,0,1,0
BRDA:67,1,0,0
BRDA:67,1,1,0
BRDA:68,2,0,0
BRDA:68,2,1,0
BRDA:68,3,0,0
BRDA:68,3,1,0
BRDA:75,4,0,0
BRDA:75,4,1,0
BRDA:85,5,0,0
BRDA:85,5,1,0
BRDA:92,6,0,0
BRDA:92,6,1,0
BRDA:94,7,0,0
BRDA:94,7,1,0
BRDA:96,8,0,0
BRDA:96,8,1,0
BRDA:97,9,0,0
BRDA:97,9,1,0
BRDA:97,10,0,0
BRDA:97,10,1,0
BRDA:100,11,0,0
BRDA:100,11,1,0
BRDA:100,12,0,0
BRDA:100,12,1,0
BRDA:102,13,0,0
BRDA:102,13,1,0
BRDA:102,14,0,0
BRDA:102,14,1,0
BRDA:110,15,0,0
BRDA:110,15,1,0
BRDA:115,16,0,0
BRDA:115,16,1,0
BRDA:115,17,0,0
BRDA:115,17,1,0
BRDA:150,18,0,0
BRDA:150,18,1,0
BRDA:164,19,0,0
BRDA:164,19,1,0
BRDA:171,20,0,0
BRDA:171,20,1,0
BRDA:200,21,0,0
BRDA:200,21,1,0
BRDA:212,22,0,0
BRDA:212,22,1,0
BRDA:219,23,0,0
BRDA:219,23,1,0
BRDA:221,24,0,0
BRDA:221,24,1,0
BRDA:224,25,0,0
BRDA:224,25,1,0
BRF:52
BRH:0
end_of_record
TN:
SF:src/components/topbar/index.tsx
FN:10,(anonymous_0)
FN:12,(anonymous_1)
FN:18,(anonymous_2)
FN:23,(anonymous_3)
FN:26,(anonymous_4)
FN:34,(anonymous_5)
FNF:6
FNH:0
FNDA:0,(anonymous_0)
FNDA:0,(anonymous_1)
FNDA:0,(anonymous_2)
FNDA:0,(anonymous_3)
FNDA:0,(anonymous_4)
FNDA:0,(anonymous_5)
DA:8,0
DA:10,0
DA:11,0
DA:12,0
DA:13,0
DA:14,0
DA:16,0
DA:18,0
DA:19,0
DA:21,0
DA:22,0
DA:23,0
DA:24,0
DA:25,0
DA:26,0
DA:27,0
DA:31,0
DA:34,0
DA:35,0
DA:38,0
DA:41,0
DA:51,0
LF:22
LH:0
BRDA:27,0,0,0
BRDA:27,0,1,0
BRDA:27,0,2,0
BRDA:77,1,0,0
BRDA:77,1,1,0
BRF:5
BRH:0
end_of_record
TN:
SF:src/containers/ArticleContainer.tsx
FN:8,(anonymous_0)
FNF:1
FNH:0
FNDA:0,(anonymous_0)
DA:8,0
DA:9,0
LF:2
LH:0
BRF:0
BRH:0
end_of_record
TN:
SF:src/hooks/useCreation.ts
FN:3,useCreation
FN:17,depsAreSame
FNF:2
FNH:0
FNDA:0,useCreation
FNDA:0,depsAreSame
DA:4,0
DA:9,0
DA:10,0
DA:11,0
DA:12,0
DA:14,0
DA:18,0
DA:19,0
DA:20,0
DA:22,0
LF:10
LH:0
BRDA:9,0,0,0
BRDA:9,0,1,0
BRDA:9,1,0,0
BRDA:9,1,1,0
BRDA:18,2,0,0
BRDA:18,2,1,0
BRDA:20,3,0,0
BRDA:20,3,1,0
BRF:8
BRH:0
end_of_record
TN:
SF:src/hooks/useDebounceFn.ts
FN:13,useDebounceFn
FN:20,(anonymous_1)
FN:22,(anonymous_2)
FNF:3
FNH:0
FNDA:0,useDebounceFn
FNDA:0,(anonymous_1)
FNDA:0,(anonymous_2)
DA:14,0
DA:15,0
DA:17,0
DA:19,0
DA:21,0
DA:23,0
DA:31,0
LF:7
LH:0
BRDA:17,0,0,0
BRDA:17,0,1,0
BRF:2
BRH:0
end_of_record
TN:
SF:src/i18n/index.ts
FNF:0
FNH:0
DA:6,0
LF:1
LH:0
BRF:0
BRH:0
end_of_record
TN:
SF:src/redux/index.ts
FN:12,(anonymous_0)
FNF:1
FNH:0
FNDA:0,(anonymous_0)
DA:12,0
DA:13,0
DA:14,0
DA:17,0
LF:4
LH:0
BRF:0
BRH:0
end_of_record
TN:
SF:src/redux/rootReducers.ts
FN:12,(anonymous_0)
FNF:1
FNH:0
FNDA:0,(anonymous_0)
DA:6,0
DA:12,0
DA:13,0
DA:15,0
DA:17,0
LF:5
LH:0
BRDA:13,0,0,0
BRDA:13,0,1,0
BRF:2
BRH:0
end_of_record
TN:
SF:src/redux/rootSagas.ts
FN:6,rootSaga
FNF:1
FNH:0
FNDA:0,rootSaga
DA:7,0
LF:1
LH:0
BRF:0
BRH:0
end_of_record
TN:
SF:src/redux/actions/boiler.ts
FN:39,addBoiler
FN:40,(anonymous_1)
FN:45,getBoiler
FN:46,(anonymous_3)
FN:50,getBoilerById
FN:51,(anonymous_5)
FN:61,deleteBoiler
FN:62,(anonymous_7)
FN:66,addService
FN:67,(anonymous_9)
FN:72,getService
FN:73,(anonymous_11)
FN:77,getServiceById
FN:78,(anonymous_13)
FN:83,getPostcodeByBoilerId
FN:84,(anonymous_15)
FN:94,deleteService
FN:95,(anonymous_17)
FN:99,getOptions
FN:100,(anonymous_19)
FN:104,addBrand
FN:105,(anonymous_21)
FN:109,deleteBrand
FN:110,(anonymous_23)
FN:115,getBrand
FN:116,(anonymous_25)
FN:126,addBoilerModel
FN:127,(anonymous_27)
FN:131,deleteModel
FN:132,(anonymous_29)
FN:137,getBoilerModel
FN:138,(anonymous_31)
FN:142,addBoilerType
FN:143,(anonymous_33)
FN:147,deleteType
FN:148,(anonymous_35)
FN:152,getBoilerType
FN:153,(anonymous_37)
FN:157,addFuelType
FN:158,(anonymous_39)
FN:162,deleteFuelType
FN:163,(anonymous_41)
FN:167,getFuelType
FN:168,(anonymous_43)
FN:172,getBoilerModels
FN:173,(anonymous_45)
FNF:46
FNH:0
FNDA:0,addBoiler
FNDA:0,(anonymous_1)
FNDA:0,getBoiler
FNDA:0,(anonymous_3)
FNDA:0,getBoilerById
FNDA:0,(anonymous_5)
FNDA:0,deleteBoiler
FNDA:0,(anonymous_7)
FNDA:0,addService
FNDA:0,(anonymous_9)
FNDA:0,getService
FNDA:0,(anonymous_11)
FNDA:0,getServiceById
FNDA:0,(anonymous_13)
FNDA:0,getPostcodeByBoilerId
FNDA:0,(anonymous_15)
FNDA:0,deleteService
FNDA:0,(anonymous_17)
FNDA:0,getOptions
FNDA:0,(anonymous_19)
FNDA:0,addBrand
FNDA:0,(anonymous_21)
FNDA:0,deleteBrand
FNDA:0,(anonymous_23)
FNDA:0,getBrand
FNDA:0,(anonymous_25)
FNDA:0,addBoilerModel
FNDA:0,(anonymous_27)
FNDA:0,deleteModel
FNDA:0,(anonymous_29)
FNDA:0,getBoilerModel
FNDA:0,(anonymous_31)
FNDA:0,addBoilerType
FNDA:0,(anonymous_33)
FNDA:0,deleteType
FNDA:0,(anonymous_35)
FNDA:0,getBoilerType
FNDA:0,(anonymous_37)
FNDA:0,addFuelType
FNDA:0,(anonymous_39)
FNDA:0,deleteFuelType
FNDA:0,(anonymous_41)
FNDA:0,getFuelType
FNDA:0,(anonymous_43)
FNDA:0,getBoilerModels
FNDA:0,(anonymous_45)
DA:40,0
DA:41,0
DA:46,0
DA:47,0
DA:51,0
DA:52,0
DA:62,0
DA:63,0
DA:67,0
DA:68,0
DA:73,0
DA:74,0
DA:78,0
DA:79,0
DA:84,0
DA:85,0
DA:95,0
DA:96,0
DA:100,0
DA:101,0
DA:105,0
DA:106,0
DA:110,0
DA:111,0
DA:116,0
DA:117,0
DA:127,0
DA:128,0
DA:132,0
DA:133,0
DA:138,0
DA:139,0
DA:143,0
DA:144,0
DA:148,0
DA:149,0
DA:153,0
DA:154,0
DA:158,0
DA:159,0
DA:163,0
DA:164,0
DA:168,0
DA:169,0
DA:173,0
DA:174,0
LF:46
LH:0
BRF:0
BRH:0
end_of_record
TN:
SF:src/redux/actions/index.ts
FNF:0
FNH:0
LF:0
LH:0
BRF:0
BRH:0
end_of_record
TN:
SF:src/redux/actions/system.ts
FN:13,setSystemInfo
FN:20,getSystemInfo
FN:21,(anonymous_2)
FN:30,(anonymous_3)
FNF:4
FNH:0
FNDA:0,setSystemInfo
FNDA:0,getSystemInfo
FNDA:0,(anonymous_2)
FNDA:0,(anonymous_3)
DA:11,0
DA:14,0
DA:21,0
DA:24,0
DA:26,0
DA:27,0
DA:30,0
DA:31,0
DA:32,0
DA:33,0
DA:35,0
LF:11
LH:0
BRDA:13,0,0,0
BRDA:26,1,0,0
BRDA:26,1,1,0
BRDA:31,2,0,0
BRDA:31,2,1,0
BRF:5
BRH:0
end_of_record
TN:
SF:src/redux/actions/user.ts
FN:45,setUser
FN:52,addUser
FN:53,(anonymous_2)
FN:57,getPollNotification
FN:58,(anonymous_4)
FN:62,resetPassword
FN:63,(anonymous_6)
FN:68,deleteAvatar
FN:69,(anonymous_8)
FN:73,forgotPassword
FN:74,(anonymous_10)
FN:78,login
FN:79,(anonymous_12)
FN:83,getUsers
FN:84,(anonymous_14)
FN:88,getExportData
FN:89,(anonymous_16)
FN:94,deleteUser
FN:95,(anonymous_18)
FN:106,pollNotificationEdit
FN:107,(anonymous_20)
FN:112,getCommunity
FN:113,(anonymous_22)
FN:117,getRefCommunity
FN:118,(anonymous_24)
FN:123,getmembers
FN:124,(anonymous_26)
FN:128,getQues
FN:129,(anonymous_28)
FN:134,updateUserPass
FN:135,(anonymous_30)
FN:139,updateUser
FN:140,(anonymous_32)
FN:144,addToCommunity
FN:145,(anonymous_34)
FN:149,addToRefCommunity
FN:150,(anonymous_36)
FN:155,fileUpload
FN:156,(anonymous_38)
FN:161,getCurrentUser
FN:162,(anonymous_40)
FN:166,getCurrentUserS
FN:167,(anonymous_42)
FN:193,register
FN:194,(anonymous_44)
FN:206,addCommunity
FN:207,(anonymous_46)
FN:243,loginByToken
FN:244,(anonymous_48)
FN:245,(anonymous_49)
FN:258,logout
FN:259,(anonymous_51)
FN:293,githubAuthz
FN:301,validateLocalStatus
FN:312,verifyEmailAccount
FN:313,(anonymous_55)
FN:317,loginOtpVerify
FN:318,(anonymous_57)
FN:323,getEngineers
FN:324,(anonymous_59)
FNF:60
FNH:0
FNDA:0,setUser
FNDA:0,addUser
FNDA:0,(anonymous_2)
FNDA:0,getPollNotification
FNDA:0,(anonymous_4)
FNDA:0,resetPassword
FNDA:0,(anonymous_6)
FNDA:0,deleteAvatar
FNDA:0,(anonymous_8)
FNDA:0,forgotPassword
FNDA:0,(anonymous_10)
FNDA:0,login
FNDA:0,(anonymous_12)
FNDA:0,getUsers
FNDA:0,(anonymous_14)
FNDA:0,getExportData
FNDA:0,(anonymous_16)
FNDA:0,deleteUser
FNDA:0,(anonymous_18)
FNDA:0,pollNotificationEdit
FNDA:0,(anonymous_20)
FNDA:0,getCommunity
FNDA:0,(anonymous_22)
FNDA:0,getRefCommunity
FNDA:0,(anonymous_24)
FNDA:0,getmembers
FNDA:0,(anonymous_26)
FNDA:0,getQues
FNDA:0,(anonymous_28)
FNDA:0,updateUserPass
FNDA:0,(anonymous_30)
FNDA:0,updateUser
FNDA:0,(anonymous_32)
FNDA:0,addToCommunity
FNDA:0,(anonymous_34)
FNDA:0,addToRefCommunity
FNDA:0,(anonymous_36)
FNDA:0,fileUpload
FNDA:0,(anonymous_38)
FNDA:0,getCurrentUser
FNDA:0,(anonymous_40)
FNDA:0,getCurrentUserS
FNDA:0,(anonymous_42)
FNDA:0,register
FNDA:0,(anonymous_44)
FNDA:0,addCommunity
FNDA:0,(anonymous_46)
FNDA:0,loginByToken
FNDA:0,(anonymous_48)
FNDA:0,(anonymous_49)
FNDA:0,logout
FNDA:0,(anonymous_51)
FNDA:0,githubAuthz
FNDA:0,validateLocalStatus
FNDA:0,verifyEmailAccount
FNDA:0,(anonymous_55)
FNDA:0,loginOtpVerify
FNDA:0,(anonymous_57)
FNDA:0,getEngineers
FNDA:0,(anonymous_59)
DA:43,0
DA:47,0
DA:53,0
DA:54,0
DA:58,0
DA:59,0
DA:63,0
DA:64,0
DA:69,0
DA:70,0
DA:74,0
DA:75,0
DA:79,0
DA:80,0
DA:84,0
DA:85,0
DA:89,0
DA:90,0
DA:95,0
DA:96,0
DA:107,0
DA:108,0
DA:113,0
DA:114,0
DA:118,0
DA:119,0
DA:124,0
DA:125,0
DA:129,0
DA:130,0
DA:135,0
DA:136,0
DA:140,0
DA:141,0
DA:145,0
DA:146,0
DA:150,0
DA:151,0
DA:156,0
DA:157,0
DA:162,0
DA:163,0
DA:167,0
DA:168,0
DA:194,0
DA:195,0
DA:207,0
DA:208,0
DA:210,0
DA:244,0
DA:245,0
DA:246,0
DA:247,0
DA:248,0
DA:249,0
DA:251,0
DA:259,0
DA:260,0
DA:294,0
DA:295,0
DA:302,0
DA:303,0
DA:304,0
DA:305,0
DA:306,0
DA:309,0
DA:313,0
DA:314,0
DA:318,0
DA:319,0
DA:324,0
DA:325,0
LF:72
LH:0
BRDA:45,0,0,0
BRDA:246,1,0,0
BRDA:246,1,1,0
BRDA:305,2,0,0
BRDA:305,2,1,0
BRF:5
BRH:0
end_of_record
TN:
SF:src/redux/reducers/index.ts
FNF:0
FNH:0
LF:0
LH:0
BRF:0
BRH:0
end_of_record
TN:
SF:src/redux/reducers/system.ts
FN:41,system
FNF:1
FNH:0
FNDA:0,system
DA:9,0
DA:26,0
DA:42,0
DA:44,0
DA:45,0
DA:47,0
DA:48,0
DA:53,0
LF:8
LH:0
BRDA:41,0,0,0
BRDA:42,1,0,0
BRDA:42,1,1,0
BRDA:44,2,0,0
BRDA:44,2,1,0
BRF:5
BRH:0
end_of_record
TN:
SF:src/redux/reducers/user.ts
FN:63,user
FNF:1
FNH:0
FNDA:0,user
DA:9,0
DA:38,0
DA:64,0
DA:66,0
DA:69,0
DA:70,0
DA:72,0
DA:78,0
DA:81,0
LF:9
LH:0
BRDA:63,0,0,0
BRDA:64,1,0,0
BRDA:64,1,1,0
BRDA:69,2,0,0
BRDA:69,2,1,0
BRF:5
BRH:0
end_of_record
TN:
SF:src/redux/user/actions.ts
FN:30,(anonymous_0)
FN:35,(anonymous_1)
FN:40,(anonymous_2)
FNF:3
FNH:0
FNDA:0,(anonymous_0)
FNDA:0,(anonymous_1)
FNDA:0,(anonymous_2)
DA:30,0
DA:35,0
DA:40,0
LF:3
LH:0
BRF:0
BRH:0
end_of_record
TN:
SF:src/redux/user/index.ts
FNF:0
FNH:0
LF:0
LH:0
BRF:0
BRH:0
end_of_record
TN:
SF:src/redux/user/reducers.ts
FN:11,(anonymous_0)
FNF:1
FNH:0
FNDA:0,(anonymous_0)
DA:5,0
DA:11,0
DA:12,0
DA:14,0
DA:16,0
DA:22,0
DA:29,0
DA:35,0
LF:8
LH:0
BRDA:11,0,0,0
BRDA:14,1,0,0
BRDA:14,1,1,0
BRDA:14,1,2,0
BRDA:14,1,3,0
BRF:5
BRH:0
end_of_record
TN:
SF:src/redux/user/types.ts
FNF:0
FNH:0
LF:0
LH:0
BRF:0
BRH:0
end_of_record
TN:
SF:src/redux/user/saga/index.ts
FN:6,updateProfileRequest
FNF:1
FNH:0
FNDA:0,updateProfileRequest
DA:7,0
DA:8,0
DA:9,0
DA:10,0
DA:12,0
LF:5
LH:0
BRF:0
BRH:0
end_of_record
TN:
SF:src/router/constants.ts
FNF:0
FNH:0
DA:1,0
DA:8,0
LF:2
LH:0
BRF:0
BRH:0
end_of_record
TN:
SF:src/router/engineerRoutes.ts
FN:158,(anonymous_0)
FN:159,(anonymous_1)
FN:161,(anonymous_2)
FNF:3
FNH:0
FNDA:0,(anonymous_0)
FNDA:0,(anonymous_1)
FNDA:0,(anonymous_2)
DA:16,0
DA:158,0
DA:159,0
DA:161,0
DA:163,0
LF:5
LH:0
BRF:0
BRH:0
end_of_record
TN:
SF:src/router/index.tsx
FN:11,(anonymous_0)
FN:19,(anonymous_1)
FNF:2
FNH:0
FNDA:0,(anonymous_0)
FNDA:0,(anonymous_1)
DA:11,0
DA:12,0
DA:14,0
DA:16,0
DA:20,0
LF:5
LH:0
BRF:0
BRH:0
end_of_record
TN:
SF:src/router/routes.ts
FN:223,(anonymous_0)
FN:224,(anonymous_1)
FN:226,(anonymous_2)
FNF:3
FNH:0
FNDA:0,(anonymous_0)
FNDA:0,(anonymous_1)
FNDA:0,(anonymous_2)
DA:21,0
DA:223,0
DA:224,0
DA:226,0
DA:228,0
LF:5
LH:0
BRF:0
BRH:0
end_of_record
TN:
SF:src/services/boiler.ts
FN:8,(anonymous_0)
FN:16,(anonymous_1)
FN:45,(anonymous_2)
FN:97,(anonymous_3)
FN:126,(anonymous_4)
FN:156,(anonymous_5)
FN:188,(anonymous_6)
FN:241,(anonymous_7)
FN:273,(anonymous_8)
FN:305,(anonymous_9)
FN:338,(anonymous_10)
FN:370,(anonymous_11)
FN:408,(anonymous_12)
FN:437,(anonymous_13)
FN:481,(anonymous_14)
FN:512,(anonymous_15)
FN:542,(anonymous_16)
FN:587,(anonymous_17)
FN:619,(anonymous_18)
FN:649,(anonymous_19)
FN:694,(anonymous_20)
FN:831,(anonymous_21)
FN:862,(anonymous_22)
FN:885,(anonymous_23)
FNF:24
FNH:0
FNDA:0,(anonymous_0)
FNDA:0,(anonymous_1)
FNDA:0,(anonymous_2)
FNDA:0,(anonymous_3)
FNDA:0,(anonymous_4)
FNDA:0,(anonymous_5)
FNDA:0,(anonymous_6)
FNDA:0,(anonymous_7)
FNDA:0,(anonymous_8)
FNDA:0,(anonymous_9)
FNDA:0,(anonymous_10)
FNDA:0,(anonymous_11)
FNDA:0,(anonymous_12)
FNDA:0,(anonymous_13)
FNDA:0,(anonymous_14)
FNDA:0,(anonymous_15)
FNDA:0,(anonymous_16)
FNDA:0,(anonymous_17)
FNDA:0,(anonymous_18)
FNDA:0,(anonymous_19)
FNDA:0,(anonymous_20)
FNDA:0,(anonymous_21)
FNDA:0,(anonymous_22)
FNDA:0,(anonymous_23)
DA:8,0
DA:9,0
DA:16,0
DA:17,0
DA:18,0
DA:19,0
DA:20,0
DA:21,0
DA:23,0
DA:31,0
DA:33,0
DA:38,0
DA:40,0
DA:45,0
DA:46,0
DA:61,0
DA:62,0
DA:63,0
DA:64,0
DA:67,0
DA:82,0
DA:84,0
DA:89,0
DA:91,0
DA:97,0
DA:98,0
DA:99,0
DA:100,0
DA:101,0
DA:102,0
DA:104,0
DA:112,0
DA:114,0
DA:119,0
DA:121,0
DA:126,0
DA:127,0
DA:128,0
DA:130,0
DA:131,0
DA:132,0
DA:134,0
DA:141,0
DA:143,0
DA:148,0
DA:150,0
DA:156,0
DA:157,0
DA:158,0
DA:159,0
DA:160,0
DA:161,0
DA:163,0
DA:173,0
DA:175,0
DA:180,0
DA:182,0
DA:188,0
DA:189,0
DA:204,0
DA:205,0
DA:207,0
DA:208,0
DA:212,0
DA:226,0
DA:228,0
DA:233,0
DA:235,0
DA:241,0
DA:242,0
DA:243,0
DA:245,0
DA:247,0
DA:248,0
DA:251,0
DA:259,0
DA:261,0
DA:266,0
DA:268,0
DA:273,0
DA:274,0
DA:275,0
DA:277,0
DA:279,0
DA:280,0
DA:283,0
DA:290,0
DA:292,0
DA:297,0
DA:299,0
DA:305,0
DA:306,0
DA:307,0
DA:308,0
DA:310,0
DA:311,0
DA:314,0
DA:324,0
DA:326,0
DA:331,0
DA:333,0
DA:338,0
DA:339,0
DA:340,0
DA:341,0
DA:342,0
DA:343,0
DA:346,0
DA:356,0
DA:358,0
DA:363,0
DA:365,0
DA:370,0
DA:371,0
DA:372,0
DA:373,0
DA:374,0
DA:375,0
DA:379,0
DA:394,0
DA:396,0
DA:401,0
DA:403,0
DA:408,0
DA:409,0
DA:410,0
DA:411,0
DA:412,0
DA:413,0
DA:415,0
DA:423,0
DA:425,0
DA:430,0
DA:432,0
DA:437,0
DA:438,0
DA:439,0
DA:440,0
DA:441,0
DA:442,0
DA:445,0
DA:467,0
DA:469,0
DA:474,0
DA:476,0
DA:481,0
DA:482,0
DA:483,0
DA:484,0
DA:485,0
DA:486,0
DA:488,0
DA:498,0
DA:500,0
DA:505,0
DA:507,0
DA:512,0
DA:513,0
DA:514,0
DA:516,0
DA:517,0
DA:518,0
DA:520,0
DA:528,0
DA:530,0
DA:535,0
DA:537,0
DA:542,0
DA:543,0
DA:544,0
DA:546,0
DA:547,0
DA:548,0
DA:551,0
DA:573,0
DA:575,0
DA:580,0
DA:582,0
DA:587,0
DA:588,0
DA:589,0
DA:590,0
DA:591,0
DA:592,0
DA:594,0
DA:604,0
DA:606,0
DA:611,0
DA:613,0
DA:619,0
DA:620,0
DA:621,0
DA:623,0
DA:624,0
DA:625,0
DA:627,0
DA:635,0
DA:637,0
DA:642,0
DA:644,0
DA:649,0
DA:650,0
DA:651,0
DA:653,0
DA:654,0
DA:655,0
DA:658,0
DA:680,0
DA:682,0
DA:687,0
DA:689,0
DA:694,0
DA:695,0
DA:696,0
DA:697,0
DA:698,0
DA:699,0
DA:701,0
DA:711,0
DA:713,0
DA:718,0
DA:720,0
DA:831,0
DA:832,0
DA:833,0
DA:835,0
DA:836,0
DA:837,0
DA:840,0
DA:847,0
DA:849,0
DA:854,0
DA:856,0
DA:862,0
DA:863,0
DA:864,0
DA:866,0
DA:867,0
DA:874,0
DA:876,0
DA:877,0
DA:879,0
DA:885,0
DA:886,0
DA:887,0
DA:889,0
DA:890,0
DA:897,0
DA:899,0
DA:900,0
DA:902,0
LF:251
LH:0
BRDA:19,0,0,0
BRDA:19,0,1,0
BRDA:19,1,0,0
BRDA:19,1,1,0
BRDA:20,2,0,0
BRDA:20,2,1,0
BRDA:33,3,0,0
BRDA:33,3,1,0
BRDA:34,4,0,0
BRDA:34,4,1,0
BRDA:34,4,2,0
BRDA:34,4,3,0
BRDA:41,5,0,0
BRDA:41,5,1,0
BRDA:41,6,0,0
BRDA:41,6,1,0
BRDA:41,7,0,0
BRDA:41,7,1,0
BRDA:62,8,0,0
BRDA:62,8,1,0
BRDA:62,9,0,0
BRDA:62,9,1,0
BRDA:63,10,0,0
BRDA:63,10,1,0
BRDA:67,11,0,0
BRDA:67,11,1,0
BRDA:84,12,0,0
BRDA:84,12,1,0
BRDA:85,13,0,0
BRDA:85,13,1,0
BRDA:85,13,2,0
BRDA:85,13,3,0
BRDA:92,14,0,0
BRDA:92,14,1,0
BRDA:92,15,0,0
BRDA:92,15,1,0
BRDA:92,16,0,0
BRDA:92,16,1,0
BRDA:100,17,0,0
BRDA:100,17,1,0
BRDA:100,18,0,0
BRDA:100,18,1,0
BRDA:101,19,0,0
BRDA:101,19,1,0
BRDA:114,20,0,0
BRDA:114,20,1,0
BRDA:115,21,0,0
BRDA:115,21,1,0
BRDA:115,21,2,0
BRDA:115,21,3,0
BRDA:122,22,0,0
BRDA:122,22,1,0
BRDA:122,23,0,0
BRDA:122,23,1,0
BRDA:122,24,0,0
BRDA:122,24,1,0
BRDA:130,25,0,0
BRDA:130,25,1,0
BRDA:130,26,0,0
BRDA:130,26,1,0
BRDA:131,27,0,0
BRDA:131,27,1,0
BRDA:143,28,0,0
BRDA:143,28,1,0
BRDA:144,29,0,0
BRDA:144,29,1,0
BRDA:144,29,2,0
BRDA:144,29,3,0
BRDA:151,30,0,0
BRDA:151,30,1,0
BRDA:151,31,0,0
BRDA:151,31,1,0
BRDA:151,32,0,0
BRDA:151,32,1,0
BRDA:159,33,0,0
BRDA:159,33,1,0
BRDA:159,34,0,0
BRDA:159,34,1,0
BRDA:160,35,0,0
BRDA:160,35,1,0
BRDA:175,36,0,0
BRDA:175,36,1,0
BRDA:176,37,0,0
BRDA:176,37,1,0
BRDA:176,37,2,0
BRDA:176,37,3,0
BRDA:183,38,0,0
BRDA:183,38,1,0
BRDA:183,39,0,0
BRDA:183,39,1,0
BRDA:183,40,0,0
BRDA:183,40,1,0
BRDA:205,41,0,0
BRDA:205,41,1,0
BRDA:205,42,0,0
BRDA:205,42,1,0
BRDA:207,43,0,0
BRDA:207,43,1,0
BRDA:228,44,0,0
BRDA:228,44,1,0
BRDA:229,45,0,0
BRDA:229,45,1,0
BRDA:229,45,2,0
BRDA:229,45,3,0
BRDA:236,46,0,0
BRDA:236,46,1,0
BRDA:236,47,0,0
BRDA:236,47,1,0
BRDA:236,48,0,0
BRDA:236,48,1,0
BRDA:245,49,0,0
BRDA:245,49,1,0
BRDA:245,50,0,0
BRDA:245,50,1,0
BRDA:247,51,0,0
BRDA:247,51,1,0
BRDA:261,52,0,0
BRDA:261,52,1,0
BRDA:262,53,0,0
BRDA:262,53,1,0
BRDA:262,53,2,0
BRDA:262,53,3,0
BRDA:269,54,0,0
BRDA:269,54,1,0
BRDA:269,55,0,0
BRDA:269,55,1,0
BRDA:269,56,0,0
BRDA:269,56,1,0
BRDA:277,57,0,0
BRDA:277,57,1,0
BRDA:277,58,0,0
BRDA:277,58,1,0
BRDA:279,59,0,0
BRDA:279,59,1,0
BRDA:292,60,0,0
BRDA:292,60,1,0
BRDA:293,61,0,0
BRDA:293,61,1,0
BRDA:293,61,2,0
BRDA:293,61,3,0
BRDA:300,62,0,0
BRDA:300,62,1,0
BRDA:300,63,0,0
BRDA:300,63,1,0
BRDA:300,64,0,0
BRDA:300,64,1,0
BRDA:308,65,0,0
BRDA:308,65,1,0
BRDA:308,66,0,0
BRDA:308,66,1,0
BRDA:310,67,0,0
BRDA:310,67,1,0
BRDA:326,68,0,0
BRDA:326,68,1,0
BRDA:327,69,0,0
BRDA:327,69,1,0
BRDA:327,69,2,0
BRDA:327,69,3,0
BRDA:334,70,0,0
BRDA:334,70,1,0
BRDA:334,71,0,0
BRDA:334,71,1,0
BRDA:334,72,0,0
BRDA:334,72,1,0
BRDA:341,73,0,0
BRDA:341,73,1,0
BRDA:341,74,0,0
BRDA:341,74,1,0
BRDA:342,75,0,0
BRDA:342,75,1,0
BRDA:358,76,0,0
BRDA:358,76,1,0
BRDA:359,77,0,0
BRDA:359,77,1,0
BRDA:359,77,2,0
BRDA:359,77,3,0
BRDA:366,78,0,0
BRDA:366,78,1,0
BRDA:366,79,0,0
BRDA:366,79,1,0
BRDA:366,80,0,0
BRDA:366,80,1,0
BRDA:373,81,0,0
BRDA:373,81,1,0
BRDA:373,82,0,0
BRDA:373,82,1,0
BRDA:374,83,0,0
BRDA:374,83,1,0
BRDA:379,84,0,0
BRDA:379,84,1,0
BRDA:396,85,0,0
BRDA:396,85,1,0
BRDA:397,86,0,0
BRDA:397,86,1,0
BRDA:397,86,2,0
BRDA:397,86,3,0
BRDA:404,87,0,0
BRDA:404,87,1,0
BRDA:404,88,0,0
BRDA:404,88,1,0
BRDA:404,89,0,0
BRDA:404,89,1,0
BRDA:411,90,0,0
BRDA:411,90,1,0
BRDA:411,91,0,0
BRDA:411,91,1,0
BRDA:412,92,0,0
BRDA:412,92,1,0
BRDA:425,93,0,0
BRDA:425,93,1,0
BRDA:426,94,0,0
BRDA:426,94,1,0
BRDA:426,94,2,0
BRDA:426,94,3,0
BRDA:433,95,0,0
BRDA:433,95,1,0
BRDA:433,96,0,0
BRDA:433,96,1,0
BRDA:433,97,0,0
BRDA:433,97,1,0
BRDA:440,98,0,0
BRDA:440,98,1,0
BRDA:440,99,0,0
BRDA:440,99,1,0
BRDA:441,100,0,0
BRDA:441,100,1,0
BRDA:445,101,0,0
BRDA:445,101,1,0
BRDA:469,102,0,0
BRDA:469,102,1,0
BRDA:470,103,0,0
BRDA:470,103,1,0
BRDA:470,103,2,0
BRDA:470,103,3,0
BRDA:477,104,0,0
BRDA:477,104,1,0
BRDA:477,105,0,0
BRDA:477,105,1,0
BRDA:477,106,0,0
BRDA:477,106,1,0
BRDA:484,107,0,0
BRDA:484,107,1,0
BRDA:484,108,0,0
BRDA:484,108,1,0
BRDA:485,109,0,0
BRDA:485,109,1,0
BRDA:500,110,0,0
BRDA:500,110,1,0
BRDA:501,111,0,0
BRDA:501,111,1,0
BRDA:501,111,2,0
BRDA:501,111,3,0
BRDA:508,112,0,0
BRDA:508,112,1,0
BRDA:508,113,0,0
BRDA:508,113,1,0
BRDA:508,114,0,0
BRDA:508,114,1,0
BRDA:516,115,0,0
BRDA:516,115,1,0
BRDA:516,116,0,0
BRDA:516,116,1,0
BRDA:517,117,0,0
BRDA:517,117,1,0
BRDA:530,118,0,0
BRDA:530,118,1,0
BRDA:531,119,0,0
BRDA:531,119,1,0
BRDA:531,119,2,0
BRDA:531,119,3,0
BRDA:538,120,0,0
BRDA:538,120,1,0
BRDA:538,121,0,0
BRDA:538,121,1,0
BRDA:538,122,0,0
BRDA:538,122,1,0
BRDA:546,123,0,0
BRDA:546,123,1,0
BRDA:546,124,0,0
BRDA:546,124,1,0
BRDA:547,125,0,0
BRDA:547,125,1,0
BRDA:551,126,0,0
BRDA:551,126,1,0
BRDA:575,127,0,0
BRDA:575,127,1,0
BRDA:576,128,0,0
BRDA:576,128,1,0
BRDA:576,128,2,0
BRDA:576,128,3,0
BRDA:583,129,0,0
BRDA:583,129,1,0
BRDA:583,130,0,0
BRDA:583,130,1,0
BRDA:583,131,0,0
BRDA:583,131,1,0
BRDA:590,132,0,0
BRDA:590,132,1,0
BRDA:590,133,0,0
BRDA:590,133,1,0
BRDA:591,134,0,0
BRDA:591,134,1,0
BRDA:606,135,0,0
BRDA:606,135,1,0
BRDA:607,136,0,0
BRDA:607,136,1,0
BRDA:607,136,2,0
BRDA:607,136,3,0
BRDA:614,137,0,0
BRDA:614,137,1,0
BRDA:614,138,0,0
BRDA:614,138,1,0
BRDA:614,139,0,0
BRDA:614,139,1,0
BRDA:623,140,0,0
BRDA:623,140,1,0
BRDA:623,141,0,0
BRDA:623,141,1,0
BRDA:624,142,0,0
BRDA:624,142,1,0
BRDA:637,143,0,0
BRDA:637,143,1,0
BRDA:638,144,0,0
BRDA:638,144,1,0
BRDA:638,144,2,0
BRDA:638,144,3,0
BRDA:645,145,0,0
BRDA:645,145,1,0
BRDA:645,146,0,0
BRDA:645,146,1,0
BRDA:645,147,0,0
BRDA:645,147,1,0
BRDA:653,148,0,0
BRDA:653,148,1,0
BRDA:653,149,0,0
BRDA:653,149,1,0
BRDA:654,150,0,0
BRDA:654,150,1,0
BRDA:658,151,0,0
BRDA:658,151,1,0
BRDA:682,152,0,0
BRDA:682,152,1,0
BRDA:683,153,0,0
BRDA:683,153,1,0
BRDA:683,153,2,0
BRDA:683,153,3,0
BRDA:690,154,0,0
BRDA:690,154,1,0
BRDA:690,155,0,0
BRDA:690,155,1,0
BRDA:690,156,0,0
BRDA:690,156,1,0
BRDA:697,157,0,0
BRDA:697,157,1,0
BRDA:697,158,0,0
BRDA:697,158,1,0
BRDA:698,159,0,0
BRDA:698,159,1,0
BRDA:713,160,0,0
BRDA:713,160,1,0
BRDA:714,161,0,0
BRDA:714,161,1,0
BRDA:714,161,2,0
BRDA:714,161,3,0
BRDA:721,162,0,0
BRDA:721,162,1,0
BRDA:721,163,0,0
BRDA:721,163,1,0
BRDA:721,164,0,0
BRDA:721,164,1,0
BRDA:835,165,0,0
BRDA:835,165,1,0
BRDA:835,166,0,0
BRDA:835,166,1,0
BRDA:836,167,0,0
BRDA:836,167,1,0
BRDA:849,168,0,0
BRDA:849,168,1,0
BRDA:850,169,0,0
BRDA:850,169,1,0
BRDA:850,169,2,0
BRDA:850,169,3,0
BRDA:857,170,0,0
BRDA:857,170,1,0
BRDA:857,171,0,0
BRDA:857,171,1,0
BRDA:857,172,0,0
BRDA:857,172,1,0
BRDA:866,173,0,0
BRDA:866,173,1,0
BRDA:866,174,0,0
BRDA:866,174,1,0
BRDA:876,175,0,0
BRDA:876,175,1,0
BRDA:876,176,0,0
BRDA:876,176,1,0
BRDA:876,176,2,0
BRDA:880,177,0,0
BRDA:880,177,1,0
BRDA:880,178,0,0
BRDA:880,178,1,0
BRDA:880,179,0,0
BRDA:880,179,1,0
BRDA:889,180,0,0
BRDA:889,180,1,0
BRDA:889,181,0,0
BRDA:889,181,1,0
BRDA:899,182,0,0
BRDA:899,182,1,0
BRDA:899,183,0,0
BRDA:899,183,1,0
BRDA:899,183,2,0
BRDA:903,184,0,0
BRDA:903,184,1,0
BRDA:903,185,0,0
BRDA:903,185,1,0
BRDA:903,186,0,0
BRDA:903,186,1,0
BRF:418
BRH:0
end_of_record
TN:
SF:src/services/capitalFlow.ts
FN:5,serviceGetCapitalFlowType
FN:9,serviceDeleteCapitalFlowType
FN:15,serviceUpdateCapitalFlowType
FN:21,serviceCreateCapitalFlowType
FN:28,serviceGetCapitalFlow
FN:32,serviceDeleteCapitalFlow
FN:38,serviceUpdateCapitalFlow
FN:44,serviceCreateCapitalFlow
FN:48,serviceGetCapitalFlowPrice
FNF:9
FNH:0
FNDA:0,serviceGetCapitalFlowType
FNDA:0,serviceDeleteCapitalFlowType
FNDA:0,serviceUpdateCapitalFlowType
FNDA:0,serviceCreateCapitalFlowType
FNDA:0,serviceGetCapitalFlow
FNDA:0,serviceDeleteCapitalFlow
FNDA:0,serviceUpdateCapitalFlow
FNDA:0,serviceCreateCapitalFlow
FNDA:0,serviceGetCapitalFlowPrice
DA:6,0
DA:10,0
DA:16,0
DA:22,0
DA:29,0
DA:33,0
DA:39,0
DA:45,0
DA:49,0
LF:9
LH:0
BRF:0
BRH:0
end_of_record
TN:
SF:src/services/common.ts
FN:5,serviceGetPanelData
FNF:1
FNH:0
FNDA:0,serviceGetPanelData
DA:6,0
LF:1
LH:0
BRF:0
BRH:0
end_of_record
TN:
SF:src/services/firstPoll.tsx
FN:5,(anonymous_0)
FNF:1
FNH:0
FNDA:0,(anonymous_0)
DA:5,0
DA:7,0
DA:8,0
DA:12,0
DA:14,0
LF:5
LH:0
BRDA:14,0,0,0
BRDA:14,0,1,0
BRDA:14,1,0,0
BRDA:14,1,1,0
BRDA:14,1,2,0
BRDA:14,1,3,0
BRF:6
BRH:0
end_of_record
TN:
SF:src/services/index.ts
FNF:0
FNH:0
LF:0
LH:0
BRF:0
BRH:0
end_of_record
TN:
SF:src/services/innerMessage.ts
FN:5,serviceGetInnerMessage
FN:16,serviceUpdateInnerMessageHasRead
FNF:2
FNH:0
FNDA:0,serviceGetInnerMessage
FNDA:0,serviceUpdateInnerMessageHasRead
DA:6,0
DA:17,0
LF:2
LH:0
BRF:0
BRH:0
end_of_record
TN:
SF:src/services/memorandum.ts
FN:5,serviceCreateMemorandum
FN:12,serviceGetMemorandum
FN:19,serviceGetMemorandumById
FN:24,serviceDeleteMemorandum
FN:29,serviceUpdateMemorandum
FNF:5
FNH:0
FNDA:0,serviceCreateMemorandum
FNDA:0,serviceGetMemorandum
FNDA:0,serviceGetMemorandumById
FNDA:0,serviceDeleteMemorandum
FNDA:0,serviceUpdateMemorandum
DA:6,0
DA:13,0
DA:20,0
DA:25,0
DA:30,0
LF:5
LH:0
BRF:0
BRH:0
end_of_record
TN:
SF:src/services/reminder.ts
FN:5,serviceCreateReminder
FN:12,serviceGetReminder
FN:17,serviceDeleteReminder
FN:24,serviceUpdateReminder
FNF:4
FNH:0
FNDA:0,serviceCreateReminder
FNDA:0,serviceGetReminder
FNDA:0,serviceDeleteReminder
FNDA:0,serviceUpdateReminder
DA:6,0
DA:13,0
DA:18,0
DA:25,0
LF:4
LH:0
BRF:0
BRH:0
end_of_record
TN:
SF:src/services/system.ts
FN:5,serviceGetSystemInfo
FNF:1
FNH:0
FNDA:0,serviceGetSystemInfo
DA:6,0
LF:1
LH:0
BRF:0
BRH:0
end_of_record
TN:
SF:src/services/todayTask.ts
FN:5,serviceCreateTask
FN:12,serviceGetTask
FN:17,serviceDeleteTask
FN:22,serviceUpdateTask
FNF:4
FNH:0
FNDA:0,serviceCreateTask
FNDA:0,serviceGetTask
FNDA:0,serviceDeleteTask
FNDA:0,serviceUpdateTask
DA:6,0
DA:13,0
DA:18,0
DA:23,0
LF:4
LH:0
BRF:0
BRH:0
end_of_record
TN:
SF:src/services/todoList.ts
FN:5,serviceCreateTodoList
FN:14,serviceGetTodoList
FN:19,serviceDeleteTodoList
FN:26,serviceUpdateTodoList
FNF:4
FNH:0
FNDA:0,serviceCreateTodoList
FNDA:0,serviceGetTodoList
FNDA:0,serviceDeleteTodoList
FNDA:0,serviceUpdateTodoList
DA:6,0
DA:15,0
DA:20,0
DA:27,0
LF:4
LH:0
BRF:0
BRH:0
end_of_record
TN:
SF:src/services/user.ts
FN:12,(anonymous_0)
FN:20,(anonymous_1)
FN:33,(anonymous_2)
FN:46,(anonymous_3)
FN:60,(anonymous_4)
FN:91,(anonymous_5)
FN:112,(anonymous_6)
FN:135,(anonymous_7)
FN:157,(anonymous_8)
FN:178,(anonymous_9)
FN:200,(anonymous_10)
FN:226,(anonymous_11)
FN:248,(anonymous_12)
FN:269,(anonymous_13)
FN:290,(anonymous_14)
FN:312,(anonymous_15)
FN:334,(anonymous_16)
FN:356,(anonymous_17)
FN:377,(anonymous_18)
FN:398,(anonymous_19)
FN:419,(anonymous_20)
FN:484,(anonymous_21)
FN:506,(anonymous_22)
FN:519,(anonymous_23)
FN:541,serviceLoginByToken
FN:546,serviceLogout
FN:557,(anonymous_26)
FN:569,serviceUpdateUser
FN:575,serviceGetUserConfig
FN:578,serviceUpdateUserConfig
FN:584,(anonymous_30)
FN:598,(anonymous_31)
FN:612,(anonymous_32)
FNF:33
FNH:0
FNDA:0,(anonymous_0)
FNDA:0,(anonymous_1)
FNDA:0,(anonymous_2)
FNDA:0,(anonymous_3)
FNDA:0,(anonymous_4)
FNDA:0,(anonymous_5)
FNDA:0,(anonymous_6)
FNDA:0,(anonymous_7)
FNDA:0,(anonymous_8)
FNDA:0,(anonymous_9)
FNDA:0,(anonymous_10)
FNDA:0,(anonymous_11)
FNDA:0,(anonymous_12)
FNDA:0,(anonymous_13)
FNDA:0,(anonymous_14)
FNDA:0,(anonymous_15)
FNDA:0,(anonymous_16)
FNDA:0,(anonymous_17)
FNDA:0,(anonymous_18)
FNDA:0,(anonymous_19)
FNDA:0,(anonymous_20)
FNDA:0,(anonymous_21)
FNDA:0,(anonymous_22)
FNDA:0,(anonymous_23)
FNDA:0,serviceLoginByToken
FNDA:0,serviceLogout
FNDA:0,(anonymous_26)
FNDA:0,serviceUpdateUser
FNDA:0,serviceGetUserConfig
FNDA:0,serviceUpdateUserConfig
FNDA:0,(anonymous_30)
FNDA:0,(anonymous_31)
FNDA:0,(anonymous_32)
DA:12,0
DA:13,0
DA:20,0
DA:21,0
DA:22,0
DA:23,0
DA:28,0
DA:33,0
DA:34,0
DA:35,0
DA:36,0
DA:41,0
DA:46,0
DA:47,0
DA:48,0
DA:49,0
DA:54,0
DA:60,0
DA:61,0
DA:62,0
DA:63,0
DA:64,0
DA:65,0
DA:66,0
DA:71,0
DA:78,0
DA:81,0
DA:86,0
DA:91,0
DA:92,0
DA:93,0
DA:94,0
DA:95,0
DA:102,0
DA:107,0
DA:112,0
DA:113,0
DA:114,0
DA:115,0
DA:116,0
DA:117,0
DA:124,0
DA:129,0
DA:135,0
DA:136,0
DA:137,0
DA:138,0
DA:139,0
DA:146,0
DA:151,0
DA:157,0
DA:158,0
DA:159,0
DA:160,0
DA:161,0
DA:168,0
DA:173,0
DA:178,0
DA:179,0
DA:180,0
DA:181,0
DA:182,0
DA:189,0
DA:194,0
DA:200,0
DA:201,0
DA:202,0
DA:203,0
DA:204,0
DA:215,0
DA:220,0
DA:226,0
DA:227,0
DA:228,0
DA:229,0
DA:230,0
DA:231,0
DA:238,0
DA:243,0
DA:248,0
DA:249,0
DA:250,0
DA:251,0
DA:252,0
DA:259,0
DA:264,0
DA:269,0
DA:270,0
DA:271,0
DA:272,0
DA:273,0
DA:280,0
DA:285,0
DA:290,0
DA:291,0
DA:292,0
DA:293,0
DA:294,0
DA:301,0
DA:306,0
DA:312,0
DA:313,0
DA:314,0
DA:315,0
DA:316,0
DA:323,0
DA:328,0
DA:334,0
DA:335,0
DA:336,0
DA:337,0
DA:338,0
DA:345,0
DA:350,0
DA:356,0
DA:357,0
DA:358,0
DA:359,0
DA:360,0
DA:367,0
DA:372,0
DA:377,0
DA:378,0
DA:379,0
DA:380,0
DA:381,0
DA:388,0
DA:393,0
DA:398,0
DA:399,0
DA:400,0
DA:401,0
DA:402,0
DA:409,0
DA:414,0
DA:419,0
DA:420,0
DA:421,0
DA:422,0
DA:424,0
DA:446,0
DA:448,0
DA:449,0
DA:451,0
DA:484,0
DA:485,0
DA:486,0
DA:487,0
DA:488,0
DA:496,0
DA:501,0
DA:506,0
DA:507,0
DA:508,0
DA:509,0
DA:514,0
DA:519,0
DA:520,0
DA:521,0
DA:522,0
DA:523,0
DA:530,0
DA:535,0
DA:542,0
DA:547,0
DA:548,0
DA:550,0
DA:552,0
DA:553,0
DA:554,0
DA:557,0
DA:558,0
DA:559,0
DA:562,0
DA:563,0
DA:564,0
DA:566,0
DA:570,0
DA:576,0
DA:579,0
DA:584,0
DA:585,0
DA:586,0
DA:587,0
DA:592,0
DA:598,0
DA:599,0
DA:600,0
DA:601,0
DA:606,0
DA:612,0
DA:613,0
DA:614,0
DA:616,0
DA:617,0
DA:624,0
DA:626,0
DA:627,0
DA:629,0
LF:199
LH:0
BRDA:29,0,0,0
BRDA:29,0,1,0
BRDA:29,1,0,0
BRDA:29,1,1,0
BRDA:29,2,0,0
BRDA:29,2,1,0
BRDA:42,3,0,0
BRDA:42,3,1,0
BRDA:42,4,0,0
BRDA:42,4,1,0
BRDA:42,5,0,0
BRDA:42,5,1,0
BRDA:55,6,0,0
BRDA:55,6,1,0
BRDA:55,7,0,0
BRDA:55,7,1,0
BRDA:55,8,0,0
BRDA:55,8,1,0
BRDA:63,9,0,0
BRDA:63,9,1,0
BRDA:63,10,0,0
BRDA:63,10,1,0
BRDA:65,11,0,0
BRDA:65,11,1,0
BRDA:87,12,0,0
BRDA:87,12,1,0
BRDA:87,13,0,0
BRDA:87,13,1,0
BRDA:87,14,0,0
BRDA:87,14,1,0
BRDA:94,15,0,0
BRDA:94,15,1,0
BRDA:94,16,0,0
BRDA:94,16,1,0
BRDA:108,17,0,0
BRDA:108,17,1,0
BRDA:108,18,0,0
BRDA:108,18,1,0
BRDA:108,19,0,0
BRDA:108,19,1,0
BRDA:115,20,0,0
BRDA:115,20,1,0
BRDA:115,21,0,0
BRDA:115,21,1,0
BRDA:116,22,0,0
BRDA:116,22,1,0
BRDA:116,22,2,0
BRDA:130,23,0,0
BRDA:130,23,1,0
BRDA:130,24,0,0
BRDA:130,24,1,0
BRDA:130,25,0,0
BRDA:130,25,1,0
BRDA:138,26,0,0
BRDA:138,26,1,0
BRDA:138,27,0,0
BRDA:138,27,1,0
BRDA:152,28,0,0
BRDA:152,28,1,0
BRDA:152,29,0,0
BRDA:152,29,1,0
BRDA:152,30,0,0
BRDA:152,30,1,0
BRDA:160,31,0,0
BRDA:160,31,1,0
BRDA:160,32,0,0
BRDA:160,32,1,0
BRDA:174,33,0,0
BRDA:174,33,1,0
BRDA:174,34,0,0
BRDA:174,34,1,0
BRDA:174,35,0,0
BRDA:174,35,1,0
BRDA:181,36,0,0
BRDA:181,36,1,0
BRDA:181,37,0,0
BRDA:181,37,1,0
BRDA:195,38,0,0
BRDA:195,38,1,0
BRDA:195,39,0,0
BRDA:195,39,1,0
BRDA:195,40,0,0
BRDA:195,40,1,0
BRDA:203,41,0,0
BRDA:203,41,1,0
BRDA:203,42,0,0
BRDA:203,42,1,0
BRDA:221,43,0,0
BRDA:221,43,1,0
BRDA:221,44,0,0
BRDA:221,44,1,0
BRDA:221,45,0,0
BRDA:221,45,1,0
BRDA:229,46,0,0
BRDA:229,46,1,0
BRDA:229,47,0,0
BRDA:229,47,1,0
BRDA:230,48,0,0
BRDA:230,48,1,0
BRDA:230,48,2,0
BRDA:244,49,0,0
BRDA:244,49,1,0
BRDA:244,50,0,0
BRDA:244,50,1,0
BRDA:244,51,0,0
BRDA:244,51,1,0
BRDA:251,52,0,0
BRDA:251,52,1,0
BRDA:251,53,0,0
BRDA:251,53,1,0
BRDA:265,54,0,0
BRDA:265,54,1,0
BRDA:265,55,0,0
BRDA:265,55,1,0
BRDA:265,56,0,0
BRDA:265,56,1,0
BRDA:272,57,0,0
BRDA:272,57,1,0
BRDA:272,58,0,0
BRDA:272,58,1,0
BRDA:286,59,0,0
BRDA:286,59,1,0
BRDA:286,60,0,0
BRDA:286,60,1,0
BRDA:286,61,0,0
BRDA:286,61,1,0
BRDA:293,62,0,0
BRDA:293,62,1,0
BRDA:293,63,0,0
BRDA:293,63,1,0
BRDA:307,64,0,0
BRDA:307,64,1,0
BRDA:307,65,0,0
BRDA:307,65,1,0
BRDA:307,66,0,0
BRDA:307,66,1,0
BRDA:315,67,0,0
BRDA:315,67,1,0
BRDA:315,68,0,0
BRDA:315,68,1,0
BRDA:329,69,0,0
BRDA:329,69,1,0
BRDA:329,70,0,0
BRDA:329,70,1,0
BRDA:329,71,0,0
BRDA:329,71,1,0
BRDA:337,72,0,0
BRDA:337,72,1,0
BRDA:337,73,0,0
BRDA:337,73,1,0
BRDA:351,74,0,0
BRDA:351,74,1,0
BRDA:351,75,0,0
BRDA:351,75,1,0
BRDA:351,76,0,0
BRDA:351,76,1,0
BRDA:359,77,0,0
BRDA:359,77,1,0
BRDA:359,78,0,0
BRDA:359,78,1,0
BRDA:373,79,0,0
BRDA:373,79,1,0
BRDA:373,80,0,0
BRDA:373,80,1,0
BRDA:373,81,0,0
BRDA:373,81,1,0
BRDA:380,82,0,0
BRDA:380,82,1,0
BRDA:380,83,0,0
BRDA:380,83,1,0
BRDA:394,84,0,0
BRDA:394,84,1,0
BRDA:394,85,0,0
BRDA:394,85,1,0
BRDA:394,86,0,0
BRDA:394,86,1,0
BRDA:401,87,0,0
BRDA:401,87,1,0
BRDA:401,88,0,0
BRDA:401,88,1,0
BRDA:415,89,0,0
BRDA:415,89,1,0
BRDA:415,90,0,0
BRDA:415,90,1,0
BRDA:415,91,0,0
BRDA:415,91,1,0
BRDA:422,92,0,0
BRDA:422,92,1,0
BRDA:422,93,0,0
BRDA:422,93,1,0
BRDA:424,94,0,0
BRDA:424,94,1,0
BRDA:448,95,0,0
BRDA:448,95,1,0
BRDA:448,96,0,0
BRDA:448,96,1,0
BRDA:448,96,2,0
BRDA:452,97,0,0
BRDA:452,97,1,0
BRDA:452,98,0,0
BRDA:452,98,1,0
BRDA:452,99,0,0
BRDA:452,99,1,0
BRDA:487,100,0,0
BRDA:487,100,1,0
BRDA:487,101,0,0
BRDA:487,101,1,0
BRDA:502,102,0,0
BRDA:502,102,1,0
BRDA:502,103,0,0
BRDA:502,103,1,0
BRDA:502,104,0,0
BRDA:502,104,1,0
BRDA:515,105,0,0
BRDA:515,105,1,0
BRDA:515,106,0,0
BRDA:515,106,1,0
BRDA:515,107,0,0
BRDA:515,107,1,0
BRDA:522,108,0,0
BRDA:522,108,1,0
BRDA:522,109,0,0
BRDA:522,109,1,0
BRDA:536,110,0,0
BRDA:536,110,1,0
BRDA:536,111,0,0
BRDA:536,111,1,0
BRDA:536,112,0,0
BRDA:536,112,1,0
BRDA:558,113,0,0
BRDA:558,113,1,0
BRDA:593,114,0,0
BRDA:593,114,1,0
BRDA:593,115,0,0
BRDA:593,115,1,0
BRDA:593,116,0,0
BRDA:593,116,1,0
BRDA:607,117,0,0
BRDA:607,117,1,0
BRDA:607,118,0,0
BRDA:607,118,1,0
BRDA:607,119,0,0
BRDA:607,119,1,0
BRDA:616,120,0,0
BRDA:616,120,1,0
BRDA:616,121,0,0
BRDA:616,121,1,0
BRDA:626,122,0,0
BRDA:626,122,1,0
BRDA:626,123,0,0
BRDA:626,123,1,0
BRDA:626,123,2,0
BRDA:630,124,0,0
BRDA:630,124,1,0
BRDA:630,125,0,0
BRDA:630,125,1,0
BRDA:630,126,0,0
BRDA:630,126,1,0
BRF:258
BRH:0
end_of_record
TN:
SF:src/themes/BaseTheme.ts
FNF:0
FNH:0
DA:1,0
DA:23,0
LF:2
LH:0
BRF:0
BRH:0
end_of_record
TN:
SF:src/themes/index.ts
FN:3,(anonymous_0)
FNF:1
FNH:0
FNDA:0,(anonymous_0)
DA:3,0
DA:4,0
DA:11,0
LF:3
LH:0
BRDA:4,0,0,0
BRF:1
BRH:0
end_of_record
TN:
SF:src/utils/helper.ts
FN:11,totalPercentage
FN:19,modalConfirmDelete
FN:20,(anonymous_2)
FN:24,(anonymous_3)
FN:34,fullscreen
FN:52,exitFullscreen
FN:70,randomCode
FN:81,unAuthorized
FNF:8
FNH:0
FNDA:0,totalPercentage
FNDA:0,modalConfirmDelete
FNDA:0,(anonymous_2)
FNDA:0,(anonymous_3)
FNDA:0,fullscreen
FNDA:0,exitFullscreen
FNDA:0,randomCode
FNDA:0,unAuthorized
DA:4,0
DA:12,0
DA:20,0
DA:21,0
DA:25,0
DA:35,0
DA:36,0
DA:37,0
DA:38,0
DA:39,0
DA:40,0
DA:41,0
DA:42,0
DA:43,0
DA:44,0
DA:47,0
DA:53,0
DA:54,0
DA:55,0
DA:56,0
DA:57,0
DA:58,0
DA:59,0
DA:60,0
DA:61,0
DA:62,0
DA:65,0
DA:71,0
DA:73,0
DA:74,0
DA:75,0
DA:78,0
DA:82,0
DA:84,0
LF:34
LH:0
BRDA:37,0,0,0
BRDA:37,0,1,0
BRDA:39,1,0,0
BRDA:39,1,1,0
BRDA:41,2,0,0
BRDA:41,2,1,0
BRDA:43,3,0,0
BRDA:43,3,1,0
BRDA:55,4,0,0
BRDA:55,4,1,0
BRDA:57,5,0,0
BRDA:57,5,1,0
BRDA:59,6,0,0
BRDA:59,6,1,0
BRDA:61,7,0,0
BRDA:61,7,1,0
BRDA:70,8,0,0
BRF:17
BRH:0
end_of_record
TN:
SF:src/utils/http.ts
FN:9,handleError
FN:40,(anonymous_1)
FN:81,(anonymous_2)
FN:88,(anonymous_3)
FN:108,(anonymous_4)
FNF:5
FNH:0
FNDA:0,handleError
FNDA:0,(anonymous_1)
FNDA:0,(anonymous_2)
FNDA:0,(anonymous_3)
FNDA:0,(anonymous_4)
DA:6,0
DA:10,0
DA:12,0
DA:13,0
DA:14,0
DA:15,0
DA:19,0
DA:21,0
DA:29,0
DA:34,0
DA:35,0
DA:36,0
DA:37,0
DA:39,0
DA:41,0
DA:67,0
DA:69,0
DA:70,0
DA:71,0
DA:72,0
DA:75,0
DA:79,0
DA:82,0
DA:83,0
DA:87,0
DA:89,0
DA:90,0
DA:91,0
DA:92,0
DA:98,0
DA:99,0
DA:102,0
DA:103,0
DA:104,0
DA:106,0
DA:109,0
DA:110,0
LF:37
LH:0
BRDA:10,0,0,0
BRDA:10,0,1,0
BRDA:13,1,0,0
BRDA:13,1,1,0
BRDA:22,2,0,0
BRDA:22,2,1,0
BRDA:23,3,0,0
BRDA:23,3,1,0
BRDA:69,4,0,0
BRDA:69,4,1,0
BRDA:69,5,0,0
BRDA:69,5,1,0
BRDA:70,6,0,0
BRDA:70,6,1,0
BRDA:91,7,0,0
BRDA:91,7,1,0
BRDA:91,8,0,0
BRDA:91,8,1,0
BRDA:93,9,0,0
BRDA:93,9,1,0
BRDA:94,10,0,0
BRDA:94,10,1,0
BRDA:98,11,0,0
BRDA:98,11,1,0
BRDA:98,12,0,0
BRDA:98,12,1,0
BRDA:99,13,0,0
BRDA:99,13,1,0
BRDA:102,14,0,0
BRDA:102,14,1,0
BRDA:102,15,0,0
BRDA:102,15,1,0
BRF:32
BRH:0
end_of_record
TN:
SF:src/utils/notification.ts
FN:3,(anonymous_0)
FNF:1
FNH:0
FNDA:0,(anonymous_0)
DA:3,0
DA:4,0
LF:2
LH:0
BRF:0
BRH:0
end_of_record
TN:
SF:src/utils/request.ts
FN:9,(anonymous_0)
FN:10,(anonymous_1)
FN:14,(anonymous_2)
FN:15,(anonymous_3)
FNF:4
FNH:0
FNDA:0,(anonymous_0)
FNDA:0,(anonymous_1)
FNDA:0,(anonymous_2)
FNDA:0,(anonymous_3)
DA:3,0
DA:8,0
DA:9,0
DA:10,0
DA:13,0
DA:14,0
DA:15,0
LF:7
LH:0
BRF:0
BRH:0
end_of_record
TN:
SF:src/utils/url.ts
FN:3,(anonymous_0)
FNF:1
FNH:1
FNDA:5,(anonymous_0)
DA:3,1
DA:4,5
LF:2
LH:2
BRDA:4,0,0,5
BRDA:4,0,1,5
BRDA:4,0,2,5
BRF:3
BRH:3
end_of_record
TN:
SF:src/views/EditProfile/index.tsx
FN:57,(anonymous_0)
FN:62,(anonymous_1)
FN:111,(anonymous_2)
FN:115,(anonymous_3)
FN:125,(anonymous_4)
FN:129,(anonymous_5)
FN:133,(anonymous_6)
FN:146,(anonymous_7)
FN:151,(anonymous_8)
FN:155,(anonymous_9)
FN:187,(anonymous_10)
FN:202,(anonymous_11)
FN:225,(anonymous_12)
FN:228,(anonymous_13)
FN:240,(anonymous_14)
FN:521,(anonymous_15)
FN:522,(anonymous_16)
FNF:17
FNH:0
FNDA:0,(anonymous_0)
FNDA:0,(anonymous_1)
FNDA:0,(anonymous_2)
FNDA:0,(anonymous_3)
FNDA:0,(anonymous_4)
FNDA:0,(anonymous_5)
FNDA:0,(anonymous_6)
FNDA:0,(anonymous_7)
FNDA:0,(anonymous_8)
FNDA:0,(anonymous_9)
FNDA:0,(anonymous_10)
FNDA:0,(anonymous_11)
FNDA:0,(anonymous_12)
FNDA:0,(anonymous_13)
FNDA:0,(anonymous_14)
FNDA:0,(anonymous_15)
FNDA:0,(anonymous_16)
DA:50,0
DA:57,0
DA:62,0
DA:63,0
DA:66,0
DA:99,0
DA:102,0
DA:104,0
DA:105,0
DA:106,0
DA:107,0
DA:109,0
DA:111,0
DA:112,0
DA:113,0
DA:114,0
DA:115,0
DA:116,0
DA:117,0
DA:118,0
DA:122,0
DA:125,0
DA:126,0
DA:127,0
DA:128,0
DA:129,0
DA:130,0
DA:131,0
DA:132,0
DA:133,0
DA:134,0
DA:136,0
DA:141,0
DA:145,0
DA:146,0
DA:147,0
DA:148,0
DA:151,0
DA:152,0
DA:153,0
DA:155,0
DA:156,0
DA:157,0
DA:158,0
DA:159,0
DA:161,0
DA:163,0
DA:168,0
DA:169,0
DA:173,0
DA:183,0
DA:184,0
DA:185,0
DA:186,0
DA:187,0
DA:188,0
DA:189,0
DA:190,0
DA:191,0
DA:192,0
DA:193,0
DA:196,0
DA:199,0
DA:201,0
DA:202,0
DA:203,0
DA:223,0
DA:225,0
DA:226,0
DA:227,0
DA:228,0
DA:229,0
DA:230,0
DA:231,0
DA:232,0
DA:236,0
DA:240,0
DA:242,0
DA:245,0
DA:521,0
DA:523,0
DA:527,0
DA:529,0
LF:83
LH:0
BRDA:64,0,0,0
BRDA:64,0,1,0
BRDA:64,0,2,0
BRDA:64,0,3,0
BRDA:100,1,0,0
BRDA:100,1,1,0
BRDA:100,1,2,0
BRDA:100,1,3,0
BRDA:117,2,0,0
BRDA:117,2,1,0
BRDA:118,3,0,0
BRDA:118,3,1,0
BRDA:131,4,0,0
BRDA:131,4,1,0
BRDA:132,5,0,0
BRDA:132,5,1,0
BRDA:192,6,0,0
BRDA:192,6,1,0
BRDA:193,7,0,0
BRDA:193,7,1,0
BRDA:196,8,0,0
BRDA:196,8,1,0
BRDA:199,9,0,0
BRDA:199,9,1,0
BRDA:204,10,0,0
BRDA:204,10,1,0
BRDA:205,11,0,0
BRDA:205,11,1,0
BRDA:206,12,0,0
BRDA:206,12,1,0
BRDA:207,13,0,0
BRDA:207,13,1,0
BRDA:208,14,0,0
BRDA:208,14,1,0
BRDA:209,15,0,0
BRDA:209,15,1,0
BRDA:210,16,0,0
BRDA:210,16,1,0
BRDA:211,17,0,0
BRDA:211,17,1,0
BRDA:212,18,0,0
BRDA:212,18,1,0
BRDA:213,19,0,0
BRDA:213,19,1,0
BRDA:214,20,0,0
BRDA:214,20,1,0
BRDA:215,21,0,0
BRDA:215,21,1,0
BRDA:216,22,0,0
BRDA:216,22,1,0
BRDA:217,23,0,0
BRDA:217,23,1,0
BRDA:218,24,0,0
BRDA:218,24,1,0
BRDA:219,25,0,0
BRDA:219,25,1,0
BRDA:230,26,0,0
BRDA:230,26,1,0
BRDA:232,27,0,0
BRDA:232,27,1,0
BRDA:277,28,0,0
BRDA:277,28,1,0
BRDA:301,29,0,0
BRDA:301,29,1,0
BRDA:309,30,0,0
BRDA:309,30,1,0
BRDA:353,31,0,0
BRDA:353,31,1,0
BRDA:523,32,0,0
BRDA:523,32,1,0
BRDA:524,33,0,0
BRDA:524,33,1,0
BRDA:551,34,0,0
BRDA:551,34,1,0
BRDA:557,35,0,0
BRDA:557,35,1,0
BRDA:563,36,0,0
BRDA:563,36,1,0
BRDA:569,37,0,0
BRDA:569,37,1,0
BRF:80
BRH:0
end_of_record
TN:
SF:src/views/ManageBoilerBrands/index.tsx
FN:51,(anonymous_0)
FN:62,(anonymous_1)
FN:80,(anonymous_2)
FN:94,(anonymous_3)
FN:107,(anonymous_4)
FN:123,(anonymous_5)
FN:151,(anonymous_6)
FN:156,(anonymous_7)
FN:164,(anonymous_8)
FN:174,(anonymous_9)
FN:216,(anonymous_10)
FN:233,(anonymous_11)
FN:238,(anonymous_12)
FN:247,getCMSTableData
FN:248,(anonymous_14)
FN:249,(anonymous_15)
FN:257,handleActionButton
FN:266,(anonymous_17)
FN:274,initParams
FN:278,(anonymous_19)
FN:282,getColumnSearchProps
FN:284,(anonymous_21)
FN:290,(anonymous_22)
FN:291,(anonymous_23)
FN:297,(anonymous_24)
FN:304,(anonymous_25)
FN:310,(anonymous_26)
FN:313,(anonymous_27)
FN:317,(anonymous_28)
FN:322,(anonymous_29)
FN:336,handleSearch
FN:347,handleReset
FN:378,(anonymous_32)
FN:382,(anonymous_33)
FN:388,(anonymous_34)
FNF:35
FNH:0
FNDA:0,(anonymous_0)
FNDA:0,(anonymous_1)
FNDA:0,(anonymous_2)
FNDA:0,(anonymous_3)
FNDA:0,(anonymous_4)
FNDA:0,(anonymous_5)
FNDA:0,(anonymous_6)
FNDA:0,(anonymous_7)
FNDA:0,(anonymous_8)
FNDA:0,(anonymous_9)
FNDA:0,(anonymous_10)
FNDA:0,(anonymous_11)
FNDA:0,(anonymous_12)
FNDA:0,getCMSTableData
FNDA:0,(anonymous_14)
FNDA:0,(anonymous_15)
FNDA:0,handleActionButton
FNDA:0,(anonymous_17)
FNDA:0,initParams
FNDA:0,(anonymous_19)
FNDA:0,getColumnSearchProps
FNDA:0,(anonymous_21)
FNDA:0,(anonymous_22)
FNDA:0,(anonymous_23)
FNDA:0,(anonymous_24)
FNDA:0,(anonymous_25)
FNDA:0,(anonymous_26)
FNDA:0,(anonymous_27)
FNDA:0,(anonymous_28)
FNDA:0,(anonymous_29)
FNDA:0,handleSearch
FNDA:0,handleReset
FNDA:0,(anonymous_32)
FNDA:0,(anonymous_33)
FNDA:0,(anonymous_34)
DA:33,0
DA:35,0
DA:46,0
DA:51,0
DA:54,0
DA:55,0
DA:56,0
DA:58,0
DA:59,0
DA:60,0
DA:62,0
DA:63,0
DA:67,0
DA:81,0
DA:95,0
DA:108,0
DA:124,0
DA:152,0
DA:156,0
DA:165,0
DA:174,0
DA:216,0
DA:227,0
DA:229,0
DA:230,0
DA:231,0
DA:233,0
DA:234,0
DA:235,0
DA:236,0
DA:237,0
DA:238,0
DA:239,0
DA:240,0
DA:241,0
DA:242,0
DA:243,0
DA:248,0
DA:249,0
DA:250,0
DA:251,0
DA:253,0
DA:258,0
DA:259,0
DA:263,0
DA:265,0
DA:266,0
DA:267,0
DA:268,0
DA:269,0
DA:275,0
DA:278,0
DA:279,0
DA:283,0
DA:285,0
DA:290,0
DA:291,0
DA:297,0
DA:304,0
DA:311,0
DA:314,0
DA:318,0
DA:323,0
DA:337,0
DA:340,0
DA:341,0
DA:342,0
DA:343,0
DA:348,0
DA:349,0
DA:353,0
DA:378,0
DA:383,0
DA:389,0
LF:74
LH:0
BRDA:155,0,0,0
BRDA:155,0,1,0
BRDA:157,1,0,0
BRDA:157,1,1,0
BRDA:219,2,0,0
BRDA:219,2,1,0
BRDA:235,3,0,0
BRDA:235,3,1,0
BRDA:239,4,0,0
BRDA:239,4,1,0
BRDA:240,5,0,0
BRDA:240,5,1,0
BRDA:240,5,2,0
BRDA:258,6,0,0
BRDA:258,6,1,0
BRDA:268,7,0,0
BRDA:268,7,1,0
BRDA:290,8,0,0
BRDA:290,8,1,0
BRDA:311,9,0,0
BRDA:311,9,1,0
BRDA:314,10,0,0
BRDA:314,10,1,0
BRDA:318,11,0,0
BRDA:318,11,1,0
BRDA:323,12,0,0
BRDA:323,12,1,0
BRDA:383,13,0,0
BRDA:383,13,1,0
BRDA:383,13,2,0
BRF:30
BRH:0
end_of_record
TN:
SF:src/views/ManageBoilerBrands/components/modal/index.tsx
FN:24,(anonymous_0)
FN:35,handleSubmitForm
FN:48,(anonymous_2)
FN:63,(anonymous_3)
FN:72,(anonymous_4)
FNF:5
FNH:0
FNDA:0,(anonymous_0)
FNDA:0,handleSubmitForm
FNDA:0,(anonymous_2)
FNDA:0,(anonymous_3)
FNDA:0,(anonymous_4)
DA:17,0
DA:18,0
DA:24,0
DA:31,0
DA:32,0
DA:33,0
DA:34,0
DA:36,0
DA:37,0
DA:38,0
DA:39,0
DA:43,0
DA:48,0
DA:49,0
DA:50,0
DA:51,0
DA:55,0
DA:59,0
DA:63,0
DA:64,0
DA:65,0
DA:72,0
DA:73,0
DA:74,0
DA:78,0
LF:25
LH:0
BRDA:38,0,0,0
BRDA:38,0,1,0
BRDA:48,1,0,0
BRDA:48,1,1,0
BRDA:48,2,0,0
BRDA:48,2,1,0
BRDA:50,3,0,0
BRDA:50,3,1,0
BRDA:64,4,0,0
BRDA:64,4,1,0
BRDA:64,5,0,0
BRDA:64,5,1,0
BRDA:64,5,2,0
BRDA:73,6,0,0
BRDA:73,6,1,0
BRDA:81,7,0,0
BRDA:81,7,1,0
BRDA:109,8,0,0
BRDA:109,8,1,0
BRDA:127,9,0,0
BRDA:127,9,1,0
BRF:21
BRH:0
end_of_record
TN:
SF:src/views/login/index.tsx
FN:27,(anonymous_0)
FN:36,(anonymous_1)
FN:41,(anonymous_2)
FN:54,(anonymous_3)
FN:72,(anonymous_4)
FN:75,(anonymous_5)
FN:83,(anonymous_6)
FN:93,(anonymous_7)
FN:158,(anonymous_8)
FN:184,(anonymous_9)
FN:185,(anonymous_10)
FNF:11
FNH:0
FNDA:0,(anonymous_0)
FNDA:0,(anonymous_1)
FNDA:0,(anonymous_2)
FNDA:0,(anonymous_3)
FNDA:0,(anonymous_4)
FNDA:0,(anonymous_5)
FNDA:0,(anonymous_6)
FNDA:0,(anonymous_7)
FNDA:0,(anonymous_8)
FNDA:0,(anonymous_9)
FNDA:0,(anonymous_10)
DA:25,0
DA:27,0
DA:28,0
DA:32,0
DA:33,0
DA:34,0
DA:35,0
DA:36,0
DA:37,0
DA:38,0
DA:41,0
DA:42,0
DA:43,0
DA:44,0
DA:45,0
DA:46,0
DA:50,0
DA:52,0
DA:53,0
DA:54,0
DA:55,0
DA:56,0
DA:57,0
DA:58,0
DA:62,0
DA:63,0
DA:68,0
DA:72,0
DA:73,0
DA:74,0
DA:75,0
DA:76,0
DA:77,0
DA:78,0
DA:83,0
DA:84,0
DA:85,0
DA:87,0
DA:88,0
DA:89,0
DA:92,0
DA:93,0
DA:94,0
DA:95,0
DA:101,0
DA:159,0
DA:184,0
DA:185,0
LF:48
LH:0
BRDA:37,0,0,0
BRDA:37,0,1,0
BRDA:38,1,0,0
BRDA:38,1,1,0
BRDA:45,2,0,0
BRDA:45,2,1,0
BRDA:56,3,0,0
BRDA:56,3,1,0
BRDA:62,4,0,0
BRDA:62,4,1,0
BRDA:76,5,0,0
BRDA:76,5,1,0
BRDA:84,6,0,0
BRDA:84,6,1,0
BRDA:87,7,0,0
BRDA:87,7,1,0
BRDA:92,8,0,0
BRDA:92,8,1,0
BRDA:94,9,0,0
BRDA:94,9,1,0
BRDA:99,10,0,0
BRDA:99,10,1,0
BRF:22
BRH:0
end_of_record
